09:28:14.551 [main                     ] DEBUG Logger               - Configured Logger
09:28:14.576 [main                     ] DEBUG GameApplication      - Logging settings
Title: CellScape
Version: 0.0
Width: 3000
Height: 3000
Fullscreen: false
Intro: false
Profiling: false
Single step:false
App Mode: DEVELOPER
Menu Key: ESCAPE
Stage Style: DECORATED
Scene Factory: class com.almasb.fxgl.app.scene.SceneFactory

09:28:15.312 [JavaFX Application Thread] DEBUG FXGLApplication      - Initializing FXGL
09:28:15.315 [JavaFX Application Thread] INFO  Engine               - FXGL-11.17 (16.07.2021 15.53) on MAC (J:11.0.12 FX:16)
09:28:15.316 [JavaFX Application Thread] DEBUG Engine               - JRE Vendor Name: Amazon.com Inc.
09:28:15.316 [JavaFX Application Thread] DEBUG Engine               - Running on OS: Mac OS X version 11.5.2
09:28:15.316 [JavaFX Application Thread] DEBUG Engine               - Architecture: x86_64
09:28:15.316 [JavaFX Application Thread] INFO  Engine               - Source code and latest versions at: https://github.com/AlmasB/FXGL
09:28:15.316 [JavaFX Application Thread] INFO  Engine               -              Join the FXGL chat at: https://gitter.im/AlmasB/FXGL
09:28:15.527 [JavaFX Application Thread] DEBUG PrimaryStageWindow   - Creating a JavaFX scene
09:28:15.527 [JavaFX Application Thread] DEBUG PrimaryStageWindow   - Target size > screen size
09:28:15.615 [JavaFX Application Thread] DEBUG PrimaryStageWindow   - Target settings size: 3000.0 x 3000.0
09:28:15.616 [JavaFX Application Thread] DEBUG PrimaryStageWindow   - Scaled scene size:    786.0 x 811.0
09:28:15.616 [JavaFX Application Thread] DEBUG PrimaryStageWindow   - Scaled ratio: (0.262, 0.2703333333333333)
09:28:15.617 [JavaFX Application Thread] DEBUG PrimaryStageWindow   - Set initial scene to FXGLStartupScene
09:28:15.625 [JavaFX Application Thread] DEBUG PrimaryStageWindow   - Opening main window
09:28:15.837 [JavaFX Application Thread] DEBUG PrimaryStageWindow   - Window border size: (0.0, 28.0)
09:28:15.837 [JavaFX Application Thread] DEBUG PrimaryStageWindow   - Scaled size: 786.0 x 811.0
09:28:15.838 [JavaFX Application Thread] DEBUG PrimaryStageWindow   - Scaled ratio: (0.262, 0.2703333333333333)
09:28:15.838 [JavaFX Application Thread] DEBUG PrimaryStageWindow   - Scene size: 786.0 x 811.0
09:28:15.838 [JavaFX Application Thread] DEBUG PrimaryStageWindow   - Stage size: 786.0 x 839.0
09:28:15.849 [FXGL Background Thread 1 ] DEBUG Engine               - Initializing environment variables
09:28:15.924 [FXGL Background Thread 1 ] DEBUG FXGLAssetLoaderServi - User app class for loading assets: class CellApp
09:28:15.924 [FXGL Background Thread 1 ] DEBUG GameApplicationServi - Applying CSS: fxgl_dark.css
09:28:15.926 [FXGL Background Thread 1 ] DEBUG FXGLAssetLoaderServi - Loading from file system: jar:file:/Users/phillipdavis/Desktop/procedural-maps/lib/fxgl-11.17-uber.jar!/fxglassets/ui/css/fxgl_dark.css
09:28:15.993 [FXGL Background Thread 1 ] DEBUG GameApplicationServi - Initializing application scenes
09:28:16.295 [FXGL Background Thread 1 ] DEBUG GameWorld            - Game world initialized
09:28:16.355 [FXGL Background Thread 1 ] DEBUG PhysicsWorld         - Physics world initialized: appHeight=3000, physics.ppm=50.0
09:28:16.356 [FXGL Background Thread 1 ] DEBUG PhysicsWorld         - Using strategy: BRUTE_FORCE
09:28:16.359 [FXGL Background Thread 1 ] DEBUG GameScene            - Game scene initialized: 3000x3000
09:28:16.372 [FXGL Background Thread 1 ] DEBUG FXGL.DefaultMenu     - createMenuBodyGameMenu()
09:28:16.395 [FXGL Background Thread 1 ] DEBUG FXGL.DefaultMenu     - createOptionsMenu()
09:28:16.406 [FXGL Background Thread 1 ] DEBUG FXGLAssetLoaderServi - Loading from file system: jar:file:/Users/phillipdavis/Desktop/procedural-maps/lib/fxgl-11.17-uber.jar!/fxglassets/textures/particles/smoke.png
09:28:16.530 [FXGL Background Thread 1 ] DEBUG FXGLAssetLoaderServi - Loading from file system: jar:file:/Users/phillipdavis/Desktop/procedural-maps/lib/fxgl-11.17-uber.jar!/fxglassets/textures/particles/trace_horizontal.png
09:28:16.555 [FXGL Background Thread 1 ] DEBUG GameApplicationServi - Application scenes initialized
09:28:16.566 [FXGL Background Thread 1 ] DEBUG SystemBundleService  - Loading FXGL system data
09:28:16.571 [FXGL Background Thread 1 ] DEBUG FileSystemAccess     - Reading from: /Users/phillipdavis/Desktop/procedural-maps/system/fxgl.bundle
09:28:16.581 [FXGL Background Thread 1 ] DEBUG SystemBundleService  - Bundle FXGL: {}
09:28:16.581 [FXGL Background Thread 1 ] DEBUG UpdaterService       - Checking for updates
09:28:16.586 [FXGL Background Thread 4 ] DEBUG FXGLApplication      - Loading fonts
09:28:16.587 [FXGL Background Thread 4 ] DEBUG FXGLAssetLoaderServi - Loading from file system: jar:file:/Users/phillipdavis/Desktop/procedural-maps/lib/fxgl-11.17-uber.jar!/fxglassets/ui/fonts/VarelaRound-Regular.ttf
09:28:16.587 [FXGL Background Thread 1 ] DEBUG FXGLApplication      - Loading default localization
09:28:16.587 [FXGL Background Thread 1 ] DEBUG FXGLAssetLoaderServi - Loading from file system: jar:file:/Users/phillipdavis/Desktop/procedural-maps/lib/fxgl-11.17-uber.jar!/fxglassets/languages/english.lang
09:28:16.604 [FXGL Background Thread 1 ] INFO  FXGLApplication      - FXGL initialization took: 0.755 sec
09:28:16.606 [JavaFX Application Thread] DEBUG FXGLAssetLoaderServi - Loading from file system: jar:file:/Users/phillipdavis/Desktop/procedural-maps/lib/fxgl-11.17-uber.jar!/fxglassets/textures/fxgl_icon.png
09:28:16.644 [JavaFX Application Thread] DEBUG FXGLAssetLoaderServi - Loading from file system: jar:file:/Users/phillipdavis/Desktop/procedural-maps/lib/fxgl-11.17-uber.jar!/fxglassets/textures/fxgl_default_cursor.png
09:28:16.663 [JavaFX Application Thread] DEBUG Input                - Registered new binding: Screenshot - CTRL+8
09:28:16.664 [JavaFX Application Thread] DEBUG Input                - Registered new binding: System info dump - CTRL+9
09:28:16.665 [JavaFX Application Thread] DEBUG Input                - Registered new binding: Restart - CTRL+R
09:28:16.665 [JavaFX Application Thread] DEBUG Input                - Registered new binding: Toggle Debug Camera - CTRL+C
09:28:16.668 [JavaFX Application Thread] DEBUG LoopRunner           - Starting loop
09:28:16.668 [JavaFX Application Thread] DEBUG LoopRunner           - Initializing JavaFX AnimationTimerLoop
09:28:16.670 [JavaFX Application Thread] DEBUG GameApplicationServi - Starting new game
09:28:16.670 [JavaFX Application Thread] DEBUG Input                - Clearing active input actions
09:28:16.687 [JavaFX Application Thread] DEBUG GameApplicationServi - Removing overlay from FXGLStartupScene and adding to FXGLLoadingScene
09:28:16.687 [JavaFX Application Thread] DEBUG PrimaryStageWindow   - FXGLStartupScene -> FXGLLoadingScene
09:28:16.687 [JavaFX Application Thread] DEBUG GameApplicationServi - Clearing previous game
09:28:16.687 [JavaFX Application Thread] DEBUG GameScene            - Clearing game scene
09:28:16.687 [JavaFX Application Thread] DEBUG GameWorld            - Clearing game world
09:28:16.688 [JavaFX Application Thread] DEBUG PhysicsWorld         - Clearing physics world
09:28:16.691 [FXGL Background Thread 1 ] DEBUG FXGLApplication      - Initializing game
09:28:16.710 [FXGL Background Thread 4 ] DEBUG FXGLAssetLoaderServi - Loading from file system: jar:file:/Users/phillipdavis/Desktop/procedural-maps/lib/fxgl-11.17-uber.jar!/fxglassets/ui/fonts/Abel-Regular.ttf
09:28:16.714 [FXGL Background Thread 4 ] DEBUG FXGLAssetLoaderServi - Loading from file system: jar:file:/Users/phillipdavis/Desktop/procedural-maps/lib/fxgl-11.17-uber.jar!/fxglassets/ui/fonts/lucida_console.ttf
09:28:16.720 [FXGL Background Thread 4 ] DEBUG FXGLAssetLoaderServi - Loading from file system: jar:file:/Users/phillipdavis/Desktop/procedural-maps/lib/fxgl-11.17-uber.jar!/fxglassets/ui/fonts/Courier-Prime.ttf
09:28:16.792 [JavaFX Application Thread] DEBUG FXGLApplication      - Registering font factories with UI factory
09:28:18.593 [FXGL Background Thread 1 ] INFO  FXGLApplication      - Game initialization took: 1.902 sec
09:28:18.595 [JavaFX Application Thread] DEBUG Input                - Clearing active input actions
09:28:18.745 [JavaFX Application Thread] DEBUG GameApplicationServi - Removing overlay from FXGLLoadingScene and adding to GameScene
09:28:18.745 [JavaFX Application Thread] DEBUG PrimaryStageWindow   - FXGLLoadingScene -> GameScene
09:28:19.588 [FXGL Background Thread 3 ] DEBUG Engine               - Logging environment variables
09:28:19.589 [FXGL Background Thread 3 ] DEBUG Engine               - achievements: []
09:28:19.589 [FXGL Background Thread 3 ] DEBUG Engine               - actualHeight: 811.0
09:28:19.589 [FXGL Background Thread 3 ] DEBUG Engine               - actualHeightProperty: ReadOnlyDoubleProperty [value: 811.0]
09:28:19.589 [FXGL Background Thread 3 ] DEBUG Engine               - actualWidth: 786.0
09:28:19.589 [FXGL Background Thread 3 ] DEBUG Engine               - actualWidthProperty: ReadOnlyDoubleProperty [value: 786.0]
09:28:19.590 [FXGL Background Thread 3 ] DEBUG Engine               - appIcon: fxgl_icon.png
09:28:19.590 [FXGL Background Thread 3 ] DEBUG Engine               - applicationMode: DEVELOPER
09:28:19.590 [FXGL Background Thread 3 ] DEBUG Engine               - cSSList: [fxgl_dark.css]
09:28:19.590 [FXGL Background Thread 3 ] DEBUG Engine               - collisionDetectionStrategy: BRUTE_FORCE
09:28:19.590 [FXGL Background Thread 3 ] DEBUG Engine               - configClass: Optional.empty
09:28:19.590 [FXGL Background Thread 3 ] DEBUG Engine               - credits: []
09:28:19.590 [FXGL Background Thread 3 ] DEBUG Engine               - defaultCursor: CursorInfo(imageName=fxgl_default_cursor.png, hotspotX=7.0, hotspotY=6.0)
09:28:19.591 [FXGL Background Thread 3 ] DEBUG Engine               - devBBoxColorProperty: ObjectProperty [value: 0xff0000ff]
09:28:19.591 [FXGL Background Thread 3 ] DEBUG Engine               - devEnableDebugCameraProperty: BooleanProperty [value: false]
09:28:19.591 [FXGL Background Thread 3 ] DEBUG Engine               - devSensorColorProperty: ObjectProperty [value: 0xffff00ff]
09:28:19.591 [FXGL Background Thread 3 ] DEBUG Engine               - devShowBBoxProperty: BooleanProperty [value: false]
09:28:19.592 [FXGL Background Thread 3 ] DEBUG Engine               - devShowPositionProperty: BooleanProperty [value: false]
09:28:19.592 [FXGL Background Thread 3 ] DEBUG Engine               - enabledMenuItems: []
09:28:19.592 [FXGL Background Thread 3 ] DEBUG Engine               - engineServices: [class com.almasb.fxgl.app.services.FXGLAssetLoaderService, class com.almasb.fxgl.app.FXGLApplication$GameApplicationService, class com.almasb.fxgl.app.services.FXGLDialogService, class com.almasb.fxgl.app.services.IOTaskExecutorService, class com.almasb.fxgl.io.FileSystemService, class com.almasb.fxgl.localization.LocalizationService, class com.almasb.fxgl.app.services.SystemBundleService, class com.almasb.fxgl.profile.SaveLoadService, class com.almasb.fxgl.ui.FXGLUIFactoryServiceProvider, class com.almasb.fxgl.ui.FXGLDialogFactoryServiceProvider, class com.almasb.fxgl.audio.AudioPlayer, class com.almasb.fxgl.notification.impl.NotificationServiceProvider, class com.almasb.fxgl.achievement.AchievementService, class com.almasb.fxgl.cutscene.CutsceneService, class com.almasb.fxgl.minigames.MiniGameService, class com.almasb.fxgl.net.NetService, class com.almasb.fxgl.app.services.UpdaterService, class com.almasb.fxgl.dev.DevService]
09:28:19.592 [FXGL Background Thread 3 ] DEBUG Engine               - fontGame: Abel-Regular.ttf
09:28:19.592 [FXGL Background Thread 3 ] DEBUG Engine               - fontMono: lucida_console.ttf
09:28:19.593 [FXGL Background Thread 3 ] DEBUG Engine               - fontText: Courier-Prime.ttf
09:28:19.595 [FXGL Background Thread 3 ] DEBUG Engine               - fontUI: VarelaRound-Regular.ttf
09:28:19.595 [FXGL Background Thread 3 ] DEBUG Engine               - fullScreen: BooleanProperty [value: false]
09:28:19.595 [FXGL Background Thread 3 ] DEBUG Engine               - gameDifficulty: MEDIUM
09:28:19.595 [FXGL Background Thread 3 ] DEBUG Engine               - gameDifficultyProperty: ObjectProperty [value: MEDIUM]
09:28:19.595 [FXGL Background Thread 3 ] DEBUG Engine               - globalMusicVolume: 0.5
09:28:19.595 [FXGL Background Thread 3 ] DEBUG Engine               - globalMusicVolumeProperty: DoubleProperty [value: 0.5]
09:28:19.595 [FXGL Background Thread 3 ] DEBUG Engine               - globalSoundVolume: 0.5
09:28:19.596 [FXGL Background Thread 3 ] DEBUG Engine               - globalSoundVolumeProperty: DoubleProperty [value: 0.5]
09:28:19.596 [FXGL Background Thread 3 ] DEBUG Engine               - height: 3000
09:28:19.596 [FXGL Background Thread 3 ] DEBUG Engine               - is3D: false
09:28:19.596 [FXGL Background Thread 3 ] DEBUG Engine               - isAndroid: false
09:28:19.596 [FXGL Background Thread 3 ] DEBUG Engine               - isBrowser: false
09:28:19.596 [FXGL Background Thread 3 ] DEBUG Engine               - isClickFeedbackEnabled: false
09:28:19.596 [FXGL Background Thread 3 ] DEBUG Engine               - isCloseConfirmation: false
09:28:19.596 [FXGL Background Thread 3 ] DEBUG Engine               - isDesktop: true
09:28:19.596 [FXGL Background Thread 3 ] DEBUG Engine               - isDeveloperMenuEnabled: false
09:28:19.596 [FXGL Background Thread 3 ] DEBUG Engine               - isEntityPreloadEnabled: true
09:28:19.597 [FXGL Background Thread 3 ] DEBUG Engine               - isExperimentalTiledLargeMap: false
09:28:19.597 [FXGL Background Thread 3 ] DEBUG Engine               - isFileSystemWriteAllowed: true
09:28:19.597 [FXGL Background Thread 3 ] DEBUG Engine               - isFullScreenAllowed: false
09:28:19.597 [FXGL Background Thread 3 ] DEBUG Engine               - isFullScreenFromStart: false
09:28:19.597 [FXGL Background Thread 3 ] DEBUG Engine               - isGameMenuEnabled: true
09:28:19.597 [FXGL Background Thread 3 ] DEBUG Engine               - isIOS: false
09:28:19.597 [FXGL Background Thread 3 ] DEBUG Engine               - isIntroEnabled: false
09:28:19.598 [FXGL Background Thread 3 ] DEBUG Engine               - isLinux: false
09:28:19.598 [FXGL Background Thread 3 ] DEBUG Engine               - isMac: true
09:28:19.598 [FXGL Background Thread 3 ] DEBUG Engine               - isMainMenuEnabled: false
09:28:19.598 [FXGL Background Thread 3 ] DEBUG Engine               - isManualResizeEnabled: false
09:28:19.598 [FXGL Background Thread 3 ] DEBUG Engine               - isMobile: false
09:28:19.598 [FXGL Background Thread 3 ] DEBUG Engine               - isNative: false
09:28:19.598 [FXGL Background Thread 3 ] DEBUG Engine               - isPauseMusicWhenMinimized: true
09:28:19.598 [FXGL Background Thread 3 ] DEBUG Engine               - isPreserveResizeRatio: false
09:28:19.598 [FXGL Background Thread 3 ] DEBUG Engine               - isProfilingEnabled: false
09:28:19.598 [FXGL Background Thread 3 ] DEBUG Engine               - isScaleAffectedOnResize: true
09:28:19.599 [FXGL Background Thread 3 ] DEBUG Engine               - isSingleStep: false
09:28:19.599 [FXGL Background Thread 3 ] DEBUG Engine               - isUserProfileEnabled: false
09:28:19.599 [FXGL Background Thread 3 ] DEBUG Engine               - isWindows: false
09:28:19.599 [FXGL Background Thread 3 ] DEBUG Engine               - language: ObjectProperty [value: ENGLISH]
09:28:19.599 [FXGL Background Thread 3 ] DEBUG Engine               - menuKey: ESCAPE
09:28:19.599 [FXGL Background Thread 3 ] DEBUG Engine               - mouseSensitivity: 0.2
09:28:19.599 [FXGL Background Thread 3 ] DEBUG Engine               - notificationViewClass: class com.almasb.fxgl.notification.view.XboxNotificationView
09:28:19.599 [FXGL Background Thread 3 ] DEBUG Engine               - pixelsPerMeter: 50.0
09:28:19.599 [FXGL Background Thread 3 ] DEBUG Engine               - platform: MAC
09:28:19.599 [FXGL Background Thread 3 ] DEBUG Engine               - prefHeightProperty: ReadOnlyDoubleProperty [value: 3000.0]
09:28:19.599 [FXGL Background Thread 3 ] DEBUG Engine               - prefWidthProperty: ReadOnlyDoubleProperty [value: 3000.0]
09:28:19.600 [FXGL Background Thread 3 ] DEBUG Engine               - profileDir: profiles/
09:28:19.600 [FXGL Background Thread 3 ] DEBUG Engine               - profileName: StringProperty [value: DEFAULT]
09:28:19.600 [FXGL Background Thread 3 ] DEBUG Engine               - randomSeed: -1
09:28:19.600 [FXGL Background Thread 3 ] DEBUG Engine               - runtimeInfo: RuntimeInfo(platform=MAC, version=11.17, build=16.07.2021 15.53)
09:28:19.600 [FXGL Background Thread 3 ] DEBUG Engine               - saveFileExt: sav
09:28:19.600 [FXGL Background Thread 3 ] DEBUG Engine               - scaledHeightProp$fxgl: DoubleProperty [bound, value: 811.0]
09:28:19.600 [FXGL Background Thread 3 ] DEBUG Engine               - scaledWidthProp$fxgl: DoubleProperty [bound, value: 786.0]
09:28:19.600 [FXGL Background Thread 3 ] DEBUG Engine               - sceneFactory: com.almasb.fxgl.app.scene.SceneFactory@59fe165
09:28:19.600 [FXGL Background Thread 3 ] DEBUG Engine               - secondsIn24h: 60
09:28:19.600 [FXGL Background Thread 3 ] DEBUG Engine               - soundMenuBack: menu/back.wav
09:28:19.600 [FXGL Background Thread 3 ] DEBUG Engine               - soundMenuPress: menu/press.wav
09:28:19.601 [FXGL Background Thread 3 ] DEBUG Engine               - soundMenuSelect: menu/select.wav
09:28:19.601 [FXGL Background Thread 3 ] DEBUG Engine               - soundNotification: core/notification.wav
09:28:19.601 [FXGL Background Thread 3 ] DEBUG Engine               - stageStyle: DECORATED
09:28:19.601 [FXGL Background Thread 3 ] DEBUG Engine               - supportedLanguages: [ENGLISH, FRENCH, GERMAN, HUNGARIAN, RUSSIAN]
09:28:19.601 [FXGL Background Thread 3 ] DEBUG Engine               - ticksPerSecond: -1
09:28:19.601 [FXGL Background Thread 3 ] DEBUG Engine               - title: CellScape
09:28:19.601 [FXGL Background Thread 3 ] DEBUG Engine               - urlGithub: https://github.com/AlmasB/FXGL
09:28:19.601 [FXGL Background Thread 3 ] DEBUG Engine               - urlLeaderboard: http://fxgl-top.herokuapp.com/
09:28:19.601 [FXGL Background Thread 3 ] DEBUG Engine               - urlPOM: https://raw.githubusercontent.com/AlmasB/FXGL/release/README.md
09:28:19.601 [FXGL Background Thread 3 ] DEBUG Engine               - userAppClass: class CellApp
09:28:19.601 [FXGL Background Thread 3 ] DEBUG Engine               - version: 0.0
09:28:19.601 [FXGL Background Thread 3 ] DEBUG Engine               - versionCheckDays: 7
09:28:19.602 [FXGL Background Thread 3 ] DEBUG Engine               - width: 3000
09:28:19.602 [FXGL Background Thread 3 ] DEBUG Engine               - Logging services
09:28:19.602 [FXGL Background Thread 3 ] DEBUG Engine               - class com.almasb.fxgl.app.services.FXGLAssetLoaderService
09:28:19.602 [FXGL Background Thread 3 ] DEBUG Engine               - class com.almasb.fxgl.app.FXGLApplication$GameApplicationService
09:28:19.602 [FXGL Background Thread 3 ] DEBUG Engine               - class com.almasb.fxgl.app.services.FXGLDialogService
09:28:19.602 [FXGL Background Thread 3 ] DEBUG Engine               - class com.almasb.fxgl.app.services.IOTaskExecutorService
09:28:19.602 [FXGL Background Thread 3 ] DEBUG Engine               - class com.almasb.fxgl.io.FileSystemService
09:28:19.602 [FXGL Background Thread 3 ] DEBUG Engine               - class com.almasb.fxgl.localization.LocalizationService
09:28:19.602 [FXGL Background Thread 3 ] DEBUG Engine               - class com.almasb.fxgl.app.services.SystemBundleService
09:28:19.602 [FXGL Background Thread 3 ] DEBUG Engine               - class com.almasb.fxgl.profile.SaveLoadService
09:28:19.602 [FXGL Background Thread 3 ] DEBUG Engine               - class com.almasb.fxgl.ui.FXGLUIFactoryServiceProvider
09:28:19.602 [FXGL Background Thread 3 ] DEBUG Engine               - class com.almasb.fxgl.ui.FXGLDialogFactoryServiceProvider
09:28:19.602 [FXGL Background Thread 3 ] DEBUG Engine               - class com.almasb.fxgl.audio.AudioPlayer
09:28:19.603 [FXGL Background Thread 3 ] DEBUG Engine               - class com.almasb.fxgl.notification.impl.NotificationServiceProvider
09:28:19.603 [FXGL Background Thread 3 ] DEBUG Engine               - class com.almasb.fxgl.achievement.AchievementService
09:28:19.603 [FXGL Background Thread 3 ] DEBUG Engine               - class com.almasb.fxgl.cutscene.CutsceneService
09:28:19.603 [FXGL Background Thread 3 ] DEBUG Engine               - class com.almasb.fxgl.minigames.MiniGameService
09:28:19.603 [FXGL Background Thread 3 ] DEBUG Engine               - class com.almasb.fxgl.net.NetService
09:28:19.603 [FXGL Background Thread 3 ] DEBUG Engine               - class com.almasb.fxgl.app.services.UpdaterService
09:28:19.603 [FXGL Background Thread 3 ] DEBUG Engine               - class com.almasb.fxgl.dev.DevService
09:28:34.075 [JavaFX Application Thread] DEBUG FXGLApplication      - Exiting FXGL
09:28:34.075 [JavaFX Application Thread] DEBUG LoopRunner           - Stopping loop
09:28:34.075 [JavaFX Application Thread] DEBUG SystemBundleService  - Saving FXGL system data
09:28:34.079 [JavaFX Application Thread] DEBUG FileSystemAccess     - Writing to: /Users/phillipdavis/Desktop/procedural-maps/system/fxgl.bundle
09:28:34.082 [JavaFX Application Thread] DEBUG Async                - Shutting down background threads
09:28:34.083 [JavaFX Application Thread] DEBUG PrimaryStageWindow   - Closing main window
09:28:34.096 [JavaFX Application Thread] DEBUG Logger               - Closing Logger
