17:28:41.532 [main                     ] DEBUG Logger               - Configured Logger
17:28:41.549 [main                     ] DEBUG GameApplication      - Logging settings
Title: CellScape
Version: 0.0
Width: 300
Height: 300
Fullscreen: false
Intro: false
Profiling: false
Single step:false
App Mode: DEVELOPER
Menu Key: ESCAPE
Stage Style: DECORATED
Scene Factory: class com.almasb.fxgl.app.scene.SceneFactory

17:28:42.033 [JavaFX Application Thread] DEBUG FXGLApplication      - Initializing FXGL
17:28:42.036 [JavaFX Application Thread] INFO  Engine               - FXGL-11.17 (16.07.2021 15.53) on MAC (J:11.0.12 FX:16)
17:28:42.036 [JavaFX Application Thread] DEBUG Engine               - JRE Vendor Name: Amazon.com Inc.
17:28:42.036 [JavaFX Application Thread] DEBUG Engine               - Running on OS: Mac OS X version 11.5.2
17:28:42.036 [JavaFX Application Thread] DEBUG Engine               - Architecture: x86_64
17:28:42.037 [JavaFX Application Thread] INFO  Engine               - Source code and latest versions at: https://github.com/AlmasB/FXGL
17:28:42.037 [JavaFX Application Thread] INFO  Engine               -              Join the FXGL chat at: https://gitter.im/AlmasB/FXGL
17:28:42.230 [JavaFX Application Thread] DEBUG PrimaryStageWindow   - Creating a JavaFX scene
17:28:42.307 [JavaFX Application Thread] DEBUG PrimaryStageWindow   - Target settings size: 300.0 x 300.0
17:28:42.307 [JavaFX Application Thread] DEBUG PrimaryStageWindow   - Scaled scene size:    300.0 x 300.0
17:28:42.307 [JavaFX Application Thread] DEBUG PrimaryStageWindow   - Scaled ratio: (1.0, 1.0)
17:28:42.308 [JavaFX Application Thread] DEBUG PrimaryStageWindow   - Set initial scene to FXGLStartupScene
17:28:42.319 [JavaFX Application Thread] DEBUG PrimaryStageWindow   - Opening main window
17:28:42.437 [JavaFX Application Thread] DEBUG PrimaryStageWindow   - Window border size: (0.0, 28.0)
17:28:42.437 [JavaFX Application Thread] DEBUG PrimaryStageWindow   - Scaled size: 300.0 x 300.0
17:28:42.438 [JavaFX Application Thread] DEBUG PrimaryStageWindow   - Scaled ratio: (1.0, 1.0)
17:28:42.438 [JavaFX Application Thread] DEBUG PrimaryStageWindow   - Scene size: 300.0 x 300.0
17:28:42.438 [JavaFX Application Thread] DEBUG PrimaryStageWindow   - Stage size: 300.0 x 328.0
17:28:42.448 [FXGL Background Thread 1 ] DEBUG Engine               - Initializing environment variables
17:28:42.554 [FXGL Background Thread 1 ] DEBUG FXGLAssetLoaderServi - User app class for loading assets: class CellApp
17:28:42.554 [FXGL Background Thread 1 ] DEBUG GameApplicationServi - Applying CSS: fxgl_dark.css
17:28:42.556 [FXGL Background Thread 1 ] DEBUG FXGLAssetLoaderServi - Loading from file system: jar:file:/Users/phillipdavis/Desktop/procedural-maps/lib/fxgl-11.17-uber.jar!/fxglassets/ui/css/fxgl_dark.css
17:28:42.704 [FXGL Background Thread 1 ] DEBUG GameApplicationServi - Initializing application scenes
17:28:43.014 [FXGL Background Thread 1 ] DEBUG GameWorld            - Game world initialized
17:28:43.067 [FXGL Background Thread 1 ] DEBUG PhysicsWorld         - Physics world initialized: appHeight=300, physics.ppm=50.0
17:28:43.068 [FXGL Background Thread 1 ] DEBUG PhysicsWorld         - Using strategy: BRUTE_FORCE
17:28:43.071 [FXGL Background Thread 1 ] DEBUG GameScene            - Game scene initialized: 300x300
17:28:43.085 [FXGL Background Thread 1 ] WARN  FXGL.DefaultMenu     - FXGLDefaultMenu is not designed for resolutions < 800x600
17:28:43.085 [FXGL Background Thread 1 ] DEBUG FXGL.DefaultMenu     - createMenuBodyGameMenu()
17:28:43.103 [FXGL Background Thread 1 ] DEBUG FXGL.DefaultMenu     - createOptionsMenu()
17:28:43.115 [FXGL Background Thread 1 ] DEBUG FXGLAssetLoaderServi - Loading from file system: jar:file:/Users/phillipdavis/Desktop/procedural-maps/lib/fxgl-11.17-uber.jar!/fxglassets/textures/particles/smoke.png
17:28:43.223 [FXGL Background Thread 1 ] DEBUG FXGLAssetLoaderServi - Loading from file system: jar:file:/Users/phillipdavis/Desktop/procedural-maps/lib/fxgl-11.17-uber.jar!/fxglassets/textures/particles/trace_horizontal.png
17:28:43.246 [FXGL Background Thread 1 ] DEBUG GameApplicationServi - Application scenes initialized
17:28:43.255 [FXGL Background Thread 1 ] DEBUG SystemBundleService  - Loading FXGL system data
17:28:43.258 [FXGL Background Thread 1 ] DEBUG FileSystemAccess     - Reading from: /Users/phillipdavis/Desktop/procedural-maps/system/fxgl.bundle
17:28:43.264 [FXGL Background Thread 1 ] DEBUG SystemBundleService  - Bundle FXGL: {}
17:28:43.264 [FXGL Background Thread 1 ] DEBUG UpdaterService       - Checking for updates
17:28:43.268 [FXGL Background Thread 4 ] DEBUG FXGLApplication      - Loading fonts
17:28:43.269 [FXGL Background Thread 4 ] DEBUG FXGLAssetLoaderServi - Loading from file system: jar:file:/Users/phillipdavis/Desktop/procedural-maps/lib/fxgl-11.17-uber.jar!/fxglassets/ui/fonts/VarelaRound-Regular.ttf
17:28:43.269 [FXGL Background Thread 1 ] DEBUG FXGLApplication      - Loading default localization
17:28:43.270 [FXGL Background Thread 1 ] DEBUG FXGLAssetLoaderServi - Loading from file system: jar:file:/Users/phillipdavis/Desktop/procedural-maps/lib/fxgl-11.17-uber.jar!/fxglassets/languages/english.lang
17:28:43.287 [FXGL Background Thread 1 ] INFO  FXGLApplication      - FXGL initialization took: 0.838 sec
17:28:43.290 [FXGL Background Thread 4 ] DEBUG FXGLAssetLoaderServi - Loading from file system: jar:file:/Users/phillipdavis/Desktop/procedural-maps/lib/fxgl-11.17-uber.jar!/fxglassets/ui/fonts/Abel-Regular.ttf
17:28:43.298 [FXGL Background Thread 4 ] DEBUG FXGLAssetLoaderServi - Loading from file system: jar:file:/Users/phillipdavis/Desktop/procedural-maps/lib/fxgl-11.17-uber.jar!/fxglassets/ui/fonts/lucida_console.ttf
17:28:43.303 [FXGL Background Thread 4 ] DEBUG FXGLAssetLoaderServi - Loading from file system: jar:file:/Users/phillipdavis/Desktop/procedural-maps/lib/fxgl-11.17-uber.jar!/fxglassets/ui/fonts/Courier-Prime.ttf
17:28:43.305 [JavaFX Application Thread] DEBUG Input                - Registered new binding: action0 - E
17:28:43.305 [JavaFX Application Thread] DEBUG FXGLAssetLoaderServi - Loading from file system: jar:file:/Users/phillipdavis/Desktop/procedural-maps/lib/fxgl-11.17-uber.jar!/fxglassets/textures/fxgl_icon.png
17:28:43.337 [JavaFX Application Thread] DEBUG FXGLAssetLoaderServi - Loading from file system: jar:file:/Users/phillipdavis/Desktop/procedural-maps/lib/fxgl-11.17-uber.jar!/fxglassets/textures/fxgl_default_cursor.png
17:28:43.339 [JavaFX Application Thread] DEBUG Input                - Registered new binding: Screenshot - CTRL+8
17:28:43.340 [JavaFX Application Thread] DEBUG Input                - Registered new binding: System info dump - CTRL+9
17:28:43.340 [JavaFX Application Thread] DEBUG Input                - Registered new binding: Restart - CTRL+R
17:28:43.341 [JavaFX Application Thread] DEBUG Input                - Registered new binding: Toggle Debug Camera - CTRL+C
17:28:43.343 [JavaFX Application Thread] DEBUG LoopRunner           - Starting loop
17:28:43.343 [JavaFX Application Thread] DEBUG LoopRunner           - Initializing JavaFX AnimationTimerLoop
17:28:43.344 [JavaFX Application Thread] DEBUG GameApplicationServi - Starting new game
17:28:43.345 [JavaFX Application Thread] DEBUG Input                - Clearing active input actions
17:28:43.368 [JavaFX Application Thread] DEBUG GameApplicationServi - Removing overlay from FXGLStartupScene and adding to FXGLLoadingScene
17:28:43.368 [JavaFX Application Thread] DEBUG PrimaryStageWindow   - FXGLStartupScene -> FXGLLoadingScene
17:28:43.369 [JavaFX Application Thread] DEBUG GameApplicationServi - Clearing previous game
17:28:43.369 [JavaFX Application Thread] DEBUG GameScene            - Clearing game scene
17:28:43.369 [JavaFX Application Thread] DEBUG GameWorld            - Clearing game world
17:28:43.369 [JavaFX Application Thread] DEBUG PhysicsWorld         - Clearing physics world
17:28:43.371 [FXGL Background Thread 4 ] DEBUG FXGLApplication      - Initializing game
17:28:43.397 [JavaFX Application Thread] DEBUG FXGLApplication      - Registering font factories with UI factory
17:28:43.468 [FXGL Background Thread 4 ] INFO  FXGLApplication      - Game initialization took: 0.097 sec
17:28:43.553 [JavaFX Application Thread] DEBUG Input                - Clearing active input actions
17:28:43.567 [JavaFX Application Thread] DEBUG GameApplicationServi - Removing overlay from FXGLLoadingScene and adding to GameScene
17:28:43.568 [JavaFX Application Thread] DEBUG PrimaryStageWindow   - FXGLLoadingScene -> GameScene
17:28:46.267 [FXGL Background Thread 3 ] DEBUG Engine               - Logging environment variables
17:28:46.268 [FXGL Background Thread 3 ] DEBUG Engine               - achievements: []
17:28:46.269 [FXGL Background Thread 3 ] DEBUG Engine               - actualHeight: 300.0
17:28:46.269 [FXGL Background Thread 3 ] DEBUG Engine               - actualHeightProperty: ReadOnlyDoubleProperty [value: 300.0]
17:28:46.269 [FXGL Background Thread 3 ] DEBUG Engine               - actualWidth: 300.0
17:28:46.269 [FXGL Background Thread 3 ] DEBUG Engine               - actualWidthProperty: ReadOnlyDoubleProperty [value: 300.0]
17:28:46.270 [FXGL Background Thread 3 ] DEBUG Engine               - appIcon: fxgl_icon.png
17:28:46.270 [FXGL Background Thread 3 ] DEBUG Engine               - applicationMode: DEVELOPER
17:28:46.270 [FXGL Background Thread 3 ] DEBUG Engine               - cSSList: [fxgl_dark.css]
17:28:46.270 [FXGL Background Thread 3 ] DEBUG Engine               - collisionDetectionStrategy: BRUTE_FORCE
17:28:46.270 [FXGL Background Thread 3 ] DEBUG Engine               - configClass: Optional.empty
17:28:46.271 [FXGL Background Thread 3 ] DEBUG Engine               - credits: []
17:28:46.271 [FXGL Background Thread 3 ] DEBUG Engine               - defaultCursor: CursorInfo(imageName=fxgl_default_cursor.png, hotspotX=7.0, hotspotY=6.0)
17:28:46.271 [FXGL Background Thread 3 ] DEBUG Engine               - devBBoxColorProperty: ObjectProperty [value: 0xff0000ff]
17:28:46.271 [FXGL Background Thread 3 ] DEBUG Engine               - devEnableDebugCameraProperty: BooleanProperty [value: false]
17:28:46.272 [FXGL Background Thread 3 ] DEBUG Engine               - devSensorColorProperty: ObjectProperty [value: 0xffff00ff]
17:28:46.272 [FXGL Background Thread 3 ] DEBUG Engine               - devShowBBoxProperty: BooleanProperty [value: false]
17:28:46.272 [FXGL Background Thread 3 ] DEBUG Engine               - devShowPositionProperty: BooleanProperty [value: false]
17:28:46.272 [FXGL Background Thread 3 ] DEBUG Engine               - enabledMenuItems: []
17:28:46.272 [FXGL Background Thread 3 ] DEBUG Engine               - engineServices: [class com.almasb.fxgl.app.services.FXGLAssetLoaderService, class com.almasb.fxgl.app.FXGLApplication$GameApplicationService, class com.almasb.fxgl.app.services.FXGLDialogService, class com.almasb.fxgl.app.services.IOTaskExecutorService, class com.almasb.fxgl.io.FileSystemService, class com.almasb.fxgl.localization.LocalizationService, class com.almasb.fxgl.app.services.SystemBundleService, class com.almasb.fxgl.profile.SaveLoadService, class com.almasb.fxgl.ui.FXGLUIFactoryServiceProvider, class com.almasb.fxgl.ui.FXGLDialogFactoryServiceProvider, class com.almasb.fxgl.audio.AudioPlayer, class com.almasb.fxgl.notification.impl.NotificationServiceProvider, class com.almasb.fxgl.achievement.AchievementService, class com.almasb.fxgl.cutscene.CutsceneService, class com.almasb.fxgl.minigames.MiniGameService, class com.almasb.fxgl.net.NetService, class com.almasb.fxgl.app.services.UpdaterService, class com.almasb.fxgl.dev.DevService]
17:28:46.272 [FXGL Background Thread 3 ] DEBUG Engine               - fontGame: Abel-Regular.ttf
17:28:46.272 [FXGL Background Thread 3 ] DEBUG Engine               - fontMono: lucida_console.ttf
17:28:46.272 [FXGL Background Thread 3 ] DEBUG Engine               - fontText: Courier-Prime.ttf
17:28:46.273 [FXGL Background Thread 3 ] DEBUG Engine               - fontUI: VarelaRound-Regular.ttf
17:28:46.273 [FXGL Background Thread 3 ] DEBUG Engine               - fullScreen: BooleanProperty [value: false]
17:28:46.273 [FXGL Background Thread 3 ] DEBUG Engine               - gameDifficulty: MEDIUM
17:28:46.273 [FXGL Background Thread 3 ] DEBUG Engine               - gameDifficultyProperty: ObjectProperty [value: MEDIUM]
17:28:46.273 [FXGL Background Thread 3 ] DEBUG Engine               - globalMusicVolume: 0.5
17:28:46.273 [FXGL Background Thread 3 ] DEBUG Engine               - globalMusicVolumeProperty: DoubleProperty [value: 0.5]
17:28:46.273 [FXGL Background Thread 3 ] DEBUG Engine               - globalSoundVolume: 0.5
17:28:46.274 [FXGL Background Thread 3 ] DEBUG Engine               - globalSoundVolumeProperty: DoubleProperty [value: 0.5]
17:28:46.274 [FXGL Background Thread 3 ] DEBUG Engine               - height: 300
17:28:46.274 [FXGL Background Thread 3 ] DEBUG Engine               - is3D: false
17:28:46.274 [FXGL Background Thread 3 ] DEBUG Engine               - isAndroid: false
17:28:46.274 [FXGL Background Thread 3 ] DEBUG Engine               - isBrowser: false
17:28:46.274 [FXGL Background Thread 3 ] DEBUG Engine               - isClickFeedbackEnabled: false
17:28:46.274 [FXGL Background Thread 3 ] DEBUG Engine               - isCloseConfirmation: false
17:28:46.275 [FXGL Background Thread 3 ] DEBUG Engine               - isDesktop: true
17:28:46.275 [FXGL Background Thread 3 ] DEBUG Engine               - isDeveloperMenuEnabled: false
17:28:46.275 [FXGL Background Thread 3 ] DEBUG Engine               - isEntityPreloadEnabled: true
17:28:46.275 [FXGL Background Thread 3 ] DEBUG Engine               - isExperimentalTiledLargeMap: false
17:28:46.275 [FXGL Background Thread 3 ] DEBUG Engine               - isFileSystemWriteAllowed: true
17:28:46.275 [FXGL Background Thread 3 ] DEBUG Engine               - isFullScreenAllowed: false
17:28:46.275 [FXGL Background Thread 3 ] DEBUG Engine               - isFullScreenFromStart: false
17:28:46.276 [FXGL Background Thread 3 ] DEBUG Engine               - isGameMenuEnabled: true
17:28:46.276 [FXGL Background Thread 3 ] DEBUG Engine               - isIOS: false
17:28:46.276 [FXGL Background Thread 3 ] DEBUG Engine               - isIntroEnabled: false
17:28:46.276 [FXGL Background Thread 3 ] DEBUG Engine               - isLinux: false
17:28:46.276 [FXGL Background Thread 3 ] DEBUG Engine               - isMac: true
17:28:46.276 [FXGL Background Thread 3 ] DEBUG Engine               - isMainMenuEnabled: false
17:28:46.276 [FXGL Background Thread 3 ] DEBUG Engine               - isManualResizeEnabled: false
17:28:46.276 [FXGL Background Thread 3 ] DEBUG Engine               - isMobile: false
17:28:46.277 [FXGL Background Thread 3 ] DEBUG Engine               - isNative: false
17:28:46.277 [FXGL Background Thread 3 ] DEBUG Engine               - isPauseMusicWhenMinimized: true
17:28:46.277 [FXGL Background Thread 3 ] DEBUG Engine               - isPreserveResizeRatio: false
17:28:46.277 [FXGL Background Thread 3 ] DEBUG Engine               - isProfilingEnabled: false
17:28:46.277 [FXGL Background Thread 3 ] DEBUG Engine               - isScaleAffectedOnResize: true
17:28:46.277 [FXGL Background Thread 3 ] DEBUG Engine               - isSingleStep: false
17:28:46.277 [FXGL Background Thread 3 ] DEBUG Engine               - isUserProfileEnabled: false
17:28:46.278 [FXGL Background Thread 3 ] DEBUG Engine               - isWindows: false
17:28:46.278 [FXGL Background Thread 3 ] DEBUG Engine               - language: ObjectProperty [value: ENGLISH]
17:28:46.279 [FXGL Background Thread 3 ] DEBUG Engine               - menuKey: ESCAPE
17:28:46.279 [FXGL Background Thread 3 ] DEBUG Engine               - mouseSensitivity: 0.2
17:28:46.279 [FXGL Background Thread 3 ] DEBUG Engine               - notificationViewClass: class com.almasb.fxgl.notification.view.XboxNotificationView
17:28:46.279 [FXGL Background Thread 3 ] DEBUG Engine               - pixelsPerMeter: 50.0
17:28:46.279 [FXGL Background Thread 3 ] DEBUG Engine               - platform: MAC
17:28:46.279 [FXGL Background Thread 3 ] DEBUG Engine               - prefHeightProperty: ReadOnlyDoubleProperty [value: 300.0]
17:28:46.279 [FXGL Background Thread 3 ] DEBUG Engine               - prefWidthProperty: ReadOnlyDoubleProperty [value: 300.0]
17:28:46.279 [FXGL Background Thread 3 ] DEBUG Engine               - profileDir: profiles/
17:28:46.279 [FXGL Background Thread 3 ] DEBUG Engine               - profileName: StringProperty [value: DEFAULT]
17:28:46.279 [FXGL Background Thread 3 ] DEBUG Engine               - randomSeed: -1
17:28:46.280 [FXGL Background Thread 3 ] DEBUG Engine               - runtimeInfo: RuntimeInfo(platform=MAC, version=11.17, build=16.07.2021 15.53)
17:28:46.280 [FXGL Background Thread 3 ] DEBUG Engine               - saveFileExt: sav
17:28:46.280 [FXGL Background Thread 3 ] DEBUG Engine               - scaledHeightProp$fxgl: DoubleProperty [bound, value: 300.0]
17:28:46.280 [FXGL Background Thread 3 ] DEBUG Engine               - scaledWidthProp$fxgl: DoubleProperty [bound, value: 300.0]
17:28:46.280 [FXGL Background Thread 3 ] DEBUG Engine               - sceneFactory: com.almasb.fxgl.app.scene.SceneFactory@5f4cae5
17:28:46.280 [FXGL Background Thread 3 ] DEBUG Engine               - secondsIn24h: 60
17:28:46.280 [FXGL Background Thread 3 ] DEBUG Engine               - soundMenuBack: menu/back.wav
17:28:46.280 [FXGL Background Thread 3 ] DEBUG Engine               - soundMenuPress: menu/press.wav
17:28:46.280 [FXGL Background Thread 3 ] DEBUG Engine               - soundMenuSelect: menu/select.wav
17:28:46.280 [FXGL Background Thread 3 ] DEBUG Engine               - soundNotification: core/notification.wav
17:28:46.280 [FXGL Background Thread 3 ] DEBUG Engine               - stageStyle: DECORATED
17:28:46.280 [FXGL Background Thread 3 ] DEBUG Engine               - supportedLanguages: [ENGLISH, FRENCH, GERMAN, HUNGARIAN, RUSSIAN]
17:28:46.281 [FXGL Background Thread 3 ] DEBUG Engine               - ticksPerSecond: -1
17:28:46.281 [FXGL Background Thread 3 ] DEBUG Engine               - title: CellScape
17:28:46.281 [FXGL Background Thread 3 ] DEBUG Engine               - urlGithub: https://github.com/AlmasB/FXGL
17:28:46.281 [FXGL Background Thread 3 ] DEBUG Engine               - urlLeaderboard: http://fxgl-top.herokuapp.com/
17:28:46.281 [FXGL Background Thread 3 ] DEBUG Engine               - urlPOM: https://raw.githubusercontent.com/AlmasB/FXGL/release/README.md
17:28:46.281 [FXGL Background Thread 3 ] DEBUG Engine               - userAppClass: class CellApp
17:28:46.281 [FXGL Background Thread 3 ] DEBUG Engine               - version: 0.0
17:28:46.281 [FXGL Background Thread 3 ] DEBUG Engine               - versionCheckDays: 7
17:28:46.281 [FXGL Background Thread 3 ] DEBUG Engine               - width: 300
17:28:46.281 [FXGL Background Thread 3 ] DEBUG Engine               - Logging services
17:28:46.282 [FXGL Background Thread 3 ] DEBUG Engine               - class com.almasb.fxgl.app.services.FXGLAssetLoaderService
17:28:46.282 [FXGL Background Thread 3 ] DEBUG Engine               - class com.almasb.fxgl.app.FXGLApplication$GameApplicationService
17:28:46.282 [FXGL Background Thread 3 ] DEBUG Engine               - class com.almasb.fxgl.app.services.FXGLDialogService
17:28:46.282 [FXGL Background Thread 3 ] DEBUG Engine               - class com.almasb.fxgl.app.services.IOTaskExecutorService
17:28:46.282 [FXGL Background Thread 3 ] DEBUG Engine               - class com.almasb.fxgl.io.FileSystemService
17:28:46.282 [FXGL Background Thread 3 ] DEBUG Engine               - class com.almasb.fxgl.localization.LocalizationService
17:28:46.282 [FXGL Background Thread 3 ] DEBUG Engine               - class com.almasb.fxgl.app.services.SystemBundleService
17:28:46.282 [FXGL Background Thread 3 ] DEBUG Engine               - class com.almasb.fxgl.profile.SaveLoadService
17:28:46.282 [FXGL Background Thread 3 ] DEBUG Engine               - class com.almasb.fxgl.ui.FXGLUIFactoryServiceProvider
17:28:46.282 [FXGL Background Thread 3 ] DEBUG Engine               - class com.almasb.fxgl.ui.FXGLDialogFactoryServiceProvider
17:28:46.282 [FXGL Background Thread 3 ] DEBUG Engine               - class com.almasb.fxgl.audio.AudioPlayer
17:28:46.282 [FXGL Background Thread 3 ] DEBUG Engine               - class com.almasb.fxgl.notification.impl.NotificationServiceProvider
17:28:46.282 [FXGL Background Thread 3 ] DEBUG Engine               - class com.almasb.fxgl.achievement.AchievementService
17:28:46.282 [FXGL Background Thread 3 ] DEBUG Engine               - class com.almasb.fxgl.cutscene.CutsceneService
17:28:46.283 [FXGL Background Thread 3 ] DEBUG Engine               - class com.almasb.fxgl.minigames.MiniGameService
17:28:46.283 [FXGL Background Thread 3 ] DEBUG Engine               - class com.almasb.fxgl.net.NetService
17:28:46.283 [FXGL Background Thread 3 ] DEBUG Engine               - class com.almasb.fxgl.app.services.UpdaterService
17:28:46.283 [FXGL Background Thread 3 ] DEBUG Engine               - class com.almasb.fxgl.dev.DevService
17:28:47.248 [JavaFX Application Thread] DEBUG LoopRunner           - Stopping loop
17:28:47.252 [JavaFX Application Thread] FATAL FXGLApplication      - Uncaught Exception:
java.lang.ArrayIndexOutOfBoundsException: Index 10 out of bounds for length 10
	at LifeComponent.getNeighbourCount(LifeComponent.java:109)
	at LifeComponent.onUpdate(LifeComponent.java:47)
	at com.almasb.fxgl.entity.Entity$ComponentMap.update(Entity.java:60)
	at com.almasb.fxgl.entity.Entity.update(Entity.java:251)
	at com.almasb.fxgl.entity.GameWorld.onUpdate(GameWorld.kt:177)
	at com.almasb.fxgl.app.scene.GameScene.step(GameScene.kt:223)
	at com.almasb.fxgl.app.scene.GameScene.onUpdate(GameScene.kt:219)
	at com.almasb.fxgl.scene.Scene.update(Scene.kt:105)
	at com.almasb.fxgl.app.MainWindow$update$1.invoke(MainWindow.kt:110)
	at com.almasb.fxgl.app.MainWindow$update$1.invoke(MainWindow.kt:110)
	at com.almasb.fxgl.core.fsm.StateMachine.runOnActiveStates(StateMachine.kt:69)
	at com.almasb.fxgl.app.MainWindow.update(MainWindow.kt:110)
	at com.almasb.fxgl.app.FXGLApplication$GameApplicationService.onUpdate(FXGLApplication.kt:426)
	at com.almasb.fxgl.app.Engine.loop(Engine.kt:133)
	at com.almasb.fxgl.app.Engine.access$loop(Engine.kt:24)
	at com.almasb.fxgl.app.Engine$loop$1.invoke(Engine.kt:28)
	at com.almasb.fxgl.app.Engine$loop$1.invoke(Engine.kt:28)
	at com.almasb.fxgl.app.LoopRunner.frame(LoopRunner.kt:103)
	at com.almasb.fxgl.app.LoopRunner.access$frame(LoopRunner.kt:23)
	at com.almasb.fxgl.app.LoopRunner$impl$2$1.onTick(LoopRunner.kt:57)
	at com.almasb.fxgl.app.AnimationTimerLoop$timer$1.handle(LoopRunner.kt:137)
	at javafx.animation.AnimationTimer$AnimationTimerReceiver.lambda$handle$0(AnimationTimer.java:57)
	at java.base/java.security.AccessController.doPrivileged(Native Method)
	at javafx.animation.AnimationTimer$AnimationTimerReceiver.handle(AnimationTimer.java:56)
	at com.sun.scenario.animation.AbstractPrimaryTimer.timePulseImpl(AbstractPrimaryTimer.java:356)
	at com.sun.scenario.animation.AbstractPrimaryTimer$MainLoop.run(AbstractPrimaryTimer.java:266)
	at com.sun.javafx.tk.quantum.QuantumToolkit.pulse(QuantumToolkit.java:559)
	at com.sun.javafx.tk.quantum.QuantumToolkit.pulse(QuantumToolkit.java:543)
	at com.sun.javafx.tk.quantum.QuantumToolkit.pulseFromQueue(QuantumToolkit.java:536)
	at com.sun.javafx.tk.quantum.QuantumToolkit.lambda$runToolkit$11(QuantumToolkit.java:342)
	at com.sun.glass.ui.InvokeLaterDispatcher$Future.run(InvokeLaterDispatcher.java:96)

17:28:47.253 [JavaFX Application Thread] FATAL FXGLApplication      - Application will now exit
17:28:47.285 [JavaFX Application Thread] DEBUG PrimaryStageWindow   - Push state: ErrorSubScene
17:28:47.285 [JavaFX Application Thread] DEBUG Input                - Clearing active input actions
17:28:47.294 [JavaFX Application Thread] DEBUG GameApplicationServi - Removing overlay from GameScene and adding to ErrorSubScene
17:28:47.295 [JavaFX Application Thread] DEBUG PrimaryStageWindow   - GameScene -> ErrorSubScene
17:28:52.667 [JavaFX Application Thread] DEBUG FXGLApplication      - Exiting FXGL
17:28:52.667 [JavaFX Application Thread] DEBUG Async                - Shutting down background threads
17:28:52.667 [JavaFX Application Thread] DEBUG PrimaryStageWindow   - Closing main window
17:28:52.678 [JavaFX Application Thread] DEBUG Logger               - Closing Logger
