17:42:04.759 [main                     ] DEBUG Logger               - Configured Logger
17:42:04.779 [main                     ] DEBUG GameApplication      - Logging settings
Title: CellScape
Version: 0.0
Width: 3000
Height: 3000
Fullscreen: false
Intro: false
Profiling: false
Single step:false
App Mode: DEVELOPER
Menu Key: ESCAPE
Stage Style: DECORATED
Scene Factory: class com.almasb.fxgl.app.scene.SceneFactory

17:42:05.391 [JavaFX Application Thread] DEBUG FXGLApplication      - Initializing FXGL
17:42:05.394 [JavaFX Application Thread] INFO  Engine               - FXGL-11.17 (16.07.2021 15.53) on MAC (J:11.0.12 FX:16)
17:42:05.394 [JavaFX Application Thread] DEBUG Engine               - JRE Vendor Name: Amazon.com Inc.
17:42:05.395 [JavaFX Application Thread] DEBUG Engine               - Running on OS: Mac OS X version 11.5.2
17:42:05.395 [JavaFX Application Thread] DEBUG Engine               - Architecture: x86_64
17:42:05.395 [JavaFX Application Thread] INFO  Engine               - Source code and latest versions at: https://github.com/AlmasB/FXGL
17:42:05.395 [JavaFX Application Thread] INFO  Engine               -              Join the FXGL chat at: https://gitter.im/AlmasB/FXGL
17:42:05.573 [JavaFX Application Thread] DEBUG PrimaryStageWindow   - Creating a JavaFX scene
17:42:05.573 [JavaFX Application Thread] DEBUG PrimaryStageWindow   - Target size > screen size
17:42:05.641 [JavaFX Application Thread] DEBUG PrimaryStageWindow   - Target settings size: 3000.0 x 3000.0
17:42:05.641 [JavaFX Application Thread] DEBUG PrimaryStageWindow   - Scaled scene size:    784.0 x 809.0
17:42:05.641 [JavaFX Application Thread] DEBUG PrimaryStageWindow   - Scaled ratio: (0.2613333333333333, 0.26966666666666667)
17:42:05.642 [JavaFX Application Thread] DEBUG PrimaryStageWindow   - Set initial scene to FXGLStartupScene
17:42:05.652 [JavaFX Application Thread] DEBUG PrimaryStageWindow   - Opening main window
17:42:05.866 [JavaFX Application Thread] DEBUG PrimaryStageWindow   - Window border size: (0.0, 28.0)
17:42:05.867 [JavaFX Application Thread] DEBUG PrimaryStageWindow   - Scaled size: 784.0 x 809.0
17:42:05.867 [JavaFX Application Thread] DEBUG PrimaryStageWindow   - Scaled ratio: (0.2613333333333333, 0.26966666666666667)
17:42:05.867 [JavaFX Application Thread] DEBUG PrimaryStageWindow   - Scene size: 784.0 x 809.0
17:42:05.867 [JavaFX Application Thread] DEBUG PrimaryStageWindow   - Stage size: 784.0 x 837.0
17:42:05.879 [FXGL Background Thread 1 ] DEBUG Engine               - Initializing environment variables
17:42:06.021 [FXGL Background Thread 1 ] DEBUG FXGLAssetLoaderServi - User app class for loading assets: class CellApp
17:42:06.022 [FXGL Background Thread 1 ] DEBUG GameApplicationServi - Applying CSS: fxgl_dark.css
17:42:06.023 [FXGL Background Thread 1 ] DEBUG FXGLAssetLoaderServi - Loading from file system: jar:file:/Users/phillipdavis/Desktop/procedural-maps/lib/fxgl-11.17-uber.jar!/fxglassets/ui/css/fxgl_dark.css
17:42:06.142 [FXGL Background Thread 1 ] DEBUG GameApplicationServi - Initializing application scenes
17:42:06.424 [FXGL Background Thread 1 ] DEBUG GameWorld            - Game world initialized
17:42:06.491 [FXGL Background Thread 1 ] DEBUG PhysicsWorld         - Physics world initialized: appHeight=3000, physics.ppm=50.0
17:42:06.492 [FXGL Background Thread 1 ] DEBUG PhysicsWorld         - Using strategy: BRUTE_FORCE
17:42:06.494 [FXGL Background Thread 1 ] DEBUG GameScene            - Game scene initialized: 3000x3000
17:42:06.508 [FXGL Background Thread 1 ] DEBUG FXGL.DefaultMenu     - createMenuBodyGameMenu()
17:42:06.529 [FXGL Background Thread 1 ] DEBUG FXGL.DefaultMenu     - createOptionsMenu()
17:42:06.539 [FXGL Background Thread 1 ] DEBUG FXGLAssetLoaderServi - Loading from file system: jar:file:/Users/phillipdavis/Desktop/procedural-maps/lib/fxgl-11.17-uber.jar!/fxglassets/textures/particles/smoke.png
17:42:06.639 [FXGL Background Thread 1 ] DEBUG FXGLAssetLoaderServi - Loading from file system: jar:file:/Users/phillipdavis/Desktop/procedural-maps/lib/fxgl-11.17-uber.jar!/fxglassets/textures/particles/trace_horizontal.png
17:42:06.659 [FXGL Background Thread 1 ] DEBUG GameApplicationServi - Application scenes initialized
17:42:06.669 [FXGL Background Thread 1 ] DEBUG SystemBundleService  - Loading FXGL system data
17:42:06.672 [FXGL Background Thread 1 ] DEBUG FileSystemAccess     - Reading from: /Users/phillipdavis/Desktop/procedural-maps/system/fxgl.bundle
17:42:06.677 [FXGL Background Thread 1 ] DEBUG SystemBundleService  - Bundle FXGL: {}
17:42:06.677 [FXGL Background Thread 1 ] DEBUG UpdaterService       - Checking for updates
17:42:06.680 [FXGL Background Thread 4 ] DEBUG FXGLApplication      - Loading fonts
17:42:06.681 [FXGL Background Thread 1 ] DEBUG FXGLApplication      - Loading default localization
17:42:06.681 [FXGL Background Thread 4 ] DEBUG FXGLAssetLoaderServi - Loading from file system: jar:file:/Users/phillipdavis/Desktop/procedural-maps/lib/fxgl-11.17-uber.jar!/fxglassets/ui/fonts/VarelaRound-Regular.ttf
17:42:06.682 [FXGL Background Thread 1 ] DEBUG FXGLAssetLoaderServi - Loading from file system: jar:file:/Users/phillipdavis/Desktop/procedural-maps/lib/fxgl-11.17-uber.jar!/fxglassets/languages/english.lang
17:42:06.699 [FXGL Background Thread 1 ] INFO  FXGLApplication      - FXGL initialization took: 0.820 sec
17:42:06.702 [FXGL Background Thread 4 ] DEBUG FXGLAssetLoaderServi - Loading from file system: jar:file:/Users/phillipdavis/Desktop/procedural-maps/lib/fxgl-11.17-uber.jar!/fxglassets/ui/fonts/Abel-Regular.ttf
17:42:06.706 [FXGL Background Thread 4 ] DEBUG FXGLAssetLoaderServi - Loading from file system: jar:file:/Users/phillipdavis/Desktop/procedural-maps/lib/fxgl-11.17-uber.jar!/fxglassets/ui/fonts/lucida_console.ttf
17:42:06.716 [JavaFX Application Thread] DEBUG Input                - Registered new binding: action0 - E
17:42:06.716 [JavaFX Application Thread] DEBUG FXGLAssetLoaderServi - Loading from file system: jar:file:/Users/phillipdavis/Desktop/procedural-maps/lib/fxgl-11.17-uber.jar!/fxglassets/textures/fxgl_icon.png
17:42:06.726 [FXGL Background Thread 4 ] DEBUG FXGLAssetLoaderServi - Loading from file system: jar:file:/Users/phillipdavis/Desktop/procedural-maps/lib/fxgl-11.17-uber.jar!/fxglassets/ui/fonts/Courier-Prime.ttf
17:42:06.755 [JavaFX Application Thread] DEBUG FXGLAssetLoaderServi - Loading from file system: jar:file:/Users/phillipdavis/Desktop/procedural-maps/lib/fxgl-11.17-uber.jar!/fxglassets/textures/fxgl_default_cursor.png
17:42:06.758 [JavaFX Application Thread] DEBUG Input                - Registered new binding: Screenshot - CTRL+8
17:42:06.759 [JavaFX Application Thread] DEBUG Input                - Registered new binding: System info dump - CTRL+9
17:42:06.759 [JavaFX Application Thread] DEBUG Input                - Registered new binding: Restart - CTRL+R
17:42:06.760 [JavaFX Application Thread] DEBUG Input                - Registered new binding: Toggle Debug Camera - CTRL+C
17:42:06.762 [JavaFX Application Thread] DEBUG LoopRunner           - Starting loop
17:42:06.762 [JavaFX Application Thread] DEBUG LoopRunner           - Initializing JavaFX AnimationTimerLoop
17:42:06.763 [JavaFX Application Thread] DEBUG GameApplicationServi - Starting new game
17:42:06.764 [JavaFX Application Thread] DEBUG Input                - Clearing active input actions
17:42:06.778 [JavaFX Application Thread] DEBUG GameApplicationServi - Removing overlay from FXGLStartupScene and adding to FXGLLoadingScene
17:42:06.779 [JavaFX Application Thread] DEBUG PrimaryStageWindow   - FXGLStartupScene -> FXGLLoadingScene
17:42:06.779 [JavaFX Application Thread] DEBUG GameApplicationServi - Clearing previous game
17:42:06.779 [JavaFX Application Thread] DEBUG GameScene            - Clearing game scene
17:42:06.779 [JavaFX Application Thread] DEBUG GameWorld            - Clearing game world
17:42:06.792 [JavaFX Application Thread] DEBUG PhysicsWorld         - Clearing physics world
17:42:06.798 [FXGL Background Thread 4 ] DEBUG FXGLApplication      - Initializing game
17:42:06.822 [JavaFX Application Thread] DEBUG FXGLApplication      - Registering font factories with UI factory
17:42:09.681 [FXGL Background Thread 3 ] DEBUG Engine               - Logging environment variables
17:42:09.681 [FXGL Background Thread 3 ] DEBUG Engine               - achievements: []
17:42:09.682 [FXGL Background Thread 3 ] DEBUG Engine               - actualHeight: 809.0
17:42:09.682 [FXGL Background Thread 3 ] DEBUG Engine               - actualHeightProperty: ReadOnlyDoubleProperty [value: 809.0]
17:42:09.682 [FXGL Background Thread 3 ] DEBUG Engine               - actualWidth: 784.0
17:42:09.682 [FXGL Background Thread 3 ] DEBUG Engine               - actualWidthProperty: ReadOnlyDoubleProperty [value: 784.0]
17:42:09.682 [FXGL Background Thread 3 ] DEBUG Engine               - appIcon: fxgl_icon.png
17:42:09.682 [FXGL Background Thread 3 ] DEBUG Engine               - applicationMode: DEVELOPER
17:42:09.682 [FXGL Background Thread 3 ] DEBUG Engine               - cSSList: [fxgl_dark.css]
17:42:09.682 [FXGL Background Thread 3 ] DEBUG Engine               - collisionDetectionStrategy: BRUTE_FORCE
17:42:09.682 [FXGL Background Thread 3 ] DEBUG Engine               - configClass: Optional.empty
17:42:09.682 [FXGL Background Thread 3 ] DEBUG Engine               - credits: []
17:42:09.682 [FXGL Background Thread 3 ] DEBUG Engine               - defaultCursor: CursorInfo(imageName=fxgl_default_cursor.png, hotspotX=7.0, hotspotY=6.0)
17:42:09.683 [FXGL Background Thread 3 ] DEBUG Engine               - devBBoxColorProperty: ObjectProperty [value: 0xff0000ff]
17:42:09.683 [FXGL Background Thread 3 ] DEBUG Engine               - devEnableDebugCameraProperty: BooleanProperty [value: false]
17:42:09.683 [FXGL Background Thread 3 ] DEBUG Engine               - devSensorColorProperty: ObjectProperty [value: 0xffff00ff]
17:42:09.683 [FXGL Background Thread 3 ] DEBUG Engine               - devShowBBoxProperty: BooleanProperty [value: false]
17:42:09.683 [FXGL Background Thread 3 ] DEBUG Engine               - devShowPositionProperty: BooleanProperty [value: false]
17:42:09.683 [FXGL Background Thread 3 ] DEBUG Engine               - enabledMenuItems: []
17:42:09.683 [FXGL Background Thread 3 ] DEBUG Engine               - engineServices: [class com.almasb.fxgl.app.services.FXGLAssetLoaderService, class com.almasb.fxgl.app.FXGLApplication$GameApplicationService, class com.almasb.fxgl.app.services.FXGLDialogService, class com.almasb.fxgl.app.services.IOTaskExecutorService, class com.almasb.fxgl.io.FileSystemService, class com.almasb.fxgl.localization.LocalizationService, class com.almasb.fxgl.app.services.SystemBundleService, class com.almasb.fxgl.profile.SaveLoadService, class com.almasb.fxgl.ui.FXGLUIFactoryServiceProvider, class com.almasb.fxgl.ui.FXGLDialogFactoryServiceProvider, class com.almasb.fxgl.audio.AudioPlayer, class com.almasb.fxgl.notification.impl.NotificationServiceProvider, class com.almasb.fxgl.achievement.AchievementService, class com.almasb.fxgl.cutscene.CutsceneService, class com.almasb.fxgl.minigames.MiniGameService, class com.almasb.fxgl.net.NetService, class com.almasb.fxgl.app.services.UpdaterService, class com.almasb.fxgl.dev.DevService]
17:42:09.683 [FXGL Background Thread 3 ] DEBUG Engine               - fontGame: Abel-Regular.ttf
17:42:09.683 [FXGL Background Thread 3 ] DEBUG Engine               - fontMono: lucida_console.ttf
17:42:09.683 [FXGL Background Thread 3 ] DEBUG Engine               - fontText: Courier-Prime.ttf
17:42:09.683 [FXGL Background Thread 3 ] DEBUG Engine               - fontUI: VarelaRound-Regular.ttf
17:42:09.684 [FXGL Background Thread 3 ] DEBUG Engine               - fullScreen: BooleanProperty [value: false]
17:42:09.684 [FXGL Background Thread 3 ] DEBUG Engine               - gameDifficulty: MEDIUM
17:42:09.684 [FXGL Background Thread 3 ] DEBUG Engine               - gameDifficultyProperty: ObjectProperty [value: MEDIUM]
17:42:09.684 [FXGL Background Thread 3 ] DEBUG Engine               - globalMusicVolume: 0.5
17:42:09.684 [FXGL Background Thread 3 ] DEBUG Engine               - globalMusicVolumeProperty: DoubleProperty [value: 0.5]
17:42:09.684 [FXGL Background Thread 3 ] DEBUG Engine               - globalSoundVolume: 0.5
17:42:09.684 [FXGL Background Thread 3 ] DEBUG Engine               - globalSoundVolumeProperty: DoubleProperty [value: 0.5]
17:42:09.684 [FXGL Background Thread 3 ] DEBUG Engine               - height: 3000
17:42:09.684 [FXGL Background Thread 3 ] DEBUG Engine               - is3D: false
17:42:09.684 [FXGL Background Thread 3 ] DEBUG Engine               - isAndroid: false
17:42:09.685 [FXGL Background Thread 3 ] DEBUG Engine               - isBrowser: false
17:42:09.685 [FXGL Background Thread 3 ] DEBUG Engine               - isClickFeedbackEnabled: false
17:42:09.685 [FXGL Background Thread 3 ] DEBUG Engine               - isCloseConfirmation: false
17:42:09.685 [FXGL Background Thread 3 ] DEBUG Engine               - isDesktop: true
17:42:09.685 [FXGL Background Thread 3 ] DEBUG Engine               - isDeveloperMenuEnabled: false
17:42:09.685 [FXGL Background Thread 3 ] DEBUG Engine               - isEntityPreloadEnabled: true
17:42:09.685 [FXGL Background Thread 3 ] DEBUG Engine               - isExperimentalTiledLargeMap: false
17:42:09.686 [FXGL Background Thread 3 ] DEBUG Engine               - isFileSystemWriteAllowed: true
17:42:09.686 [FXGL Background Thread 3 ] DEBUG Engine               - isFullScreenAllowed: false
17:42:09.686 [FXGL Background Thread 3 ] DEBUG Engine               - isFullScreenFromStart: false
17:42:09.686 [FXGL Background Thread 3 ] DEBUG Engine               - isGameMenuEnabled: true
17:42:09.686 [FXGL Background Thread 3 ] DEBUG Engine               - isIOS: false
17:42:09.687 [FXGL Background Thread 3 ] DEBUG Engine               - isIntroEnabled: false
17:42:09.687 [FXGL Background Thread 3 ] DEBUG Engine               - isLinux: false
17:42:09.687 [FXGL Background Thread 3 ] DEBUG Engine               - isMac: true
17:42:09.687 [FXGL Background Thread 3 ] DEBUG Engine               - isMainMenuEnabled: false
17:42:09.688 [FXGL Background Thread 3 ] DEBUG Engine               - isManualResizeEnabled: false
17:42:09.688 [FXGL Background Thread 3 ] DEBUG Engine               - isMobile: false
17:42:09.688 [FXGL Background Thread 3 ] DEBUG Engine               - isNative: false
17:42:09.688 [FXGL Background Thread 3 ] DEBUG Engine               - isPauseMusicWhenMinimized: true
17:42:09.688 [FXGL Background Thread 3 ] DEBUG Engine               - isPreserveResizeRatio: false
17:42:09.688 [FXGL Background Thread 3 ] DEBUG Engine               - isProfilingEnabled: false
17:42:09.688 [FXGL Background Thread 3 ] DEBUG Engine               - isScaleAffectedOnResize: true
17:42:09.688 [FXGL Background Thread 3 ] DEBUG Engine               - isSingleStep: false
17:42:09.688 [FXGL Background Thread 3 ] DEBUG Engine               - isUserProfileEnabled: false
17:42:09.689 [FXGL Background Thread 3 ] DEBUG Engine               - isWindows: false
17:42:09.689 [FXGL Background Thread 3 ] DEBUG Engine               - language: ObjectProperty [value: ENGLISH]
17:42:09.689 [FXGL Background Thread 3 ] DEBUG Engine               - menuKey: ESCAPE
17:42:09.689 [FXGL Background Thread 3 ] DEBUG Engine               - mouseSensitivity: 0.2
17:42:09.689 [FXGL Background Thread 3 ] DEBUG Engine               - notificationViewClass: class com.almasb.fxgl.notification.view.XboxNotificationView
17:42:09.689 [FXGL Background Thread 3 ] DEBUG Engine               - pixelsPerMeter: 50.0
17:42:09.689 [FXGL Background Thread 3 ] DEBUG Engine               - platform: MAC
17:42:09.689 [FXGL Background Thread 3 ] DEBUG Engine               - prefHeightProperty: ReadOnlyDoubleProperty [value: 3000.0]
17:42:09.689 [FXGL Background Thread 3 ] DEBUG Engine               - prefWidthProperty: ReadOnlyDoubleProperty [value: 3000.0]
17:42:09.689 [FXGL Background Thread 3 ] DEBUG Engine               - profileDir: profiles/
17:42:09.689 [FXGL Background Thread 3 ] DEBUG Engine               - profileName: StringProperty [value: DEFAULT]
17:42:09.690 [FXGL Background Thread 3 ] DEBUG Engine               - randomSeed: -1
17:42:09.690 [FXGL Background Thread 3 ] DEBUG Engine               - runtimeInfo: RuntimeInfo(platform=MAC, version=11.17, build=16.07.2021 15.53)
17:42:09.690 [FXGL Background Thread 3 ] DEBUG Engine               - saveFileExt: sav
17:42:09.690 [FXGL Background Thread 3 ] DEBUG Engine               - scaledHeightProp$fxgl: DoubleProperty [bound, value: 809.0]
17:42:09.690 [FXGL Background Thread 3 ] DEBUG Engine               - scaledWidthProp$fxgl: DoubleProperty [bound, value: 784.0]
17:42:09.690 [FXGL Background Thread 3 ] DEBUG Engine               - sceneFactory: com.almasb.fxgl.app.scene.SceneFactory@2a61bbfa
17:42:09.690 [FXGL Background Thread 3 ] DEBUG Engine               - secondsIn24h: 60
17:42:09.690 [FXGL Background Thread 3 ] DEBUG Engine               - soundMenuBack: menu/back.wav
17:42:09.690 [FXGL Background Thread 3 ] DEBUG Engine               - soundMenuPress: menu/press.wav
17:42:09.690 [FXGL Background Thread 3 ] DEBUG Engine               - soundMenuSelect: menu/select.wav
17:42:09.690 [FXGL Background Thread 3 ] DEBUG Engine               - soundNotification: core/notification.wav
17:42:09.690 [FXGL Background Thread 3 ] DEBUG Engine               - stageStyle: DECORATED
17:42:09.691 [FXGL Background Thread 3 ] DEBUG Engine               - supportedLanguages: [ENGLISH, FRENCH, GERMAN, HUNGARIAN, RUSSIAN]
17:42:09.691 [FXGL Background Thread 3 ] DEBUG Engine               - ticksPerSecond: -1
17:42:09.691 [FXGL Background Thread 3 ] DEBUG Engine               - title: CellScape
17:42:09.691 [FXGL Background Thread 3 ] DEBUG Engine               - urlGithub: https://github.com/AlmasB/FXGL
17:42:09.691 [FXGL Background Thread 3 ] DEBUG Engine               - urlLeaderboard: http://fxgl-top.herokuapp.com/
17:42:09.691 [FXGL Background Thread 3 ] DEBUG Engine               - urlPOM: https://raw.githubusercontent.com/AlmasB/FXGL/release/README.md
17:42:09.691 [FXGL Background Thread 3 ] DEBUG Engine               - userAppClass: class CellApp
17:42:09.691 [FXGL Background Thread 3 ] DEBUG Engine               - version: 0.0
17:42:09.691 [FXGL Background Thread 3 ] DEBUG Engine               - versionCheckDays: 7
17:42:09.691 [FXGL Background Thread 3 ] DEBUG Engine               - width: 3000
17:42:09.691 [FXGL Background Thread 3 ] DEBUG Engine               - Logging services
17:42:09.691 [FXGL Background Thread 3 ] DEBUG Engine               - class com.almasb.fxgl.app.services.FXGLAssetLoaderService
17:42:09.691 [FXGL Background Thread 3 ] DEBUG Engine               - class com.almasb.fxgl.app.FXGLApplication$GameApplicationService
17:42:09.692 [FXGL Background Thread 3 ] DEBUG Engine               - class com.almasb.fxgl.app.services.FXGLDialogService
17:42:09.692 [FXGL Background Thread 3 ] DEBUG Engine               - class com.almasb.fxgl.app.services.IOTaskExecutorService
17:42:09.692 [FXGL Background Thread 3 ] DEBUG Engine               - class com.almasb.fxgl.io.FileSystemService
17:42:09.692 [FXGL Background Thread 3 ] DEBUG Engine               - class com.almasb.fxgl.localization.LocalizationService
17:42:09.692 [FXGL Background Thread 3 ] DEBUG Engine               - class com.almasb.fxgl.app.services.SystemBundleService
17:42:09.692 [FXGL Background Thread 3 ] DEBUG Engine               - class com.almasb.fxgl.profile.SaveLoadService
17:42:09.692 [FXGL Background Thread 3 ] DEBUG Engine               - class com.almasb.fxgl.ui.FXGLUIFactoryServiceProvider
17:42:09.692 [FXGL Background Thread 3 ] DEBUG Engine               - class com.almasb.fxgl.ui.FXGLDialogFactoryServiceProvider
17:42:09.692 [FXGL Background Thread 3 ] DEBUG Engine               - class com.almasb.fxgl.audio.AudioPlayer
17:42:09.692 [FXGL Background Thread 3 ] DEBUG Engine               - class com.almasb.fxgl.notification.impl.NotificationServiceProvider
17:42:09.692 [FXGL Background Thread 3 ] DEBUG Engine               - class com.almasb.fxgl.achievement.AchievementService
17:42:09.692 [FXGL Background Thread 3 ] DEBUG Engine               - class com.almasb.fxgl.cutscene.CutsceneService
17:42:09.693 [FXGL Background Thread 3 ] DEBUG Engine               - class com.almasb.fxgl.minigames.MiniGameService
17:42:09.693 [FXGL Background Thread 3 ] DEBUG Engine               - class com.almasb.fxgl.net.NetService
17:42:09.693 [FXGL Background Thread 3 ] DEBUG Engine               - class com.almasb.fxgl.app.services.UpdaterService
17:42:09.693 [FXGL Background Thread 3 ] DEBUG Engine               - class com.almasb.fxgl.dev.DevService
17:42:10.257 [FXGL Background Thread 4 ] INFO  FXGLApplication      - Game initialization took: 3.459 sec
17:42:10.257 [JavaFX Application Thread] DEBUG Input                - Clearing active input actions
17:42:10.406 [JavaFX Application Thread] DEBUG GameApplicationServi - Removing overlay from FXGLLoadingScene and adding to GameScene
17:42:10.407 [JavaFX Application Thread] DEBUG PrimaryStageWindow   - FXGLLoadingScene -> GameScene
17:42:46.712 [JavaFX Application Thread] DEBUG FXGLApplication      - Exiting FXGL
17:42:46.712 [JavaFX Application Thread] DEBUG LoopRunner           - Stopping loop
17:42:46.712 [JavaFX Application Thread] DEBUG SystemBundleService  - Saving FXGL system data
17:42:46.717 [JavaFX Application Thread] DEBUG FileSystemAccess     - Writing to: /Users/phillipdavis/Desktop/procedural-maps/system/fxgl.bundle
17:42:46.719 [JavaFX Application Thread] DEBUG Async                - Shutting down background threads
17:42:46.719 [JavaFX Application Thread] DEBUG PrimaryStageWindow   - Closing main window
17:42:46.745 [JavaFX Application Thread] DEBUG Logger               - Closing Logger
