11:32:12.118 [main                     ] DEBUG Logger               - Configured Logger
11:32:12.136 [main                     ] DEBUG GameApplication      - Logging settings
Title: CellScape
Version: 0.0
Width: 3000
Height: 3000
Fullscreen: false
Intro: false
Profiling: false
Single step:false
App Mode: DEVELOPER
Menu Key: ESCAPE
Stage Style: DECORATED
Scene Factory: class com.almasb.fxgl.app.scene.SceneFactory

11:32:12.602 [JavaFX Application Thread] DEBUG FXGLApplication      - Initializing FXGL
11:32:12.605 [JavaFX Application Thread] INFO  Engine               - FXGL-11.17 (16.07.2021 15.53) on MAC (J:11.0.12 FX:16)
11:32:12.605 [JavaFX Application Thread] DEBUG Engine               - JRE Vendor Name: Amazon.com Inc.
11:32:12.606 [JavaFX Application Thread] DEBUG Engine               - Running on OS: Mac OS X version 11.5.2
11:32:12.606 [JavaFX Application Thread] DEBUG Engine               - Architecture: x86_64
11:32:12.606 [JavaFX Application Thread] INFO  Engine               - Source code and latest versions at: https://github.com/AlmasB/FXGL
11:32:12.607 [JavaFX Application Thread] INFO  Engine               -              Join the FXGL chat at: https://gitter.im/AlmasB/FXGL
11:32:12.737 [JavaFX Application Thread] DEBUG PrimaryStageWindow   - Creating a JavaFX scene
11:32:12.737 [JavaFX Application Thread] DEBUG PrimaryStageWindow   - Target size > screen size
11:32:12.788 [JavaFX Application Thread] DEBUG PrimaryStageWindow   - Target settings size: 3000.0 x 3000.0
11:32:12.788 [JavaFX Application Thread] DEBUG PrimaryStageWindow   - Scaled scene size:    786.0 x 811.0
11:32:12.788 [JavaFX Application Thread] DEBUG PrimaryStageWindow   - Scaled ratio: (0.262, 0.2703333333333333)
11:32:12.789 [JavaFX Application Thread] DEBUG PrimaryStageWindow   - Set initial scene to FXGLStartupScene
11:32:12.795 [JavaFX Application Thread] DEBUG PrimaryStageWindow   - Opening main window
11:32:12.939 [JavaFX Application Thread] DEBUG PrimaryStageWindow   - Window border size: (0.0, 28.0)
11:32:12.939 [JavaFX Application Thread] DEBUG PrimaryStageWindow   - Scaled size: 786.0 x 811.0
11:32:12.939 [JavaFX Application Thread] DEBUG PrimaryStageWindow   - Scaled ratio: (0.262, 0.2703333333333333)
11:32:12.939 [JavaFX Application Thread] DEBUG PrimaryStageWindow   - Scene size: 786.0 x 811.0
11:32:12.940 [JavaFX Application Thread] DEBUG PrimaryStageWindow   - Stage size: 786.0 x 839.0
11:32:12.946 [FXGL Background Thread 1 ] DEBUG Engine               - Initializing environment variables
11:32:13.017 [FXGL Background Thread 1 ] DEBUG FXGLAssetLoaderServi - User app class for loading assets: class CellApp
11:32:13.017 [FXGL Background Thread 1 ] DEBUG GameApplicationServi - Applying CSS: fxgl_dark.css
11:32:13.018 [FXGL Background Thread 1 ] DEBUG FXGLAssetLoaderServi - Loading from file system: jar:file:/Users/phillipdavis/Desktop/procedural-maps/lib/fxgl-11.17-uber.jar!/fxglassets/ui/css/fxgl_dark.css
11:32:13.182 [FXGL Background Thread 1 ] DEBUG GameApplicationServi - Initializing application scenes
11:32:13.516 [FXGL Background Thread 1 ] DEBUG GameWorld            - Game world initialized
11:32:13.560 [FXGL Background Thread 1 ] DEBUG PhysicsWorld         - Physics world initialized: appHeight=3000, physics.ppm=50.0
11:32:13.560 [FXGL Background Thread 1 ] DEBUG PhysicsWorld         - Using strategy: BRUTE_FORCE
11:32:13.562 [FXGL Background Thread 1 ] DEBUG GameScene            - Game scene initialized: 3000x3000
11:32:13.578 [FXGL Background Thread 1 ] DEBUG FXGL.DefaultMenu     - createMenuBodyGameMenu()
11:32:13.598 [FXGL Background Thread 1 ] DEBUG FXGL.DefaultMenu     - createOptionsMenu()
11:32:13.611 [FXGL Background Thread 1 ] DEBUG FXGLAssetLoaderServi - Loading from file system: jar:file:/Users/phillipdavis/Desktop/procedural-maps/lib/fxgl-11.17-uber.jar!/fxglassets/textures/particles/smoke.png
11:32:13.731 [FXGL Background Thread 1 ] DEBUG FXGLAssetLoaderServi - Loading from file system: jar:file:/Users/phillipdavis/Desktop/procedural-maps/lib/fxgl-11.17-uber.jar!/fxglassets/textures/particles/trace_horizontal.png
11:32:13.781 [FXGL Background Thread 1 ] DEBUG GameApplicationServi - Application scenes initialized
11:32:13.790 [FXGL Background Thread 1 ] DEBUG SystemBundleService  - Loading FXGL system data
11:32:13.794 [FXGL Background Thread 1 ] DEBUG FileSystemAccess     - Reading from: /Users/phillipdavis/Desktop/procedural-maps/system/fxgl.bundle
11:32:13.799 [FXGL Background Thread 1 ] DEBUG SystemBundleService  - Bundle FXGL: {}
11:32:13.800 [FXGL Background Thread 1 ] DEBUG UpdaterService       - Checking for updates
11:32:13.806 [FXGL Background Thread 4 ] DEBUG FXGLApplication      - Loading fonts
11:32:13.807 [FXGL Background Thread 4 ] DEBUG FXGLAssetLoaderServi - Loading from file system: jar:file:/Users/phillipdavis/Desktop/procedural-maps/lib/fxgl-11.17-uber.jar!/fxglassets/ui/fonts/VarelaRound-Regular.ttf
11:32:13.807 [FXGL Background Thread 1 ] DEBUG FXGLApplication      - Loading default localization
11:32:13.808 [FXGL Background Thread 1 ] DEBUG FXGLAssetLoaderServi - Loading from file system: jar:file:/Users/phillipdavis/Desktop/procedural-maps/lib/fxgl-11.17-uber.jar!/fxglassets/languages/english.lang
11:32:13.827 [FXGL Background Thread 1 ] INFO  FXGLApplication      - FXGL initialization took: 0.880 sec
11:32:13.844 [JavaFX Application Thread] DEBUG Input                - Registered new binding: action0 - Enter
11:32:13.845 [JavaFX Application Thread] DEBUG FXGLAssetLoaderServi - Loading from file system: jar:file:/Users/phillipdavis/Desktop/procedural-maps/lib/fxgl-11.17-uber.jar!/fxglassets/textures/fxgl_icon.png
11:32:13.848 [FXGL Background Thread 4 ] DEBUG FXGLAssetLoaderServi - Loading from file system: jar:file:/Users/phillipdavis/Desktop/procedural-maps/lib/fxgl-11.17-uber.jar!/fxglassets/ui/fonts/Abel-Regular.ttf
11:32:13.852 [FXGL Background Thread 4 ] DEBUG FXGLAssetLoaderServi - Loading from file system: jar:file:/Users/phillipdavis/Desktop/procedural-maps/lib/fxgl-11.17-uber.jar!/fxglassets/ui/fonts/lucida_console.ttf
11:32:13.859 [FXGL Background Thread 4 ] DEBUG FXGLAssetLoaderServi - Loading from file system: jar:file:/Users/phillipdavis/Desktop/procedural-maps/lib/fxgl-11.17-uber.jar!/fxglassets/ui/fonts/Courier-Prime.ttf
11:32:13.884 [JavaFX Application Thread] DEBUG FXGLAssetLoaderServi - Loading from file system: jar:file:/Users/phillipdavis/Desktop/procedural-maps/lib/fxgl-11.17-uber.jar!/fxglassets/textures/fxgl_default_cursor.png
11:32:13.887 [JavaFX Application Thread] DEBUG Input                - Registered new binding: Screenshot - CTRL+8
11:32:13.888 [JavaFX Application Thread] DEBUG Input                - Registered new binding: System info dump - CTRL+9
11:32:13.888 [JavaFX Application Thread] DEBUG Input                - Registered new binding: Restart - CTRL+R
11:32:13.889 [JavaFX Application Thread] DEBUG Input                - Registered new binding: Toggle Debug Camera - CTRL+C
11:32:13.891 [JavaFX Application Thread] DEBUG LoopRunner           - Starting loop
11:32:13.891 [JavaFX Application Thread] DEBUG LoopRunner           - Initializing JavaFX AnimationTimerLoop
11:32:13.892 [JavaFX Application Thread] DEBUG GameApplicationServi - Starting new game
11:32:13.893 [JavaFX Application Thread] DEBUG Input                - Clearing active input actions
11:32:13.906 [JavaFX Application Thread] DEBUG GameApplicationServi - Removing overlay from FXGLStartupScene and adding to FXGLLoadingScene
11:32:13.907 [JavaFX Application Thread] DEBUG PrimaryStageWindow   - FXGLStartupScene -> FXGLLoadingScene
11:32:13.907 [JavaFX Application Thread] DEBUG GameApplicationServi - Clearing previous game
11:32:13.907 [JavaFX Application Thread] DEBUG GameScene            - Clearing game scene
11:32:13.907 [JavaFX Application Thread] DEBUG GameWorld            - Clearing game world
11:32:13.907 [JavaFX Application Thread] DEBUG PhysicsWorld         - Clearing physics world
11:32:13.908 [FXGL Background Thread 4 ] DEBUG FXGLApplication      - Initializing game
11:32:13.938 [JavaFX Application Thread] DEBUG FXGLApplication      - Registering font factories with UI factory
11:32:14.508 [JavaFX Application Thread] DEBUG FXGLApplication      - Exiting FXGL
11:32:14.508 [JavaFX Application Thread] DEBUG LoopRunner           - Stopping loop
11:32:14.508 [JavaFX Application Thread] DEBUG SystemBundleService  - Saving FXGL system data
11:32:14.510 [JavaFX Application Thread] DEBUG FileSystemAccess     - Writing to: /Users/phillipdavis/Desktop/procedural-maps/system/fxgl.bundle
11:32:14.512 [JavaFX Application Thread] DEBUG Async                - Shutting down background threads
11:32:14.513 [JavaFX Application Thread] DEBUG PrimaryStageWindow   - Closing main window
11:32:14.526 [JavaFX Application Thread] DEBUG Logger               - Closing Logger
