10:30:39.173 [main                     ] DEBUG Logger               - Configured Logger
10:30:39.190 [main                     ] DEBUG GameApplication      - Logging settings
Title: CellScape
Version: 0.0
Width: 3000
Height: 3000
Fullscreen: false
Intro: false
Profiling: false
Single step:false
App Mode: DEVELOPER
Menu Key: ESCAPE
Stage Style: DECORATED
Scene Factory: class com.almasb.fxgl.app.scene.SceneFactory

10:30:39.666 [JavaFX Application Thread] DEBUG FXGLApplication      - Initializing FXGL
10:30:39.669 [JavaFX Application Thread] INFO  Engine               - FXGL-11.17 (16.07.2021 15.53) on MAC (J:11.0.12 FX:16)
10:30:39.669 [JavaFX Application Thread] DEBUG Engine               - JRE Vendor Name: Amazon.com Inc.
10:30:39.670 [JavaFX Application Thread] DEBUG Engine               - Running on OS: Mac OS X version 11.5.2
10:30:39.670 [JavaFX Application Thread] DEBUG Engine               - Architecture: x86_64
10:30:39.670 [JavaFX Application Thread] INFO  Engine               - Source code and latest versions at: https://github.com/AlmasB/FXGL
10:30:39.670 [JavaFX Application Thread] INFO  Engine               -              Join the FXGL chat at: https://gitter.im/AlmasB/FXGL
10:30:39.825 [JavaFX Application Thread] DEBUG PrimaryStageWindow   - Creating a JavaFX scene
10:30:39.825 [JavaFX Application Thread] DEBUG PrimaryStageWindow   - Target size > screen size
10:30:39.890 [JavaFX Application Thread] DEBUG PrimaryStageWindow   - Target settings size: 3000.0 x 3000.0
10:30:39.890 [JavaFX Application Thread] DEBUG PrimaryStageWindow   - Scaled scene size:    786.0 x 811.0
10:30:39.890 [JavaFX Application Thread] DEBUG PrimaryStageWindow   - Scaled ratio: (0.262, 0.2703333333333333)
10:30:39.891 [JavaFX Application Thread] DEBUG PrimaryStageWindow   - Set initial scene to FXGLStartupScene
10:30:39.900 [JavaFX Application Thread] DEBUG PrimaryStageWindow   - Opening main window
10:30:40.086 [JavaFX Application Thread] DEBUG PrimaryStageWindow   - Window border size: (0.0, 28.0)
10:30:40.087 [JavaFX Application Thread] DEBUG PrimaryStageWindow   - Scaled size: 786.0 x 811.0
10:30:40.087 [JavaFX Application Thread] DEBUG PrimaryStageWindow   - Scaled ratio: (0.262, 0.2703333333333333)
10:30:40.087 [JavaFX Application Thread] DEBUG PrimaryStageWindow   - Scene size: 786.0 x 811.0
10:30:40.087 [JavaFX Application Thread] DEBUG PrimaryStageWindow   - Stage size: 786.0 x 839.0
10:30:40.093 [FXGL Background Thread 1 ] DEBUG Engine               - Initializing environment variables
10:30:40.159 [FXGL Background Thread 1 ] DEBUG FXGLAssetLoaderServi - User app class for loading assets: class CellApp
10:30:40.160 [FXGL Background Thread 1 ] DEBUG GameApplicationServi - Applying CSS: fxgl_dark.css
10:30:40.163 [FXGL Background Thread 1 ] DEBUG FXGLAssetLoaderServi - Loading from file system: jar:file:/Users/phillipdavis/Desktop/procedural-maps/lib/fxgl-11.17-uber.jar!/fxglassets/ui/css/fxgl_dark.css
10:30:40.300 [FXGL Background Thread 1 ] DEBUG GameApplicationServi - Initializing application scenes
10:30:40.683 [FXGL Background Thread 1 ] DEBUG GameWorld            - Game world initialized
10:30:40.728 [FXGL Background Thread 1 ] DEBUG PhysicsWorld         - Physics world initialized: appHeight=3000, physics.ppm=50.0
10:30:40.728 [FXGL Background Thread 1 ] DEBUG PhysicsWorld         - Using strategy: BRUTE_FORCE
10:30:40.731 [FXGL Background Thread 1 ] DEBUG GameScene            - Game scene initialized: 3000x3000
10:30:40.743 [FXGL Background Thread 1 ] DEBUG FXGL.DefaultMenu     - createMenuBodyGameMenu()
10:30:40.757 [FXGL Background Thread 1 ] DEBUG FXGL.DefaultMenu     - createOptionsMenu()
10:30:40.766 [FXGL Background Thread 1 ] DEBUG FXGLAssetLoaderServi - Loading from file system: jar:file:/Users/phillipdavis/Desktop/procedural-maps/lib/fxgl-11.17-uber.jar!/fxglassets/textures/particles/smoke.png
10:30:40.851 [FXGL Background Thread 1 ] DEBUG FXGLAssetLoaderServi - Loading from file system: jar:file:/Users/phillipdavis/Desktop/procedural-maps/lib/fxgl-11.17-uber.jar!/fxglassets/textures/particles/trace_horizontal.png
10:30:40.872 [FXGL Background Thread 1 ] DEBUG GameApplicationServi - Application scenes initialized
10:30:40.883 [FXGL Background Thread 1 ] DEBUG SystemBundleService  - Loading FXGL system data
10:30:40.887 [FXGL Background Thread 1 ] DEBUG FileSystemAccess     - Reading from: /Users/phillipdavis/Desktop/procedural-maps/system/fxgl.bundle
10:30:40.894 [FXGL Background Thread 1 ] DEBUG SystemBundleService  - Bundle FXGL: {}
10:30:40.894 [FXGL Background Thread 1 ] DEBUG UpdaterService       - Checking for updates
10:30:40.899 [FXGL Background Thread 1 ] DEBUG FXGLApplication      - Loading default localization
10:30:40.900 [FXGL Background Thread 1 ] DEBUG FXGLAssetLoaderServi - Loading from file system: jar:file:/Users/phillipdavis/Desktop/procedural-maps/lib/fxgl-11.17-uber.jar!/fxglassets/languages/english.lang
10:30:40.901 [FXGL Background Thread 4 ] DEBUG FXGLApplication      - Loading fonts
10:30:40.902 [FXGL Background Thread 4 ] DEBUG FXGLAssetLoaderServi - Loading from file system: jar:file:/Users/phillipdavis/Desktop/procedural-maps/lib/fxgl-11.17-uber.jar!/fxglassets/ui/fonts/VarelaRound-Regular.ttf
10:30:40.916 [FXGL Background Thread 1 ] INFO  FXGLApplication      - FXGL initialization took: 0.824 sec
10:30:40.919 [JavaFX Application Thread] DEBUG FXGLAssetLoaderServi - Loading from file system: jar:file:/Users/phillipdavis/Desktop/procedural-maps/lib/fxgl-11.17-uber.jar!/fxglassets/textures/fxgl_icon.png
10:30:40.924 [FXGL Background Thread 4 ] DEBUG FXGLAssetLoaderServi - Loading from file system: jar:file:/Users/phillipdavis/Desktop/procedural-maps/lib/fxgl-11.17-uber.jar!/fxglassets/ui/fonts/Abel-Regular.ttf
10:30:40.928 [FXGL Background Thread 4 ] DEBUG FXGLAssetLoaderServi - Loading from file system: jar:file:/Users/phillipdavis/Desktop/procedural-maps/lib/fxgl-11.17-uber.jar!/fxglassets/ui/fonts/lucida_console.ttf
10:30:40.942 [FXGL Background Thread 4 ] DEBUG FXGLAssetLoaderServi - Loading from file system: jar:file:/Users/phillipdavis/Desktop/procedural-maps/lib/fxgl-11.17-uber.jar!/fxglassets/ui/fonts/Courier-Prime.ttf
10:30:40.958 [JavaFX Application Thread] DEBUG FXGLAssetLoaderServi - Loading from file system: jar:file:/Users/phillipdavis/Desktop/procedural-maps/lib/fxgl-11.17-uber.jar!/fxglassets/textures/fxgl_default_cursor.png
10:30:40.976 [JavaFX Application Thread] DEBUG Input                - Registered new binding: Screenshot - CTRL+8
10:30:40.977 [JavaFX Application Thread] DEBUG Input                - Registered new binding: System info dump - CTRL+9
10:30:40.977 [JavaFX Application Thread] DEBUG Input                - Registered new binding: Restart - CTRL+R
10:30:40.978 [JavaFX Application Thread] DEBUG Input                - Registered new binding: Toggle Debug Camera - CTRL+C
10:30:40.980 [JavaFX Application Thread] DEBUG LoopRunner           - Starting loop
10:30:40.980 [JavaFX Application Thread] DEBUG LoopRunner           - Initializing JavaFX AnimationTimerLoop
10:30:40.981 [JavaFX Application Thread] DEBUG GameApplicationServi - Starting new game
10:30:40.982 [JavaFX Application Thread] DEBUG Input                - Clearing active input actions
10:30:40.995 [JavaFX Application Thread] DEBUG GameApplicationServi - Removing overlay from FXGLStartupScene and adding to FXGLLoadingScene
10:30:40.996 [JavaFX Application Thread] DEBUG PrimaryStageWindow   - FXGLStartupScene -> FXGLLoadingScene
10:30:40.996 [JavaFX Application Thread] DEBUG GameApplicationServi - Clearing previous game
10:30:40.996 [JavaFX Application Thread] DEBUG GameScene            - Clearing game scene
10:30:40.996 [JavaFX Application Thread] DEBUG GameWorld            - Clearing game world
10:30:40.996 [JavaFX Application Thread] DEBUG PhysicsWorld         - Clearing physics world
10:30:40.997 [FXGL Background Thread 4 ] DEBUG FXGLApplication      - Initializing game
10:30:41.029 [JavaFX Application Thread] DEBUG FXGLApplication      - Registering font factories with UI factory
10:30:42.667 [FXGL Background Thread 4 ] INFO  FXGLApplication      - Game initialization took: 1.670 sec
10:30:42.668 [JavaFX Application Thread] DEBUG Input                - Clearing active input actions
10:30:42.830 [JavaFX Application Thread] DEBUG GameApplicationServi - Removing overlay from FXGLLoadingScene and adding to GameScene
10:30:42.831 [JavaFX Application Thread] DEBUG PrimaryStageWindow   - FXGLLoadingScene -> GameScene
10:30:43.901 [FXGL Background Thread 3 ] DEBUG Engine               - Logging environment variables
10:30:43.902 [FXGL Background Thread 3 ] DEBUG Engine               - achievements: []
10:30:43.902 [FXGL Background Thread 3 ] DEBUG Engine               - actualHeight: 811.0
10:30:43.902 [FXGL Background Thread 3 ] DEBUG Engine               - actualHeightProperty: ReadOnlyDoubleProperty [value: 811.0]
10:30:43.902 [FXGL Background Thread 3 ] DEBUG Engine               - actualWidth: 786.0
10:30:43.903 [FXGL Background Thread 3 ] DEBUG Engine               - actualWidthProperty: ReadOnlyDoubleProperty [value: 786.0]
10:30:43.903 [FXGL Background Thread 3 ] DEBUG Engine               - appIcon: fxgl_icon.png
10:30:43.903 [FXGL Background Thread 3 ] DEBUG Engine               - applicationMode: DEVELOPER
10:30:43.903 [FXGL Background Thread 3 ] DEBUG Engine               - cSSList: [fxgl_dark.css]
10:30:43.903 [FXGL Background Thread 3 ] DEBUG Engine               - collisionDetectionStrategy: BRUTE_FORCE
10:30:43.903 [FXGL Background Thread 3 ] DEBUG Engine               - configClass: Optional.empty
10:30:43.903 [FXGL Background Thread 3 ] DEBUG Engine               - credits: []
10:30:43.904 [FXGL Background Thread 3 ] DEBUG Engine               - defaultCursor: CursorInfo(imageName=fxgl_default_cursor.png, hotspotX=7.0, hotspotY=6.0)
10:30:43.904 [FXGL Background Thread 3 ] DEBUG Engine               - devBBoxColorProperty: ObjectProperty [value: 0xff0000ff]
10:30:43.904 [FXGL Background Thread 3 ] DEBUG Engine               - devEnableDebugCameraProperty: BooleanProperty [value: false]
10:30:43.904 [FXGL Background Thread 3 ] DEBUG Engine               - devSensorColorProperty: ObjectProperty [value: 0xffff00ff]
10:30:43.905 [FXGL Background Thread 3 ] DEBUG Engine               - devShowBBoxProperty: BooleanProperty [value: false]
10:30:43.905 [FXGL Background Thread 3 ] DEBUG Engine               - devShowPositionProperty: BooleanProperty [value: false]
10:30:43.905 [FXGL Background Thread 3 ] DEBUG Engine               - enabledMenuItems: []
10:30:43.905 [FXGL Background Thread 3 ] DEBUG Engine               - engineServices: [class com.almasb.fxgl.app.services.FXGLAssetLoaderService, class com.almasb.fxgl.app.FXGLApplication$GameApplicationService, class com.almasb.fxgl.app.services.FXGLDialogService, class com.almasb.fxgl.app.services.IOTaskExecutorService, class com.almasb.fxgl.io.FileSystemService, class com.almasb.fxgl.localization.LocalizationService, class com.almasb.fxgl.app.services.SystemBundleService, class com.almasb.fxgl.profile.SaveLoadService, class com.almasb.fxgl.ui.FXGLUIFactoryServiceProvider, class com.almasb.fxgl.ui.FXGLDialogFactoryServiceProvider, class com.almasb.fxgl.audio.AudioPlayer, class com.almasb.fxgl.notification.impl.NotificationServiceProvider, class com.almasb.fxgl.achievement.AchievementService, class com.almasb.fxgl.cutscene.CutsceneService, class com.almasb.fxgl.minigames.MiniGameService, class com.almasb.fxgl.net.NetService, class com.almasb.fxgl.app.services.UpdaterService, class com.almasb.fxgl.dev.DevService]
10:30:43.905 [FXGL Background Thread 3 ] DEBUG Engine               - fontGame: Abel-Regular.ttf
10:30:43.905 [FXGL Background Thread 3 ] DEBUG Engine               - fontMono: lucida_console.ttf
10:30:43.905 [FXGL Background Thread 3 ] DEBUG Engine               - fontText: Courier-Prime.ttf
10:30:43.905 [FXGL Background Thread 3 ] DEBUG Engine               - fontUI: VarelaRound-Regular.ttf
10:30:43.905 [FXGL Background Thread 3 ] DEBUG Engine               - fullScreen: BooleanProperty [value: false]
10:30:43.906 [FXGL Background Thread 3 ] DEBUG Engine               - gameDifficulty: MEDIUM
10:30:43.906 [FXGL Background Thread 3 ] DEBUG Engine               - gameDifficultyProperty: ObjectProperty [value: MEDIUM]
10:30:43.906 [FXGL Background Thread 3 ] DEBUG Engine               - globalMusicVolume: 0.5
10:30:43.906 [FXGL Background Thread 3 ] DEBUG Engine               - globalMusicVolumeProperty: DoubleProperty [value: 0.5]
10:30:43.906 [FXGL Background Thread 3 ] DEBUG Engine               - globalSoundVolume: 0.5
10:30:43.906 [FXGL Background Thread 3 ] DEBUG Engine               - globalSoundVolumeProperty: DoubleProperty [value: 0.5]
10:30:43.906 [FXGL Background Thread 3 ] DEBUG Engine               - height: 3000
10:30:43.907 [FXGL Background Thread 3 ] DEBUG Engine               - is3D: false
10:30:43.907 [FXGL Background Thread 3 ] DEBUG Engine               - isAndroid: false
10:30:43.907 [FXGL Background Thread 3 ] DEBUG Engine               - isBrowser: false
10:30:43.907 [FXGL Background Thread 3 ] DEBUG Engine               - isClickFeedbackEnabled: false
10:30:43.907 [FXGL Background Thread 3 ] DEBUG Engine               - isCloseConfirmation: false
10:30:43.907 [FXGL Background Thread 3 ] DEBUG Engine               - isDesktop: true
10:30:43.907 [FXGL Background Thread 3 ] DEBUG Engine               - isDeveloperMenuEnabled: false
10:30:43.907 [FXGL Background Thread 3 ] DEBUG Engine               - isEntityPreloadEnabled: true
10:30:43.907 [FXGL Background Thread 3 ] DEBUG Engine               - isExperimentalTiledLargeMap: false
10:30:43.908 [FXGL Background Thread 3 ] DEBUG Engine               - isFileSystemWriteAllowed: true
10:30:43.908 [FXGL Background Thread 3 ] DEBUG Engine               - isFullScreenAllowed: false
10:30:43.908 [FXGL Background Thread 3 ] DEBUG Engine               - isFullScreenFromStart: false
10:30:43.908 [FXGL Background Thread 3 ] DEBUG Engine               - isGameMenuEnabled: true
10:30:43.908 [FXGL Background Thread 3 ] DEBUG Engine               - isIOS: false
10:30:43.908 [FXGL Background Thread 3 ] DEBUG Engine               - isIntroEnabled: false
10:30:43.908 [FXGL Background Thread 3 ] DEBUG Engine               - isLinux: false
10:30:43.908 [FXGL Background Thread 3 ] DEBUG Engine               - isMac: true
10:30:43.908 [FXGL Background Thread 3 ] DEBUG Engine               - isMainMenuEnabled: false
10:30:43.908 [FXGL Background Thread 3 ] DEBUG Engine               - isManualResizeEnabled: false
10:30:43.909 [FXGL Background Thread 3 ] DEBUG Engine               - isMobile: false
10:30:43.909 [FXGL Background Thread 3 ] DEBUG Engine               - isNative: false
10:30:43.909 [FXGL Background Thread 3 ] DEBUG Engine               - isPauseMusicWhenMinimized: true
10:30:43.909 [FXGL Background Thread 3 ] DEBUG Engine               - isPreserveResizeRatio: false
10:30:43.909 [FXGL Background Thread 3 ] DEBUG Engine               - isProfilingEnabled: false
10:30:43.909 [FXGL Background Thread 3 ] DEBUG Engine               - isScaleAffectedOnResize: true
10:30:43.909 [FXGL Background Thread 3 ] DEBUG Engine               - isSingleStep: false
10:30:43.909 [FXGL Background Thread 3 ] DEBUG Engine               - isUserProfileEnabled: false
10:30:43.910 [FXGL Background Thread 3 ] DEBUG Engine               - isWindows: false
10:30:43.910 [FXGL Background Thread 3 ] DEBUG Engine               - language: ObjectProperty [value: ENGLISH]
10:30:43.910 [FXGL Background Thread 3 ] DEBUG Engine               - menuKey: ESCAPE
10:30:43.910 [FXGL Background Thread 3 ] DEBUG Engine               - mouseSensitivity: 0.2
10:30:43.910 [FXGL Background Thread 3 ] DEBUG Engine               - notificationViewClass: class com.almasb.fxgl.notification.view.XboxNotificationView
10:30:43.910 [FXGL Background Thread 3 ] DEBUG Engine               - pixelsPerMeter: 50.0
10:30:43.910 [FXGL Background Thread 3 ] DEBUG Engine               - platform: MAC
10:30:43.910 [FXGL Background Thread 3 ] DEBUG Engine               - prefHeightProperty: ReadOnlyDoubleProperty [value: 3000.0]
10:30:43.910 [FXGL Background Thread 3 ] DEBUG Engine               - prefWidthProperty: ReadOnlyDoubleProperty [value: 3000.0]
10:30:43.910 [FXGL Background Thread 3 ] DEBUG Engine               - profileDir: profiles/
10:30:43.911 [FXGL Background Thread 3 ] DEBUG Engine               - profileName: StringProperty [value: DEFAULT]
10:30:43.911 [FXGL Background Thread 3 ] DEBUG Engine               - randomSeed: -1
10:30:43.911 [FXGL Background Thread 3 ] DEBUG Engine               - runtimeInfo: RuntimeInfo(platform=MAC, version=11.17, build=16.07.2021 15.53)
10:30:43.911 [FXGL Background Thread 3 ] DEBUG Engine               - saveFileExt: sav
10:30:43.911 [FXGL Background Thread 3 ] DEBUG Engine               - scaledHeightProp$fxgl: DoubleProperty [bound, value: 811.0]
10:30:43.911 [FXGL Background Thread 3 ] DEBUG Engine               - scaledWidthProp$fxgl: DoubleProperty [bound, value: 786.0]
10:30:43.911 [FXGL Background Thread 3 ] DEBUG Engine               - sceneFactory: com.almasb.fxgl.app.scene.SceneFactory@1d9601d2
10:30:43.911 [FXGL Background Thread 3 ] DEBUG Engine               - secondsIn24h: 60
10:30:43.911 [FXGL Background Thread 3 ] DEBUG Engine               - soundMenuBack: menu/back.wav
10:30:43.911 [FXGL Background Thread 3 ] DEBUG Engine               - soundMenuPress: menu/press.wav
10:30:43.912 [FXGL Background Thread 3 ] DEBUG Engine               - soundMenuSelect: menu/select.wav
10:30:43.912 [FXGL Background Thread 3 ] DEBUG Engine               - soundNotification: core/notification.wav
10:30:43.912 [FXGL Background Thread 3 ] DEBUG Engine               - stageStyle: DECORATED
10:30:43.912 [FXGL Background Thread 3 ] DEBUG Engine               - supportedLanguages: [ENGLISH, FRENCH, GERMAN, HUNGARIAN, RUSSIAN]
10:30:43.912 [FXGL Background Thread 3 ] DEBUG Engine               - ticksPerSecond: -1
10:30:43.912 [FXGL Background Thread 3 ] DEBUG Engine               - title: CellScape
10:30:43.912 [FXGL Background Thread 3 ] DEBUG Engine               - urlGithub: https://github.com/AlmasB/FXGL
10:30:43.912 [FXGL Background Thread 3 ] DEBUG Engine               - urlLeaderboard: http://fxgl-top.herokuapp.com/
10:30:43.912 [FXGL Background Thread 3 ] DEBUG Engine               - urlPOM: https://raw.githubusercontent.com/AlmasB/FXGL/release/README.md
10:30:43.912 [FXGL Background Thread 3 ] DEBUG Engine               - userAppClass: class CellApp
10:30:43.912 [FXGL Background Thread 3 ] DEBUG Engine               - version: 0.0
10:30:43.912 [FXGL Background Thread 3 ] DEBUG Engine               - versionCheckDays: 7
10:30:43.913 [FXGL Background Thread 3 ] DEBUG Engine               - width: 3000
10:30:43.913 [FXGL Background Thread 3 ] DEBUG Engine               - Logging services
10:30:43.913 [FXGL Background Thread 3 ] DEBUG Engine               - class com.almasb.fxgl.app.services.FXGLAssetLoaderService
10:30:43.913 [FXGL Background Thread 3 ] DEBUG Engine               - class com.almasb.fxgl.app.FXGLApplication$GameApplicationService
10:30:43.913 [FXGL Background Thread 3 ] DEBUG Engine               - class com.almasb.fxgl.app.services.FXGLDialogService
10:30:43.913 [FXGL Background Thread 3 ] DEBUG Engine               - class com.almasb.fxgl.app.services.IOTaskExecutorService
10:30:43.913 [FXGL Background Thread 3 ] DEBUG Engine               - class com.almasb.fxgl.io.FileSystemService
10:30:43.913 [FXGL Background Thread 3 ] DEBUG Engine               - class com.almasb.fxgl.localization.LocalizationService
10:30:43.913 [FXGL Background Thread 3 ] DEBUG Engine               - class com.almasb.fxgl.app.services.SystemBundleService
10:30:43.913 [FXGL Background Thread 3 ] DEBUG Engine               - class com.almasb.fxgl.profile.SaveLoadService
10:30:43.913 [FXGL Background Thread 3 ] DEBUG Engine               - class com.almasb.fxgl.ui.FXGLUIFactoryServiceProvider
10:30:43.913 [FXGL Background Thread 3 ] DEBUG Engine               - class com.almasb.fxgl.ui.FXGLDialogFactoryServiceProvider
10:30:43.913 [FXGL Background Thread 3 ] DEBUG Engine               - class com.almasb.fxgl.audio.AudioPlayer
10:30:43.913 [FXGL Background Thread 3 ] DEBUG Engine               - class com.almasb.fxgl.notification.impl.NotificationServiceProvider
10:30:43.913 [FXGL Background Thread 3 ] DEBUG Engine               - class com.almasb.fxgl.achievement.AchievementService
10:30:43.914 [FXGL Background Thread 3 ] DEBUG Engine               - class com.almasb.fxgl.cutscene.CutsceneService
10:30:43.914 [FXGL Background Thread 3 ] DEBUG Engine               - class com.almasb.fxgl.minigames.MiniGameService
10:30:43.914 [FXGL Background Thread 3 ] DEBUG Engine               - class com.almasb.fxgl.net.NetService
10:30:43.914 [FXGL Background Thread 3 ] DEBUG Engine               - class com.almasb.fxgl.app.services.UpdaterService
10:30:43.914 [FXGL Background Thread 3 ] DEBUG Engine               - class com.almasb.fxgl.dev.DevService
10:30:54.802 [JavaFX Application Thread] DEBUG FXGLApplication      - Exiting FXGL
10:30:54.802 [JavaFX Application Thread] DEBUG LoopRunner           - Stopping loop
10:30:54.802 [JavaFX Application Thread] DEBUG SystemBundleService  - Saving FXGL system data
10:30:54.803 [JavaFX Application Thread] DEBUG FileSystemAccess     - Writing to: /Users/phillipdavis/Desktop/procedural-maps/system/fxgl.bundle
10:30:54.805 [JavaFX Application Thread] DEBUG Async                - Shutting down background threads
10:30:54.805 [JavaFX Application Thread] DEBUG PrimaryStageWindow   - Closing main window
10:30:54.825 [JavaFX Application Thread] DEBUG Logger               - Closing Logger
