22:07:23.252 [main                     ] DEBUG Logger               - Configured Logger
22:07:23.269 [main                     ] DEBUG GameApplication      - Logging settings
Title: CellScape
Version: 0.0
Width: 3100
Height: 3100
Fullscreen: false
Intro: false
Profiling: false
Single step:false
App Mode: DEVELOPER
Menu Key: ESCAPE
Stage Style: DECORATED
Scene Factory: class com.almasb.fxgl.app.scene.SceneFactory

22:07:23.668 [JavaFX Application Thread] DEBUG FXGLApplication      - Initializing FXGL
22:07:23.670 [JavaFX Application Thread] INFO  Engine               - FXGL-11.17 (16.07.2021 15.53) on MAC (J:11.0.12 FX:16)
22:07:23.671 [JavaFX Application Thread] DEBUG Engine               - JRE Vendor Name: Amazon.com Inc.
22:07:23.671 [JavaFX Application Thread] DEBUG Engine               - Running on OS: Mac OS X version 11.5.2
22:07:23.671 [JavaFX Application Thread] DEBUG Engine               - Architecture: x86_64
22:07:23.671 [JavaFX Application Thread] INFO  Engine               - Source code and latest versions at: https://github.com/AlmasB/FXGL
22:07:23.671 [JavaFX Application Thread] INFO  Engine               -              Join the FXGL chat at: https://gitter.im/AlmasB/FXGL
22:07:23.786 [JavaFX Application Thread] DEBUG PrimaryStageWindow   - Creating a JavaFX scene
22:07:23.786 [JavaFX Application Thread] DEBUG PrimaryStageWindow   - Target size > screen size
22:07:23.832 [JavaFX Application Thread] DEBUG PrimaryStageWindow   - Target settings size: 3100.0 x 3100.0
22:07:23.832 [JavaFX Application Thread] DEBUG PrimaryStageWindow   - Scaled scene size:    786.0 x 811.0
22:07:23.832 [JavaFX Application Thread] DEBUG PrimaryStageWindow   - Scaled ratio: (0.2535483870967742, 0.26161290322580644)
22:07:23.833 [JavaFX Application Thread] DEBUG PrimaryStageWindow   - Set initial scene to FXGLStartupScene
22:07:23.839 [JavaFX Application Thread] DEBUG PrimaryStageWindow   - Opening main window
22:07:23.975 [JavaFX Application Thread] DEBUG PrimaryStageWindow   - Window border size: (0.0, 28.0)
22:07:23.975 [JavaFX Application Thread] DEBUG PrimaryStageWindow   - Scaled size: 786.0 x 811.0
22:07:23.975 [JavaFX Application Thread] DEBUG PrimaryStageWindow   - Scaled ratio: (0.2535483870967742, 0.26161290322580644)
22:07:23.976 [JavaFX Application Thread] DEBUG PrimaryStageWindow   - Scene size: 786.0 x 811.0
22:07:23.976 [JavaFX Application Thread] DEBUG PrimaryStageWindow   - Stage size: 786.0 x 839.0
22:07:23.981 [FXGL Background Thread 1 ] DEBUG Engine               - Initializing environment variables
22:07:24.055 [FXGL Background Thread 1 ] DEBUG FXGLAssetLoaderServi - User app class for loading assets: class CellApp
22:07:24.055 [FXGL Background Thread 1 ] DEBUG GameApplicationServi - Applying CSS: fxgl_dark.css
22:07:24.056 [FXGL Background Thread 1 ] DEBUG FXGLAssetLoaderServi - Loading from file system: jar:file:/Users/phillipdavis/Desktop/procedural-maps/main/lib/fxgl-11.17-uber.jar!/fxglassets/ui/css/fxgl_dark.css
22:07:24.122 [FXGL Background Thread 1 ] DEBUG GameApplicationServi - Initializing application scenes
22:07:24.412 [FXGL Background Thread 1 ] DEBUG GameWorld            - Game world initialized
22:07:24.452 [FXGL Background Thread 1 ] DEBUG PhysicsWorld         - Physics world initialized: appHeight=3100, physics.ppm=50.0
22:07:24.453 [FXGL Background Thread 1 ] DEBUG PhysicsWorld         - Using strategy: BRUTE_FORCE
22:07:24.455 [FXGL Background Thread 1 ] DEBUG GameScene            - Game scene initialized: 3100x3100
22:07:24.466 [FXGL Background Thread 1 ] DEBUG FXGL.DefaultMenu     - createMenuBodyGameMenu()
22:07:24.480 [FXGL Background Thread 1 ] DEBUG FXGL.DefaultMenu     - createOptionsMenu()
22:07:24.488 [FXGL Background Thread 1 ] DEBUG FXGLAssetLoaderServi - Loading from file system: jar:file:/Users/phillipdavis/Desktop/procedural-maps/main/lib/fxgl-11.17-uber.jar!/fxglassets/textures/particles/smoke.png
22:07:24.566 [FXGL Background Thread 1 ] DEBUG FXGLAssetLoaderServi - Loading from file system: jar:file:/Users/phillipdavis/Desktop/procedural-maps/main/lib/fxgl-11.17-uber.jar!/fxglassets/textures/particles/trace_horizontal.png
22:07:24.586 [FXGL Background Thread 1 ] DEBUG GameApplicationServi - Application scenes initialized
22:07:24.594 [FXGL Background Thread 1 ] DEBUG SystemBundleService  - Loading FXGL system data
22:07:24.596 [FXGL Background Thread 1 ] DEBUG FileSystemAccess     - Reading from: /Users/phillipdavis/Desktop/procedural-maps/system/fxgl.bundle
22:07:24.602 [FXGL Background Thread 1 ] DEBUG SystemBundleService  - Bundle FXGL: {}
22:07:24.602 [FXGL Background Thread 1 ] DEBUG UpdaterService       - Checking for updates
22:07:24.606 [FXGL Background Thread 4 ] DEBUG FXGLApplication      - Loading fonts
22:07:24.607 [FXGL Background Thread 1 ] DEBUG FXGLApplication      - Loading default localization
22:07:24.607 [FXGL Background Thread 1 ] DEBUG FXGLAssetLoaderServi - Loading from file system: jar:file:/Users/phillipdavis/Desktop/procedural-maps/main/lib/fxgl-11.17-uber.jar!/fxglassets/languages/english.lang
22:07:24.608 [FXGL Background Thread 4 ] DEBUG FXGLAssetLoaderServi - Loading from file system: jar:file:/Users/phillipdavis/Desktop/procedural-maps/main/lib/fxgl-11.17-uber.jar!/fxglassets/ui/fonts/VarelaRound-Regular.ttf
22:07:24.620 [FXGL Background Thread 1 ] INFO  FXGLApplication      - FXGL initialization took: 0.638 sec
22:07:24.622 [JavaFX Application Thread] DEBUG LoopRunner           - Stopping loop
22:07:24.622 [JavaFX Application Thread] DEBUG LoopRunner           - Initializing JavaFX AnimationTimerLoop
22:07:24.624 [JavaFX Application Thread] FATAL FXGLApplication      - Uncaught Exception:
java.lang.IllegalStateException: No EntityFactory was added! Call gameWorld.addEntityFactory()
	at com.almasb.fxgl.entity.GameWorld.create(GameWorld.kt:410)
	at com.almasb.fxgl.entity.GameWorld.spawn(GameWorld.kt:396)
	at com.almasb.fxgl.entity.GameWorld.spawn(GameWorld.kt:384)
	at com.almasb.fxgl.dsl.FXGL$Companion.spawn(FXGL.kt:444)
	at com.almasb.fxgl.dsl.FXGL.spawn(FXGL.kt)
	at CellApp.initInput(CellApp.java:52)
	at com.almasb.fxgl.app.FXGLApplication$GameApplicationService.onMainLoopStarting(FXGLApplication.kt:529)
	at com.almasb.fxgl.app.Engine.startLoop(Engine.kt:149)
	at com.almasb.fxgl.app.FXGLApplication.startImpl$lambda-3(FXGLApplication.kt:145)
	at com.almasb.fxgl.core.concurrent.IOTask.succeed(IOTask.java:164)
	at com.almasb.fxgl.core.concurrent.IOTask$1.succeeded(IOTask.java:153)
	at javafx.concurrent.Task.setState(Task.java:726)
	at javafx.concurrent.Task$TaskCallable.lambda$call$1(Task.java:1436)
	at com.sun.javafx.application.PlatformImpl.lambda$runLater$10(PlatformImpl.java:447)
	at java.base/java.security.AccessController.doPrivileged(Native Method)
	at com.sun.javafx.application.PlatformImpl.lambda$runLater$11(PlatformImpl.java:446)
	at com.sun.glass.ui.InvokeLaterDispatcher$Future.run(InvokeLaterDispatcher.java:96)

22:07:24.628 [JavaFX Application Thread] FATAL FXGLApplication      - Application will now exit
22:07:24.628 [FXGL Background Thread 4 ] DEBUG FXGLAssetLoaderServi - Loading from file system: jar:file:/Users/phillipdavis/Desktop/procedural-maps/main/lib/fxgl-11.17-uber.jar!/fxglassets/ui/fonts/Abel-Regular.ttf
22:07:24.634 [FXGL Background Thread 4 ] DEBUG FXGLAssetLoaderServi - Loading from file system: jar:file:/Users/phillipdavis/Desktop/procedural-maps/main/lib/fxgl-11.17-uber.jar!/fxglassets/ui/fonts/lucida_console.ttf
22:07:24.641 [FXGL Background Thread 4 ] DEBUG FXGLAssetLoaderServi - Loading from file system: jar:file:/Users/phillipdavis/Desktop/procedural-maps/main/lib/fxgl-11.17-uber.jar!/fxglassets/ui/fonts/Courier-Prime.ttf
22:07:24.655 [JavaFX Application Thread] DEBUG PrimaryStageWindow   - Push state: ErrorSubScene
22:07:24.655 [JavaFX Application Thread] DEBUG Input                - Clearing active input actions
22:07:24.664 [JavaFX Application Thread] DEBUG GameApplicationServi - Removing overlay from FXGLStartupScene and adding to ErrorSubScene
22:07:24.680 [JavaFX Application Thread] DEBUG PrimaryStageWindow   - FXGLStartupScene -> ErrorSubScene
22:07:24.680 [JavaFX Application Thread] DEBUG FXGLApplication      - Registering font factories with UI factory
22:07:27.608 [FXGL Background Thread 3 ] DEBUG Engine               - Logging environment variables
22:07:27.609 [FXGL Background Thread 3 ] DEBUG Engine               - achievements: []
22:07:27.609 [FXGL Background Thread 3 ] DEBUG Engine               - actualHeight: 811.0
22:07:27.609 [FXGL Background Thread 3 ] DEBUG Engine               - actualHeightProperty: ReadOnlyDoubleProperty [value: 811.0]
22:07:27.609 [FXGL Background Thread 3 ] DEBUG Engine               - actualWidth: 786.0
22:07:27.610 [FXGL Background Thread 3 ] DEBUG Engine               - actualWidthProperty: ReadOnlyDoubleProperty [value: 786.0]
22:07:27.610 [FXGL Background Thread 3 ] DEBUG Engine               - appIcon: fxgl_icon.png
22:07:27.610 [FXGL Background Thread 3 ] DEBUG Engine               - applicationMode: DEVELOPER
22:07:27.610 [FXGL Background Thread 3 ] DEBUG Engine               - cSSList: [fxgl_dark.css]
22:07:27.610 [FXGL Background Thread 3 ] DEBUG Engine               - collisionDetectionStrategy: BRUTE_FORCE
22:07:27.610 [FXGL Background Thread 3 ] DEBUG Engine               - configClass: Optional.empty
22:07:27.610 [FXGL Background Thread 3 ] DEBUG Engine               - credits: []
22:07:27.611 [FXGL Background Thread 3 ] DEBUG Engine               - defaultCursor: CursorInfo(imageName=fxgl_default_cursor.png, hotspotX=7.0, hotspotY=6.0)
22:07:27.611 [FXGL Background Thread 3 ] DEBUG Engine               - devBBoxColorProperty: ObjectProperty [value: 0xff0000ff]
22:07:27.611 [FXGL Background Thread 3 ] DEBUG Engine               - devEnableDebugCameraProperty: BooleanProperty [value: false]
22:07:27.612 [FXGL Background Thread 3 ] DEBUG Engine               - devSensorColorProperty: ObjectProperty [value: 0xffff00ff]
22:07:27.612 [FXGL Background Thread 3 ] DEBUG Engine               - devShowBBoxProperty: BooleanProperty [value: false]
22:07:27.612 [FXGL Background Thread 3 ] DEBUG Engine               - devShowPositionProperty: BooleanProperty [value: false]
22:07:27.612 [FXGL Background Thread 3 ] DEBUG Engine               - enabledMenuItems: []
22:07:27.612 [FXGL Background Thread 3 ] DEBUG Engine               - engineServices: [class com.almasb.fxgl.app.services.FXGLAssetLoaderService, class com.almasb.fxgl.app.FXGLApplication$GameApplicationService, class com.almasb.fxgl.app.services.FXGLDialogService, class com.almasb.fxgl.app.services.IOTaskExecutorService, class com.almasb.fxgl.io.FileSystemService, class com.almasb.fxgl.localization.LocalizationService, class com.almasb.fxgl.app.services.SystemBundleService, class com.almasb.fxgl.profile.SaveLoadService, class com.almasb.fxgl.ui.FXGLUIFactoryServiceProvider, class com.almasb.fxgl.ui.FXGLDialogFactoryServiceProvider, class com.almasb.fxgl.audio.AudioPlayer, class com.almasb.fxgl.notification.impl.NotificationServiceProvider, class com.almasb.fxgl.achievement.AchievementService, class com.almasb.fxgl.cutscene.CutsceneService, class com.almasb.fxgl.minigames.MiniGameService, class com.almasb.fxgl.net.NetService, class com.almasb.fxgl.app.services.UpdaterService, class com.almasb.fxgl.dev.DevService]
22:07:27.612 [FXGL Background Thread 3 ] DEBUG Engine               - fontGame: Abel-Regular.ttf
22:07:27.613 [FXGL Background Thread 3 ] DEBUG Engine               - fontMono: lucida_console.ttf
22:07:27.613 [FXGL Background Thread 3 ] DEBUG Engine               - fontText: Courier-Prime.ttf
22:07:27.613 [FXGL Background Thread 3 ] DEBUG Engine               - fontUI: VarelaRound-Regular.ttf
22:07:27.613 [FXGL Background Thread 3 ] DEBUG Engine               - fullScreen: BooleanProperty [value: false]
22:07:27.613 [FXGL Background Thread 3 ] DEBUG Engine               - gameDifficulty: MEDIUM
22:07:27.613 [FXGL Background Thread 3 ] DEBUG Engine               - gameDifficultyProperty: ObjectProperty [value: MEDIUM]
22:07:27.613 [FXGL Background Thread 3 ] DEBUG Engine               - globalMusicVolume: 0.5
22:07:27.614 [FXGL Background Thread 3 ] DEBUG Engine               - globalMusicVolumeProperty: DoubleProperty [value: 0.5]
22:07:27.614 [FXGL Background Thread 3 ] DEBUG Engine               - globalSoundVolume: 0.5
22:07:27.614 [FXGL Background Thread 3 ] DEBUG Engine               - globalSoundVolumeProperty: DoubleProperty [value: 0.5]
22:07:27.614 [FXGL Background Thread 3 ] DEBUG Engine               - height: 3100
22:07:27.614 [FXGL Background Thread 3 ] DEBUG Engine               - is3D: false
22:07:27.614 [FXGL Background Thread 3 ] DEBUG Engine               - isAndroid: false
22:07:27.615 [FXGL Background Thread 3 ] DEBUG Engine               - isBrowser: false
22:07:27.615 [FXGL Background Thread 3 ] DEBUG Engine               - isClickFeedbackEnabled: false
22:07:27.615 [FXGL Background Thread 3 ] DEBUG Engine               - isCloseConfirmation: false
22:07:27.615 [FXGL Background Thread 3 ] DEBUG Engine               - isDesktop: true
22:07:27.615 [FXGL Background Thread 3 ] DEBUG Engine               - isDeveloperMenuEnabled: false
22:07:27.615 [FXGL Background Thread 3 ] DEBUG Engine               - isEntityPreloadEnabled: true
22:07:27.616 [FXGL Background Thread 3 ] DEBUG Engine               - isExperimentalTiledLargeMap: false
22:07:27.616 [FXGL Background Thread 3 ] DEBUG Engine               - isFileSystemWriteAllowed: true
22:07:27.616 [FXGL Background Thread 3 ] DEBUG Engine               - isFullScreenAllowed: false
22:07:27.616 [FXGL Background Thread 3 ] DEBUG Engine               - isFullScreenFromStart: false
22:07:27.616 [FXGL Background Thread 3 ] DEBUG Engine               - isGameMenuEnabled: true
22:07:27.616 [FXGL Background Thread 3 ] DEBUG Engine               - isIOS: false
22:07:27.616 [FXGL Background Thread 3 ] DEBUG Engine               - isIntroEnabled: false
22:07:27.617 [FXGL Background Thread 3 ] DEBUG Engine               - isLinux: false
22:07:27.617 [FXGL Background Thread 3 ] DEBUG Engine               - isMac: true
22:07:27.617 [FXGL Background Thread 3 ] DEBUG Engine               - isMainMenuEnabled: false
22:07:27.617 [FXGL Background Thread 3 ] DEBUG Engine               - isManualResizeEnabled: false
22:07:27.617 [FXGL Background Thread 3 ] DEBUG Engine               - isMobile: false
22:07:27.617 [FXGL Background Thread 3 ] DEBUG Engine               - isNative: false
22:07:27.618 [FXGL Background Thread 3 ] DEBUG Engine               - isPauseMusicWhenMinimized: true
22:07:27.618 [FXGL Background Thread 3 ] DEBUG Engine               - isPreserveResizeRatio: false
22:07:27.618 [FXGL Background Thread 3 ] DEBUG Engine               - isProfilingEnabled: false
22:07:27.618 [FXGL Background Thread 3 ] DEBUG Engine               - isScaleAffectedOnResize: true
22:07:27.618 [FXGL Background Thread 3 ] DEBUG Engine               - isSingleStep: false
22:07:27.618 [FXGL Background Thread 3 ] DEBUG Engine               - isUserProfileEnabled: false
22:07:27.618 [FXGL Background Thread 3 ] DEBUG Engine               - isWindows: false
22:07:27.619 [FXGL Background Thread 3 ] DEBUG Engine               - language: ObjectProperty [value: ENGLISH]
22:07:27.620 [FXGL Background Thread 3 ] DEBUG Engine               - menuKey: ESCAPE
22:07:27.620 [FXGL Background Thread 3 ] DEBUG Engine               - mouseSensitivity: 0.2
22:07:27.620 [FXGL Background Thread 3 ] DEBUG Engine               - notificationViewClass: class com.almasb.fxgl.notification.view.XboxNotificationView
22:07:27.620 [FXGL Background Thread 3 ] DEBUG Engine               - pixelsPerMeter: 50.0
22:07:27.620 [FXGL Background Thread 3 ] DEBUG Engine               - platform: MAC
22:07:27.620 [FXGL Background Thread 3 ] DEBUG Engine               - prefHeightProperty: ReadOnlyDoubleProperty [value: 3100.0]
22:07:27.620 [FXGL Background Thread 3 ] DEBUG Engine               - prefWidthProperty: ReadOnlyDoubleProperty [value: 3100.0]
22:07:27.620 [FXGL Background Thread 3 ] DEBUG Engine               - profileDir: profiles/
22:07:27.620 [FXGL Background Thread 3 ] DEBUG Engine               - profileName: StringProperty [value: DEFAULT]
22:07:27.620 [FXGL Background Thread 3 ] DEBUG Engine               - randomSeed: -1
22:07:27.620 [FXGL Background Thread 3 ] DEBUG Engine               - runtimeInfo: RuntimeInfo(platform=MAC, version=11.17, build=16.07.2021 15.53)
22:07:27.621 [FXGL Background Thread 3 ] DEBUG Engine               - saveFileExt: sav
22:07:27.621 [FXGL Background Thread 3 ] DEBUG Engine               - scaledHeightProp$fxgl: DoubleProperty [bound, value: 811.0]
22:07:27.621 [FXGL Background Thread 3 ] DEBUG Engine               - scaledWidthProp$fxgl: DoubleProperty [bound, value: 786.0]
22:07:27.621 [FXGL Background Thread 3 ] DEBUG Engine               - sceneFactory: com.almasb.fxgl.app.scene.SceneFactory@cf4a812
22:07:27.621 [FXGL Background Thread 3 ] DEBUG Engine               - secondsIn24h: 60
22:07:27.621 [FXGL Background Thread 3 ] DEBUG Engine               - soundMenuBack: menu/back.wav
22:07:27.621 [FXGL Background Thread 3 ] DEBUG Engine               - soundMenuPress: menu/press.wav
22:07:27.621 [FXGL Background Thread 3 ] DEBUG Engine               - soundMenuSelect: menu/select.wav
22:07:27.621 [FXGL Background Thread 3 ] DEBUG Engine               - soundNotification: core/notification.wav
22:07:27.621 [FXGL Background Thread 3 ] DEBUG Engine               - stageStyle: DECORATED
22:07:27.621 [FXGL Background Thread 3 ] DEBUG Engine               - supportedLanguages: [ENGLISH, FRENCH, GERMAN, HUNGARIAN, RUSSIAN]
22:07:27.621 [FXGL Background Thread 3 ] DEBUG Engine               - ticksPerSecond: -1
22:07:27.621 [FXGL Background Thread 3 ] DEBUG Engine               - title: CellScape
22:07:27.622 [FXGL Background Thread 3 ] DEBUG Engine               - urlGithub: https://github.com/AlmasB/FXGL
22:07:27.622 [FXGL Background Thread 3 ] DEBUG Engine               - urlLeaderboard: http://fxgl-top.herokuapp.com/
22:07:27.622 [FXGL Background Thread 3 ] DEBUG Engine               - urlPOM: https://raw.githubusercontent.com/AlmasB/FXGL/release/README.md
22:07:27.622 [FXGL Background Thread 3 ] DEBUG Engine               - userAppClass: class CellApp
22:07:27.622 [FXGL Background Thread 3 ] DEBUG Engine               - version: 0.0
22:07:27.622 [FXGL Background Thread 3 ] DEBUG Engine               - versionCheckDays: 7
22:07:27.622 [FXGL Background Thread 3 ] DEBUG Engine               - width: 3100
22:07:27.622 [FXGL Background Thread 3 ] DEBUG Engine               - Logging services
22:07:27.622 [FXGL Background Thread 3 ] DEBUG Engine               - class com.almasb.fxgl.app.services.FXGLAssetLoaderService
22:07:27.622 [FXGL Background Thread 3 ] DEBUG Engine               - class com.almasb.fxgl.app.FXGLApplication$GameApplicationService
22:07:27.622 [FXGL Background Thread 3 ] DEBUG Engine               - class com.almasb.fxgl.app.services.FXGLDialogService
22:07:27.622 [FXGL Background Thread 3 ] DEBUG Engine               - class com.almasb.fxgl.app.services.IOTaskExecutorService
22:07:27.622 [FXGL Background Thread 3 ] DEBUG Engine               - class com.almasb.fxgl.io.FileSystemService
22:07:27.622 [FXGL Background Thread 3 ] DEBUG Engine               - class com.almasb.fxgl.localization.LocalizationService
22:07:27.622 [FXGL Background Thread 3 ] DEBUG Engine               - class com.almasb.fxgl.app.services.SystemBundleService
22:07:27.622 [FXGL Background Thread 3 ] DEBUG Engine               - class com.almasb.fxgl.profile.SaveLoadService
22:07:27.623 [FXGL Background Thread 3 ] DEBUG Engine               - class com.almasb.fxgl.ui.FXGLUIFactoryServiceProvider
22:07:27.623 [FXGL Background Thread 3 ] DEBUG Engine               - class com.almasb.fxgl.ui.FXGLDialogFactoryServiceProvider
22:07:27.623 [FXGL Background Thread 3 ] DEBUG Engine               - class com.almasb.fxgl.audio.AudioPlayer
22:07:27.623 [FXGL Background Thread 3 ] DEBUG Engine               - class com.almasb.fxgl.notification.impl.NotificationServiceProvider
22:07:27.623 [FXGL Background Thread 3 ] DEBUG Engine               - class com.almasb.fxgl.achievement.AchievementService
22:07:27.623 [FXGL Background Thread 3 ] DEBUG Engine               - class com.almasb.fxgl.cutscene.CutsceneService
22:07:27.623 [FXGL Background Thread 3 ] DEBUG Engine               - class com.almasb.fxgl.minigames.MiniGameService
22:07:27.623 [FXGL Background Thread 3 ] DEBUG Engine               - class com.almasb.fxgl.net.NetService
22:07:27.623 [FXGL Background Thread 3 ] DEBUG Engine               - class com.almasb.fxgl.app.services.UpdaterService
22:07:27.623 [FXGL Background Thread 3 ] DEBUG Engine               - class com.almasb.fxgl.dev.DevService
22:07:29.542 [JavaFX Application Thread] DEBUG FXGLApplication      - Exiting FXGL
22:07:29.542 [JavaFX Application Thread] DEBUG Async                - Shutting down background threads
22:07:29.542 [JavaFX Application Thread] DEBUG PrimaryStageWindow   - Closing main window
22:07:29.550 [JavaFX Application Thread] DEBUG Logger               - Closing Logger
