23:52:43.118 [main                     ] DEBUG Logger               - Configured Logger
23:52:43.140 [main                     ] DEBUG GameApplication      - Logging settings
Title: CellScape
Version: 0.0
Width: 3100
Height: 3100
Fullscreen: false
Intro: false
Profiling: false
Single step:false
App Mode: DEVELOPER
Menu Key: ESCAPE
Stage Style: DECORATED
Scene Factory: class com.almasb.fxgl.app.scene.SceneFactory

23:52:43.667 [JavaFX Application Thread] DEBUG FXGLApplication      - Initializing FXGL
23:52:43.669 [JavaFX Application Thread] INFO  Engine               - FXGL-11.17 (16.07.2021 15.53) on MAC (J:11.0.12 FX:16)
23:52:43.670 [JavaFX Application Thread] DEBUG Engine               - JRE Vendor Name: Amazon.com Inc.
23:52:43.670 [JavaFX Application Thread] DEBUG Engine               - Running on OS: Mac OS X version 11.5.2
23:52:43.670 [JavaFX Application Thread] DEBUG Engine               - Architecture: x86_64
23:52:43.670 [JavaFX Application Thread] INFO  Engine               - Source code and latest versions at: https://github.com/AlmasB/FXGL
23:52:43.670 [JavaFX Application Thread] INFO  Engine               -              Join the FXGL chat at: https://gitter.im/AlmasB/FXGL
23:52:43.825 [JavaFX Application Thread] DEBUG PrimaryStageWindow   - Creating a JavaFX scene
23:52:43.825 [JavaFX Application Thread] DEBUG PrimaryStageWindow   - Target size > screen size
23:52:43.901 [JavaFX Application Thread] DEBUG PrimaryStageWindow   - Target settings size: 3100.0 x 3100.0
23:52:43.901 [JavaFX Application Thread] DEBUG PrimaryStageWindow   - Scaled scene size:    786.0 x 811.0
23:52:43.901 [JavaFX Application Thread] DEBUG PrimaryStageWindow   - Scaled ratio: (0.2535483870967742, 0.26161290322580644)
23:52:43.902 [JavaFX Application Thread] DEBUG PrimaryStageWindow   - Set initial scene to FXGLStartupScene
23:52:43.909 [JavaFX Application Thread] DEBUG PrimaryStageWindow   - Opening main window
23:52:44.078 [JavaFX Application Thread] DEBUG PrimaryStageWindow   - Window border size: (0.0, 28.0)
23:52:44.078 [JavaFX Application Thread] DEBUG PrimaryStageWindow   - Scaled size: 786.0 x 811.0
23:52:44.079 [JavaFX Application Thread] DEBUG PrimaryStageWindow   - Scaled ratio: (0.2535483870967742, 0.26161290322580644)
23:52:44.079 [JavaFX Application Thread] DEBUG PrimaryStageWindow   - Scene size: 786.0 x 811.0
23:52:44.079 [JavaFX Application Thread] DEBUG PrimaryStageWindow   - Stage size: 786.0 x 839.0
23:52:44.089 [FXGL Background Thread 1 ] DEBUG Engine               - Initializing environment variables
23:52:44.159 [FXGL Background Thread 1 ] DEBUG FXGLAssetLoaderServi - User app class for loading assets: class CellApp
23:52:44.160 [FXGL Background Thread 1 ] DEBUG GameApplicationServi - Applying CSS: fxgl_dark.css
23:52:44.161 [FXGL Background Thread 1 ] DEBUG FXGLAssetLoaderServi - Loading from file system: jar:file:/Users/phillipdavis/Desktop/procedural-maps/main/lib/fxgl-11.17-uber.jar!/fxglassets/ui/css/fxgl_dark.css
23:52:44.225 [FXGL Background Thread 1 ] DEBUG GameApplicationServi - Initializing application scenes
23:52:44.537 [FXGL Background Thread 1 ] DEBUG GameWorld            - Game world initialized
23:52:44.594 [FXGL Background Thread 1 ] DEBUG PhysicsWorld         - Physics world initialized: appHeight=3100, physics.ppm=50.0
23:52:44.594 [FXGL Background Thread 1 ] DEBUG PhysicsWorld         - Using strategy: BRUTE_FORCE
23:52:44.596 [FXGL Background Thread 1 ] DEBUG GameScene            - Game scene initialized: 3100x3100
23:52:44.612 [FXGL Background Thread 1 ] DEBUG FXGL.DefaultMenu     - createMenuBodyGameMenu()
23:52:44.633 [FXGL Background Thread 1 ] DEBUG FXGL.DefaultMenu     - createOptionsMenu()
23:52:44.643 [FXGL Background Thread 1 ] DEBUG FXGLAssetLoaderServi - Loading from file system: jar:file:/Users/phillipdavis/Desktop/procedural-maps/main/lib/fxgl-11.17-uber.jar!/fxglassets/textures/particles/smoke.png
23:52:44.744 [FXGL Background Thread 1 ] DEBUG FXGLAssetLoaderServi - Loading from file system: jar:file:/Users/phillipdavis/Desktop/procedural-maps/main/lib/fxgl-11.17-uber.jar!/fxglassets/textures/particles/trace_horizontal.png
23:52:44.763 [FXGL Background Thread 1 ] DEBUG GameApplicationServi - Application scenes initialized
23:52:44.775 [FXGL Background Thread 1 ] DEBUG SystemBundleService  - Loading FXGL system data
23:52:44.780 [FXGL Background Thread 1 ] DEBUG FileSystemAccess     - Reading from: /Users/phillipdavis/Desktop/procedural-maps/system/fxgl.bundle
23:52:44.790 [FXGL Background Thread 1 ] DEBUG SystemBundleService  - Bundle FXGL: {}
23:52:44.791 [FXGL Background Thread 1 ] DEBUG UpdaterService       - Checking for updates
23:52:44.795 [FXGL Background Thread 4 ] DEBUG FXGLApplication      - Loading fonts
23:52:44.795 [FXGL Background Thread 1 ] DEBUG FXGLApplication      - Loading default localization
23:52:44.796 [FXGL Background Thread 1 ] DEBUG FXGLAssetLoaderServi - Loading from file system: jar:file:/Users/phillipdavis/Desktop/procedural-maps/main/lib/fxgl-11.17-uber.jar!/fxglassets/languages/english.lang
23:52:44.797 [FXGL Background Thread 4 ] DEBUG FXGLAssetLoaderServi - Loading from file system: jar:file:/Users/phillipdavis/Desktop/procedural-maps/main/lib/fxgl-11.17-uber.jar!/fxglassets/ui/fonts/VarelaRound-Regular.ttf
23:52:44.816 [FXGL Background Thread 1 ] INFO  FXGLApplication      - FXGL initialization took: 0.727 sec
23:52:44.818 [JavaFX Application Thread] DEBUG LoopRunner           - Stopping loop
23:52:44.818 [JavaFX Application Thread] DEBUG LoopRunner           - Initializing JavaFX AnimationTimerLoop
23:52:44.820 [JavaFX Application Thread] FATAL FXGLApplication      - Uncaught Exception:
java.lang.IllegalStateException: No EntityFactory was added! Call gameWorld.addEntityFactory()
	at com.almasb.fxgl.entity.GameWorld.create(GameWorld.kt:410)
	at com.almasb.fxgl.entity.GameWorld.spawn(GameWorld.kt:396)
	at com.almasb.fxgl.entity.GameWorld.spawn(GameWorld.kt:384)
	at com.almasb.fxgl.dsl.FXGL$Companion.spawn(FXGL.kt:444)
	at com.almasb.fxgl.dsl.FXGL.spawn(FXGL.kt)
	at CellApp.initInput(CellApp.java:52)
	at com.almasb.fxgl.app.FXGLApplication$GameApplicationService.onMainLoopStarting(FXGLApplication.kt:529)
	at com.almasb.fxgl.app.Engine.startLoop(Engine.kt:149)
	at com.almasb.fxgl.app.FXGLApplication.startImpl$lambda-3(FXGLApplication.kt:145)
	at com.almasb.fxgl.core.concurrent.IOTask.succeed(IOTask.java:164)
	at com.almasb.fxgl.core.concurrent.IOTask$1.succeeded(IOTask.java:153)
	at javafx.concurrent.Task.setState(Task.java:726)
	at javafx.concurrent.Task$TaskCallable.lambda$call$1(Task.java:1436)
	at com.sun.javafx.application.PlatformImpl.lambda$runLater$10(PlatformImpl.java:447)
	at java.base/java.security.AccessController.doPrivileged(Native Method)
	at com.sun.javafx.application.PlatformImpl.lambda$runLater$11(PlatformImpl.java:446)
	at com.sun.glass.ui.InvokeLaterDispatcher$Future.run(InvokeLaterDispatcher.java:96)

23:52:44.820 [JavaFX Application Thread] FATAL FXGLApplication      - Application will now exit
23:52:44.822 [FXGL Background Thread 4 ] DEBUG FXGLAssetLoaderServi - Loading from file system: jar:file:/Users/phillipdavis/Desktop/procedural-maps/main/lib/fxgl-11.17-uber.jar!/fxglassets/ui/fonts/Abel-Regular.ttf
23:52:44.827 [FXGL Background Thread 4 ] DEBUG FXGLAssetLoaderServi - Loading from file system: jar:file:/Users/phillipdavis/Desktop/procedural-maps/main/lib/fxgl-11.17-uber.jar!/fxglassets/ui/fonts/lucida_console.ttf
23:52:44.835 [FXGL Background Thread 4 ] DEBUG FXGLAssetLoaderServi - Loading from file system: jar:file:/Users/phillipdavis/Desktop/procedural-maps/main/lib/fxgl-11.17-uber.jar!/fxglassets/ui/fonts/Courier-Prime.ttf
23:52:44.850 [JavaFX Application Thread] DEBUG PrimaryStageWindow   - Push state: ErrorSubScene
23:52:44.850 [JavaFX Application Thread] DEBUG Input                - Clearing active input actions
23:52:44.861 [JavaFX Application Thread] DEBUG GameApplicationServi - Removing overlay from FXGLStartupScene and adding to ErrorSubScene
23:52:44.861 [JavaFX Application Thread] DEBUG PrimaryStageWindow   - FXGLStartupScene -> ErrorSubScene
23:52:44.861 [JavaFX Application Thread] DEBUG FXGLApplication      - Registering font factories with UI factory
23:52:47.797 [FXGL Background Thread 3 ] DEBUG Engine               - Logging environment variables
23:52:47.799 [FXGL Background Thread 3 ] DEBUG Engine               - achievements: []
23:52:47.800 [FXGL Background Thread 3 ] DEBUG Engine               - actualHeight: 811.0
23:52:47.800 [FXGL Background Thread 3 ] DEBUG Engine               - actualHeightProperty: ReadOnlyDoubleProperty [value: 811.0]
23:52:47.800 [FXGL Background Thread 3 ] DEBUG Engine               - actualWidth: 786.0
23:52:47.800 [FXGL Background Thread 3 ] DEBUG Engine               - actualWidthProperty: ReadOnlyDoubleProperty [value: 786.0]
23:52:47.800 [FXGL Background Thread 3 ] DEBUG Engine               - appIcon: fxgl_icon.png
23:52:47.800 [FXGL Background Thread 3 ] DEBUG Engine               - applicationMode: DEVELOPER
23:52:47.800 [FXGL Background Thread 3 ] DEBUG Engine               - cSSList: [fxgl_dark.css]
23:52:47.800 [FXGL Background Thread 3 ] DEBUG Engine               - collisionDetectionStrategy: BRUTE_FORCE
23:52:47.800 [FXGL Background Thread 3 ] DEBUG Engine               - configClass: Optional.empty
23:52:47.801 [FXGL Background Thread 3 ] DEBUG Engine               - credits: []
23:52:47.801 [FXGL Background Thread 3 ] DEBUG Engine               - defaultCursor: CursorInfo(imageName=fxgl_default_cursor.png, hotspotX=7.0, hotspotY=6.0)
23:52:47.801 [FXGL Background Thread 3 ] DEBUG Engine               - devBBoxColorProperty: ObjectProperty [value: 0xff0000ff]
23:52:47.801 [FXGL Background Thread 3 ] DEBUG Engine               - devEnableDebugCameraProperty: BooleanProperty [value: false]
23:52:47.801 [FXGL Background Thread 3 ] DEBUG Engine               - devSensorColorProperty: ObjectProperty [value: 0xffff00ff]
23:52:47.801 [FXGL Background Thread 3 ] DEBUG Engine               - devShowBBoxProperty: BooleanProperty [value: false]
23:52:47.802 [FXGL Background Thread 3 ] DEBUG Engine               - devShowPositionProperty: BooleanProperty [value: false]
23:52:47.802 [FXGL Background Thread 3 ] DEBUG Engine               - enabledMenuItems: []
23:52:47.802 [FXGL Background Thread 3 ] DEBUG Engine               - engineServices: [class com.almasb.fxgl.app.services.FXGLAssetLoaderService, class com.almasb.fxgl.app.FXGLApplication$GameApplicationService, class com.almasb.fxgl.app.services.FXGLDialogService, class com.almasb.fxgl.app.services.IOTaskExecutorService, class com.almasb.fxgl.io.FileSystemService, class com.almasb.fxgl.localization.LocalizationService, class com.almasb.fxgl.app.services.SystemBundleService, class com.almasb.fxgl.profile.SaveLoadService, class com.almasb.fxgl.ui.FXGLUIFactoryServiceProvider, class com.almasb.fxgl.ui.FXGLDialogFactoryServiceProvider, class com.almasb.fxgl.audio.AudioPlayer, class com.almasb.fxgl.notification.impl.NotificationServiceProvider, class com.almasb.fxgl.achievement.AchievementService, class com.almasb.fxgl.cutscene.CutsceneService, class com.almasb.fxgl.minigames.MiniGameService, class com.almasb.fxgl.net.NetService, class com.almasb.fxgl.app.services.UpdaterService, class com.almasb.fxgl.dev.DevService]
23:52:47.802 [FXGL Background Thread 3 ] DEBUG Engine               - fontGame: Abel-Regular.ttf
23:52:47.802 [FXGL Background Thread 3 ] DEBUG Engine               - fontMono: lucida_console.ttf
23:52:47.802 [FXGL Background Thread 3 ] DEBUG Engine               - fontText: Courier-Prime.ttf
23:52:47.802 [FXGL Background Thread 3 ] DEBUG Engine               - fontUI: VarelaRound-Regular.ttf
23:52:47.802 [FXGL Background Thread 3 ] DEBUG Engine               - fullScreen: BooleanProperty [value: false]
23:52:47.802 [FXGL Background Thread 3 ] DEBUG Engine               - gameDifficulty: MEDIUM
23:52:47.802 [FXGL Background Thread 3 ] DEBUG Engine               - gameDifficultyProperty: ObjectProperty [value: MEDIUM]
23:52:47.803 [FXGL Background Thread 3 ] DEBUG Engine               - globalMusicVolume: 0.5
23:52:47.803 [FXGL Background Thread 3 ] DEBUG Engine               - globalMusicVolumeProperty: DoubleProperty [value: 0.5]
23:52:47.803 [FXGL Background Thread 3 ] DEBUG Engine               - globalSoundVolume: 0.5
23:52:47.803 [FXGL Background Thread 3 ] DEBUG Engine               - globalSoundVolumeProperty: DoubleProperty [value: 0.5]
23:52:47.803 [FXGL Background Thread 3 ] DEBUG Engine               - height: 3100
23:52:47.803 [FXGL Background Thread 3 ] DEBUG Engine               - is3D: false
23:52:47.803 [FXGL Background Thread 3 ] DEBUG Engine               - isAndroid: false
23:52:47.804 [FXGL Background Thread 3 ] DEBUG Engine               - isBrowser: false
23:52:47.804 [FXGL Background Thread 3 ] DEBUG Engine               - isClickFeedbackEnabled: false
23:52:47.804 [FXGL Background Thread 3 ] DEBUG Engine               - isCloseConfirmation: false
23:52:47.804 [FXGL Background Thread 3 ] DEBUG Engine               - isDesktop: true
23:52:47.804 [FXGL Background Thread 3 ] DEBUG Engine               - isDeveloperMenuEnabled: false
23:52:47.804 [FXGL Background Thread 3 ] DEBUG Engine               - isEntityPreloadEnabled: true
23:52:47.804 [FXGL Background Thread 3 ] DEBUG Engine               - isExperimentalTiledLargeMap: false
23:52:47.804 [FXGL Background Thread 3 ] DEBUG Engine               - isFileSystemWriteAllowed: true
23:52:47.804 [FXGL Background Thread 3 ] DEBUG Engine               - isFullScreenAllowed: false
23:52:47.805 [FXGL Background Thread 3 ] DEBUG Engine               - isFullScreenFromStart: false
23:52:47.805 [FXGL Background Thread 3 ] DEBUG Engine               - isGameMenuEnabled: true
23:52:47.805 [FXGL Background Thread 3 ] DEBUG Engine               - isIOS: false
23:52:47.805 [FXGL Background Thread 3 ] DEBUG Engine               - isIntroEnabled: false
23:52:47.805 [FXGL Background Thread 3 ] DEBUG Engine               - isLinux: false
23:52:47.805 [FXGL Background Thread 3 ] DEBUG Engine               - isMac: true
23:52:47.805 [FXGL Background Thread 3 ] DEBUG Engine               - isMainMenuEnabled: false
23:52:47.805 [FXGL Background Thread 3 ] DEBUG Engine               - isManualResizeEnabled: false
23:52:47.805 [FXGL Background Thread 3 ] DEBUG Engine               - isMobile: false
23:52:47.806 [FXGL Background Thread 3 ] DEBUG Engine               - isNative: false
23:52:47.806 [FXGL Background Thread 3 ] DEBUG Engine               - isPauseMusicWhenMinimized: true
23:52:47.806 [FXGL Background Thread 3 ] DEBUG Engine               - isPreserveResizeRatio: false
23:52:47.806 [FXGL Background Thread 3 ] DEBUG Engine               - isProfilingEnabled: false
23:52:47.806 [FXGL Background Thread 3 ] DEBUG Engine               - isScaleAffectedOnResize: true
23:52:47.806 [FXGL Background Thread 3 ] DEBUG Engine               - isSingleStep: false
23:52:47.806 [FXGL Background Thread 3 ] DEBUG Engine               - isUserProfileEnabled: false
23:52:47.806 [FXGL Background Thread 3 ] DEBUG Engine               - isWindows: false
23:52:47.806 [FXGL Background Thread 3 ] DEBUG Engine               - language: ObjectProperty [value: ENGLISH]
23:52:47.806 [FXGL Background Thread 3 ] DEBUG Engine               - menuKey: ESCAPE
23:52:47.806 [FXGL Background Thread 3 ] DEBUG Engine               - mouseSensitivity: 0.2
23:52:47.807 [FXGL Background Thread 3 ] DEBUG Engine               - notificationViewClass: class com.almasb.fxgl.notification.view.XboxNotificationView
23:52:47.807 [FXGL Background Thread 3 ] DEBUG Engine               - pixelsPerMeter: 50.0
23:52:47.807 [FXGL Background Thread 3 ] DEBUG Engine               - platform: MAC
23:52:47.807 [FXGL Background Thread 3 ] DEBUG Engine               - prefHeightProperty: ReadOnlyDoubleProperty [value: 3100.0]
23:52:47.807 [FXGL Background Thread 3 ] DEBUG Engine               - prefWidthProperty: ReadOnlyDoubleProperty [value: 3100.0]
23:52:47.807 [FXGL Background Thread 3 ] DEBUG Engine               - profileDir: profiles/
23:52:47.808 [FXGL Background Thread 3 ] DEBUG Engine               - profileName: StringProperty [value: DEFAULT]
23:52:47.808 [FXGL Background Thread 3 ] DEBUG Engine               - randomSeed: -1
23:52:47.808 [FXGL Background Thread 3 ] DEBUG Engine               - runtimeInfo: RuntimeInfo(platform=MAC, version=11.17, build=16.07.2021 15.53)
23:52:47.809 [FXGL Background Thread 3 ] DEBUG Engine               - saveFileExt: sav
23:52:47.809 [FXGL Background Thread 3 ] DEBUG Engine               - scaledHeightProp$fxgl: DoubleProperty [bound, value: 811.0]
23:52:47.809 [FXGL Background Thread 3 ] DEBUG Engine               - scaledWidthProp$fxgl: DoubleProperty [bound, value: 786.0]
23:52:47.809 [FXGL Background Thread 3 ] DEBUG Engine               - sceneFactory: com.almasb.fxgl.app.scene.SceneFactory@1747c75c
23:52:47.809 [FXGL Background Thread 3 ] DEBUG Engine               - secondsIn24h: 60
23:52:47.809 [FXGL Background Thread 3 ] DEBUG Engine               - soundMenuBack: menu/back.wav
23:52:47.810 [FXGL Background Thread 3 ] DEBUG Engine               - soundMenuPress: menu/press.wav
23:52:47.810 [FXGL Background Thread 3 ] DEBUG Engine               - soundMenuSelect: menu/select.wav
23:52:47.810 [FXGL Background Thread 3 ] DEBUG Engine               - soundNotification: core/notification.wav
23:52:47.810 [FXGL Background Thread 3 ] DEBUG Engine               - stageStyle: DECORATED
23:52:47.810 [FXGL Background Thread 3 ] DEBUG Engine               - supportedLanguages: [ENGLISH, FRENCH, GERMAN, HUNGARIAN, RUSSIAN]
23:52:47.810 [FXGL Background Thread 3 ] DEBUG Engine               - ticksPerSecond: -1
23:52:47.810 [FXGL Background Thread 3 ] DEBUG Engine               - title: CellScape
23:52:47.810 [FXGL Background Thread 3 ] DEBUG Engine               - urlGithub: https://github.com/AlmasB/FXGL
23:52:47.810 [FXGL Background Thread 3 ] DEBUG Engine               - urlLeaderboard: http://fxgl-top.herokuapp.com/
23:52:47.810 [FXGL Background Thread 3 ] DEBUG Engine               - urlPOM: https://raw.githubusercontent.com/AlmasB/FXGL/release/README.md
23:52:47.810 [FXGL Background Thread 3 ] DEBUG Engine               - userAppClass: class CellApp
23:52:47.810 [FXGL Background Thread 3 ] DEBUG Engine               - version: 0.0
23:52:47.811 [FXGL Background Thread 3 ] DEBUG Engine               - versionCheckDays: 7
23:52:47.811 [FXGL Background Thread 3 ] DEBUG Engine               - width: 3100
23:52:47.811 [FXGL Background Thread 3 ] DEBUG Engine               - Logging services
23:52:47.811 [FXGL Background Thread 3 ] DEBUG Engine               - class com.almasb.fxgl.app.services.FXGLAssetLoaderService
23:52:47.811 [FXGL Background Thread 3 ] DEBUG Engine               - class com.almasb.fxgl.app.FXGLApplication$GameApplicationService
23:52:47.811 [FXGL Background Thread 3 ] DEBUG Engine               - class com.almasb.fxgl.app.services.FXGLDialogService
23:52:47.811 [FXGL Background Thread 3 ] DEBUG Engine               - class com.almasb.fxgl.app.services.IOTaskExecutorService
23:52:47.811 [FXGL Background Thread 3 ] DEBUG Engine               - class com.almasb.fxgl.io.FileSystemService
23:52:47.811 [FXGL Background Thread 3 ] DEBUG Engine               - class com.almasb.fxgl.localization.LocalizationService
23:52:47.811 [FXGL Background Thread 3 ] DEBUG Engine               - class com.almasb.fxgl.app.services.SystemBundleService
23:52:47.811 [FXGL Background Thread 3 ] DEBUG Engine               - class com.almasb.fxgl.profile.SaveLoadService
23:52:47.811 [FXGL Background Thread 3 ] DEBUG Engine               - class com.almasb.fxgl.ui.FXGLUIFactoryServiceProvider
23:52:47.812 [FXGL Background Thread 3 ] DEBUG Engine               - class com.almasb.fxgl.ui.FXGLDialogFactoryServiceProvider
23:52:47.812 [FXGL Background Thread 3 ] DEBUG Engine               - class com.almasb.fxgl.audio.AudioPlayer
23:52:47.812 [FXGL Background Thread 3 ] DEBUG Engine               - class com.almasb.fxgl.notification.impl.NotificationServiceProvider
23:52:47.812 [FXGL Background Thread 3 ] DEBUG Engine               - class com.almasb.fxgl.achievement.AchievementService
23:52:47.812 [FXGL Background Thread 3 ] DEBUG Engine               - class com.almasb.fxgl.cutscene.CutsceneService
23:52:47.812 [FXGL Background Thread 3 ] DEBUG Engine               - class com.almasb.fxgl.minigames.MiniGameService
23:52:47.812 [FXGL Background Thread 3 ] DEBUG Engine               - class com.almasb.fxgl.net.NetService
23:52:47.812 [FXGL Background Thread 3 ] DEBUG Engine               - class com.almasb.fxgl.app.services.UpdaterService
23:52:47.812 [FXGL Background Thread 3 ] DEBUG Engine               - class com.almasb.fxgl.dev.DevService
23:52:49.531 [JavaFX Application Thread] DEBUG FXGLApplication      - Exiting FXGL
23:52:49.531 [JavaFX Application Thread] DEBUG Async                - Shutting down background threads
23:52:49.531 [JavaFX Application Thread] DEBUG PrimaryStageWindow   - Closing main window
23:52:49.539 [JavaFX Application Thread] DEBUG Logger               - Closing Logger
