10:34:27.931 [main                     ] DEBUG Logger               - Configured Logger
10:34:27.949 [main                     ] DEBUG GameApplication      - Logging settings
Title: CellScape
Version: 0.0
Width: 3000
Height: 3000
Fullscreen: false
Intro: false
Profiling: false
Single step:false
App Mode: DEVELOPER
Menu Key: ESCAPE
Stage Style: DECORATED
Scene Factory: class com.almasb.fxgl.app.scene.SceneFactory

10:34:28.484 [JavaFX Application Thread] DEBUG FXGLApplication      - Initializing FXGL
10:34:28.492 [JavaFX Application Thread] INFO  Engine               - FXGL-11.17 (16.07.2021 15.53) on MAC (J:11.0.12 FX:16)
10:34:28.494 [JavaFX Application Thread] DEBUG Engine               - JRE Vendor Name: Amazon.com Inc.
10:34:28.495 [JavaFX Application Thread] DEBUG Engine               - Running on OS: Mac OS X version 11.5.2
10:34:28.495 [JavaFX Application Thread] DEBUG Engine               - Architecture: x86_64
10:34:28.496 [JavaFX Application Thread] INFO  Engine               - Source code and latest versions at: https://github.com/AlmasB/FXGL
10:34:28.496 [JavaFX Application Thread] INFO  Engine               -              Join the FXGL chat at: https://gitter.im/AlmasB/FXGL
10:34:28.849 [JavaFX Application Thread] DEBUG PrimaryStageWindow   - Creating a JavaFX scene
10:34:28.850 [JavaFX Application Thread] DEBUG PrimaryStageWindow   - Target size > screen size
10:34:28.913 [JavaFX Application Thread] DEBUG PrimaryStageWindow   - Target settings size: 3000.0 x 3000.0
10:34:28.914 [JavaFX Application Thread] DEBUG PrimaryStageWindow   - Scaled scene size:    786.0 x 811.0
10:34:28.914 [JavaFX Application Thread] DEBUG PrimaryStageWindow   - Scaled ratio: (0.262, 0.2703333333333333)
10:34:28.915 [JavaFX Application Thread] DEBUG PrimaryStageWindow   - Set initial scene to FXGLStartupScene
10:34:28.923 [JavaFX Application Thread] DEBUG PrimaryStageWindow   - Opening main window
10:34:29.086 [JavaFX Application Thread] DEBUG PrimaryStageWindow   - Window border size: (0.0, 28.0)
10:34:29.087 [JavaFX Application Thread] DEBUG PrimaryStageWindow   - Scaled size: 786.0 x 811.0
10:34:29.087 [JavaFX Application Thread] DEBUG PrimaryStageWindow   - Scaled ratio: (0.262, 0.2703333333333333)
10:34:29.087 [JavaFX Application Thread] DEBUG PrimaryStageWindow   - Scene size: 786.0 x 811.0
10:34:29.087 [JavaFX Application Thread] DEBUG PrimaryStageWindow   - Stage size: 786.0 x 839.0
10:34:29.094 [FXGL Background Thread 1 ] DEBUG Engine               - Initializing environment variables
10:34:29.159 [FXGL Background Thread 1 ] DEBUG FXGLAssetLoaderServi - User app class for loading assets: class CellApp
10:34:29.160 [FXGL Background Thread 1 ] DEBUG GameApplicationServi - Applying CSS: fxgl_dark.css
10:34:29.161 [FXGL Background Thread 1 ] DEBUG FXGLAssetLoaderServi - Loading from file system: jar:file:/Users/phillipdavis/Desktop/procedural-maps/lib/fxgl-11.17-uber.jar!/fxglassets/ui/css/fxgl_dark.css
10:34:29.232 [FXGL Background Thread 1 ] DEBUG GameApplicationServi - Initializing application scenes
10:34:29.546 [FXGL Background Thread 1 ] DEBUG GameWorld            - Game world initialized
10:34:29.593 [FXGL Background Thread 1 ] DEBUG PhysicsWorld         - Physics world initialized: appHeight=3000, physics.ppm=50.0
10:34:29.593 [FXGL Background Thread 1 ] DEBUG PhysicsWorld         - Using strategy: BRUTE_FORCE
10:34:29.595 [FXGL Background Thread 1 ] DEBUG GameScene            - Game scene initialized: 3000x3000
10:34:29.607 [FXGL Background Thread 1 ] DEBUG FXGL.DefaultMenu     - createMenuBodyGameMenu()
10:34:29.628 [FXGL Background Thread 1 ] DEBUG FXGL.DefaultMenu     - createOptionsMenu()
10:34:29.640 [FXGL Background Thread 1 ] DEBUG FXGLAssetLoaderServi - Loading from file system: jar:file:/Users/phillipdavis/Desktop/procedural-maps/lib/fxgl-11.17-uber.jar!/fxglassets/textures/particles/smoke.png
10:34:29.755 [FXGL Background Thread 1 ] DEBUG FXGLAssetLoaderServi - Loading from file system: jar:file:/Users/phillipdavis/Desktop/procedural-maps/lib/fxgl-11.17-uber.jar!/fxglassets/textures/particles/trace_horizontal.png
10:34:29.790 [FXGL Background Thread 1 ] DEBUG GameApplicationServi - Application scenes initialized
10:34:29.804 [FXGL Background Thread 1 ] DEBUG SystemBundleService  - Loading FXGL system data
10:34:29.812 [FXGL Background Thread 1 ] DEBUG FileSystemAccess     - Reading from: /Users/phillipdavis/Desktop/procedural-maps/system/fxgl.bundle
10:34:29.831 [FXGL Background Thread 1 ] DEBUG SystemBundleService  - Bundle FXGL: {}
10:34:29.831 [FXGL Background Thread 1 ] DEBUG UpdaterService       - Checking for updates
10:34:29.838 [FXGL Background Thread 4 ] DEBUG FXGLApplication      - Loading fonts
10:34:29.839 [FXGL Background Thread 4 ] DEBUG FXGLAssetLoaderServi - Loading from file system: jar:file:/Users/phillipdavis/Desktop/procedural-maps/lib/fxgl-11.17-uber.jar!/fxglassets/ui/fonts/VarelaRound-Regular.ttf
10:34:29.843 [FXGL Background Thread 1 ] DEBUG FXGLApplication      - Loading default localization
10:34:29.844 [FXGL Background Thread 1 ] DEBUG FXGLAssetLoaderServi - Loading from file system: jar:file:/Users/phillipdavis/Desktop/procedural-maps/lib/fxgl-11.17-uber.jar!/fxglassets/languages/english.lang
10:34:29.868 [FXGL Background Thread 4 ] DEBUG FXGLAssetLoaderServi - Loading from file system: jar:file:/Users/phillipdavis/Desktop/procedural-maps/lib/fxgl-11.17-uber.jar!/fxglassets/ui/fonts/Abel-Regular.ttf
10:34:29.872 [FXGL Background Thread 4 ] DEBUG FXGLAssetLoaderServi - Loading from file system: jar:file:/Users/phillipdavis/Desktop/procedural-maps/lib/fxgl-11.17-uber.jar!/fxglassets/ui/fonts/lucida_console.ttf
10:34:29.879 [FXGL Background Thread 4 ] DEBUG FXGLAssetLoaderServi - Loading from file system: jar:file:/Users/phillipdavis/Desktop/procedural-maps/lib/fxgl-11.17-uber.jar!/fxglassets/ui/fonts/Courier-Prime.ttf
10:34:29.885 [JavaFX Application Thread] DEBUG FXGLApplication      - Registering font factories with UI factory
10:34:29.896 [FXGL Background Thread 1 ] INFO  FXGLApplication      - FXGL initialization took: 0.801 sec
10:34:29.901 [JavaFX Application Thread] DEBUG FXGLAssetLoaderServi - Loading from file system: jar:file:/Users/phillipdavis/Desktop/procedural-maps/lib/fxgl-11.17-uber.jar!/fxglassets/textures/fxgl_icon.png
10:34:29.952 [JavaFX Application Thread] DEBUG FXGLAssetLoaderServi - Loading from file system: jar:file:/Users/phillipdavis/Desktop/procedural-maps/lib/fxgl-11.17-uber.jar!/fxglassets/textures/fxgl_default_cursor.png
10:34:29.971 [JavaFX Application Thread] DEBUG Input                - Registered new binding: Screenshot - CTRL+8
10:34:29.972 [JavaFX Application Thread] DEBUG Input                - Registered new binding: System info dump - CTRL+9
10:34:29.972 [JavaFX Application Thread] DEBUG Input                - Registered new binding: Restart - CTRL+R
10:34:29.973 [JavaFX Application Thread] DEBUG Input                - Registered new binding: Toggle Debug Camera - CTRL+C
10:34:29.978 [JavaFX Application Thread] DEBUG LoopRunner           - Starting loop
10:34:29.978 [JavaFX Application Thread] DEBUG LoopRunner           - Initializing JavaFX AnimationTimerLoop
10:34:29.980 [JavaFX Application Thread] DEBUG GameApplicationServi - Starting new game
10:34:29.981 [JavaFX Application Thread] DEBUG Input                - Clearing active input actions
10:34:29.995 [JavaFX Application Thread] DEBUG GameApplicationServi - Removing overlay from FXGLStartupScene and adding to FXGLLoadingScene
10:34:29.996 [JavaFX Application Thread] DEBUG PrimaryStageWindow   - FXGLStartupScene -> FXGLLoadingScene
10:34:29.996 [JavaFX Application Thread] DEBUG GameApplicationServi - Clearing previous game
10:34:29.996 [JavaFX Application Thread] DEBUG GameScene            - Clearing game scene
10:34:29.996 [JavaFX Application Thread] DEBUG GameWorld            - Clearing game world
10:34:29.996 [JavaFX Application Thread] DEBUG PhysicsWorld         - Clearing physics world
10:34:29.998 [FXGL Background Thread 1 ] DEBUG FXGLApplication      - Initializing game
10:34:32.173 [FXGL Background Thread 1 ] INFO  FXGLApplication      - Game initialization took: 2.175 sec
10:34:32.189 [JavaFX Application Thread] DEBUG Input                - Clearing active input actions
10:34:32.458 [JavaFX Application Thread] DEBUG GameApplicationServi - Removing overlay from FXGLLoadingScene and adding to GameScene
10:34:32.458 [JavaFX Application Thread] DEBUG PrimaryStageWindow   - FXGLLoadingScene -> GameScene
10:34:32.840 [FXGL Background Thread 3 ] DEBUG Engine               - Logging environment variables
10:34:32.841 [FXGL Background Thread 3 ] DEBUG Engine               - achievements: []
10:34:32.841 [FXGL Background Thread 3 ] DEBUG Engine               - actualHeight: 811.0
10:34:32.841 [FXGL Background Thread 3 ] DEBUG Engine               - actualHeightProperty: ReadOnlyDoubleProperty [value: 811.0]
10:34:32.841 [FXGL Background Thread 3 ] DEBUG Engine               - actualWidth: 786.0
10:34:32.841 [FXGL Background Thread 3 ] DEBUG Engine               - actualWidthProperty: ReadOnlyDoubleProperty [value: 786.0]
10:34:32.841 [FXGL Background Thread 3 ] DEBUG Engine               - appIcon: fxgl_icon.png
10:34:32.842 [FXGL Background Thread 3 ] DEBUG Engine               - applicationMode: DEVELOPER
10:34:32.842 [FXGL Background Thread 3 ] DEBUG Engine               - cSSList: [fxgl_dark.css]
10:34:32.842 [FXGL Background Thread 3 ] DEBUG Engine               - collisionDetectionStrategy: BRUTE_FORCE
10:34:32.842 [FXGL Background Thread 3 ] DEBUG Engine               - configClass: Optional.empty
10:34:32.842 [FXGL Background Thread 3 ] DEBUG Engine               - credits: []
10:34:32.842 [FXGL Background Thread 3 ] DEBUG Engine               - defaultCursor: CursorInfo(imageName=fxgl_default_cursor.png, hotspotX=7.0, hotspotY=6.0)
10:34:32.842 [FXGL Background Thread 3 ] DEBUG Engine               - devBBoxColorProperty: ObjectProperty [value: 0xff0000ff]
10:34:32.842 [FXGL Background Thread 3 ] DEBUG Engine               - devEnableDebugCameraProperty: BooleanProperty [value: false]
10:34:32.843 [FXGL Background Thread 3 ] DEBUG Engine               - devSensorColorProperty: ObjectProperty [value: 0xffff00ff]
10:34:32.843 [FXGL Background Thread 3 ] DEBUG Engine               - devShowBBoxProperty: BooleanProperty [value: false]
10:34:32.843 [FXGL Background Thread 3 ] DEBUG Engine               - devShowPositionProperty: BooleanProperty [value: false]
10:34:32.843 [FXGL Background Thread 3 ] DEBUG Engine               - enabledMenuItems: []
10:34:32.843 [FXGL Background Thread 3 ] DEBUG Engine               - engineServices: [class com.almasb.fxgl.app.services.FXGLAssetLoaderService, class com.almasb.fxgl.app.FXGLApplication$GameApplicationService, class com.almasb.fxgl.app.services.FXGLDialogService, class com.almasb.fxgl.app.services.IOTaskExecutorService, class com.almasb.fxgl.io.FileSystemService, class com.almasb.fxgl.localization.LocalizationService, class com.almasb.fxgl.app.services.SystemBundleService, class com.almasb.fxgl.profile.SaveLoadService, class com.almasb.fxgl.ui.FXGLUIFactoryServiceProvider, class com.almasb.fxgl.ui.FXGLDialogFactoryServiceProvider, class com.almasb.fxgl.audio.AudioPlayer, class com.almasb.fxgl.notification.impl.NotificationServiceProvider, class com.almasb.fxgl.achievement.AchievementService, class com.almasb.fxgl.cutscene.CutsceneService, class com.almasb.fxgl.minigames.MiniGameService, class com.almasb.fxgl.net.NetService, class com.almasb.fxgl.app.services.UpdaterService, class com.almasb.fxgl.dev.DevService]
10:34:32.843 [FXGL Background Thread 3 ] DEBUG Engine               - fontGame: Abel-Regular.ttf
10:34:32.843 [FXGL Background Thread 3 ] DEBUG Engine               - fontMono: lucida_console.ttf
10:34:32.843 [FXGL Background Thread 3 ] DEBUG Engine               - fontText: Courier-Prime.ttf
10:34:32.843 [FXGL Background Thread 3 ] DEBUG Engine               - fontUI: VarelaRound-Regular.ttf
10:34:32.843 [FXGL Background Thread 3 ] DEBUG Engine               - fullScreen: BooleanProperty [value: false]
10:34:32.844 [FXGL Background Thread 3 ] DEBUG Engine               - gameDifficulty: MEDIUM
10:34:32.844 [FXGL Background Thread 3 ] DEBUG Engine               - gameDifficultyProperty: ObjectProperty [value: MEDIUM]
10:34:32.844 [FXGL Background Thread 3 ] DEBUG Engine               - globalMusicVolume: 0.5
10:34:32.844 [FXGL Background Thread 3 ] DEBUG Engine               - globalMusicVolumeProperty: DoubleProperty [value: 0.5]
10:34:32.844 [FXGL Background Thread 3 ] DEBUG Engine               - globalSoundVolume: 0.5
10:34:32.844 [FXGL Background Thread 3 ] DEBUG Engine               - globalSoundVolumeProperty: DoubleProperty [value: 0.5]
10:34:32.844 [FXGL Background Thread 3 ] DEBUG Engine               - height: 3000
10:34:32.844 [FXGL Background Thread 3 ] DEBUG Engine               - is3D: false
10:34:32.844 [FXGL Background Thread 3 ] DEBUG Engine               - isAndroid: false
10:34:32.845 [FXGL Background Thread 3 ] DEBUG Engine               - isBrowser: false
10:34:32.845 [FXGL Background Thread 3 ] DEBUG Engine               - isClickFeedbackEnabled: false
10:34:32.845 [FXGL Background Thread 3 ] DEBUG Engine               - isCloseConfirmation: false
10:34:32.845 [FXGL Background Thread 3 ] DEBUG Engine               - isDesktop: true
10:34:32.845 [FXGL Background Thread 3 ] DEBUG Engine               - isDeveloperMenuEnabled: false
10:34:32.845 [FXGL Background Thread 3 ] DEBUG Engine               - isEntityPreloadEnabled: true
10:34:32.845 [FXGL Background Thread 3 ] DEBUG Engine               - isExperimentalTiledLargeMap: false
10:34:32.845 [FXGL Background Thread 3 ] DEBUG Engine               - isFileSystemWriteAllowed: true
10:34:32.845 [FXGL Background Thread 3 ] DEBUG Engine               - isFullScreenAllowed: false
10:34:32.845 [FXGL Background Thread 3 ] DEBUG Engine               - isFullScreenFromStart: false
10:34:32.846 [FXGL Background Thread 3 ] DEBUG Engine               - isGameMenuEnabled: true
10:34:32.846 [FXGL Background Thread 3 ] DEBUG Engine               - isIOS: false
10:34:32.846 [FXGL Background Thread 3 ] DEBUG Engine               - isIntroEnabled: false
10:34:32.846 [FXGL Background Thread 3 ] DEBUG Engine               - isLinux: false
10:34:32.846 [FXGL Background Thread 3 ] DEBUG Engine               - isMac: true
10:34:32.846 [FXGL Background Thread 3 ] DEBUG Engine               - isMainMenuEnabled: false
10:34:32.846 [FXGL Background Thread 3 ] DEBUG Engine               - isManualResizeEnabled: false
10:34:32.846 [FXGL Background Thread 3 ] DEBUG Engine               - isMobile: false
10:34:32.846 [FXGL Background Thread 3 ] DEBUG Engine               - isNative: false
10:34:32.846 [FXGL Background Thread 3 ] DEBUG Engine               - isPauseMusicWhenMinimized: true
10:34:32.846 [FXGL Background Thread 3 ] DEBUG Engine               - isPreserveResizeRatio: false
10:34:32.847 [FXGL Background Thread 3 ] DEBUG Engine               - isProfilingEnabled: false
10:34:32.847 [FXGL Background Thread 3 ] DEBUG Engine               - isScaleAffectedOnResize: true
10:34:32.847 [FXGL Background Thread 3 ] DEBUG Engine               - isSingleStep: false
10:34:32.847 [FXGL Background Thread 3 ] DEBUG Engine               - isUserProfileEnabled: false
10:34:32.847 [FXGL Background Thread 3 ] DEBUG Engine               - isWindows: false
10:34:32.847 [FXGL Background Thread 3 ] DEBUG Engine               - language: ObjectProperty [value: ENGLISH]
10:34:32.847 [FXGL Background Thread 3 ] DEBUG Engine               - menuKey: ESCAPE
10:34:32.847 [FXGL Background Thread 3 ] DEBUG Engine               - mouseSensitivity: 0.2
10:34:32.847 [FXGL Background Thread 3 ] DEBUG Engine               - notificationViewClass: class com.almasb.fxgl.notification.view.XboxNotificationView
10:34:32.848 [FXGL Background Thread 3 ] DEBUG Engine               - pixelsPerMeter: 50.0
10:34:32.848 [FXGL Background Thread 3 ] DEBUG Engine               - platform: MAC
10:34:32.848 [FXGL Background Thread 3 ] DEBUG Engine               - prefHeightProperty: ReadOnlyDoubleProperty [value: 3000.0]
10:34:32.848 [FXGL Background Thread 3 ] DEBUG Engine               - prefWidthProperty: ReadOnlyDoubleProperty [value: 3000.0]
10:34:32.848 [FXGL Background Thread 3 ] DEBUG Engine               - profileDir: profiles/
10:34:32.848 [FXGL Background Thread 3 ] DEBUG Engine               - profileName: StringProperty [value: DEFAULT]
10:34:32.848 [FXGL Background Thread 3 ] DEBUG Engine               - randomSeed: -1
10:34:32.848 [FXGL Background Thread 3 ] DEBUG Engine               - runtimeInfo: RuntimeInfo(platform=MAC, version=11.17, build=16.07.2021 15.53)
10:34:32.848 [FXGL Background Thread 3 ] DEBUG Engine               - saveFileExt: sav
10:34:32.848 [FXGL Background Thread 3 ] DEBUG Engine               - scaledHeightProp$fxgl: DoubleProperty [bound, value: 811.0]
10:34:32.849 [FXGL Background Thread 3 ] DEBUG Engine               - scaledWidthProp$fxgl: DoubleProperty [bound, value: 786.0]
10:34:32.849 [FXGL Background Thread 3 ] DEBUG Engine               - sceneFactory: com.almasb.fxgl.app.scene.SceneFactory@5ba5fd3a
10:34:32.849 [FXGL Background Thread 3 ] DEBUG Engine               - secondsIn24h: 60
10:34:32.849 [FXGL Background Thread 3 ] DEBUG Engine               - soundMenuBack: menu/back.wav
10:34:32.849 [FXGL Background Thread 3 ] DEBUG Engine               - soundMenuPress: menu/press.wav
10:34:32.849 [FXGL Background Thread 3 ] DEBUG Engine               - soundMenuSelect: menu/select.wav
10:34:32.849 [FXGL Background Thread 3 ] DEBUG Engine               - soundNotification: core/notification.wav
10:34:32.849 [FXGL Background Thread 3 ] DEBUG Engine               - stageStyle: DECORATED
10:34:32.849 [FXGL Background Thread 3 ] DEBUG Engine               - supportedLanguages: [ENGLISH, FRENCH, GERMAN, HUNGARIAN, RUSSIAN]
10:34:32.849 [FXGL Background Thread 3 ] DEBUG Engine               - ticksPerSecond: -1
10:34:32.849 [FXGL Background Thread 3 ] DEBUG Engine               - title: CellScape
10:34:32.849 [FXGL Background Thread 3 ] DEBUG Engine               - urlGithub: https://github.com/AlmasB/FXGL
10:34:32.850 [FXGL Background Thread 3 ] DEBUG Engine               - urlLeaderboard: http://fxgl-top.herokuapp.com/
10:34:32.850 [FXGL Background Thread 3 ] DEBUG Engine               - urlPOM: https://raw.githubusercontent.com/AlmasB/FXGL/release/README.md
10:34:32.850 [FXGL Background Thread 3 ] DEBUG Engine               - userAppClass: class CellApp
10:34:32.850 [FXGL Background Thread 3 ] DEBUG Engine               - version: 0.0
10:34:32.850 [FXGL Background Thread 3 ] DEBUG Engine               - versionCheckDays: 7
10:34:32.850 [FXGL Background Thread 3 ] DEBUG Engine               - width: 3000
10:34:32.850 [FXGL Background Thread 3 ] DEBUG Engine               - Logging services
10:34:32.850 [FXGL Background Thread 3 ] DEBUG Engine               - class com.almasb.fxgl.app.services.FXGLAssetLoaderService
10:34:32.850 [FXGL Background Thread 3 ] DEBUG Engine               - class com.almasb.fxgl.app.FXGLApplication$GameApplicationService
10:34:32.850 [FXGL Background Thread 3 ] DEBUG Engine               - class com.almasb.fxgl.app.services.FXGLDialogService
10:34:32.850 [FXGL Background Thread 3 ] DEBUG Engine               - class com.almasb.fxgl.app.services.IOTaskExecutorService
10:34:32.851 [FXGL Background Thread 3 ] DEBUG Engine               - class com.almasb.fxgl.io.FileSystemService
10:34:32.851 [FXGL Background Thread 3 ] DEBUG Engine               - class com.almasb.fxgl.localization.LocalizationService
10:34:32.851 [FXGL Background Thread 3 ] DEBUG Engine               - class com.almasb.fxgl.app.services.SystemBundleService
10:34:32.851 [FXGL Background Thread 3 ] DEBUG Engine               - class com.almasb.fxgl.profile.SaveLoadService
10:34:32.851 [FXGL Background Thread 3 ] DEBUG Engine               - class com.almasb.fxgl.ui.FXGLUIFactoryServiceProvider
10:34:32.851 [FXGL Background Thread 3 ] DEBUG Engine               - class com.almasb.fxgl.ui.FXGLDialogFactoryServiceProvider
10:34:32.851 [FXGL Background Thread 3 ] DEBUG Engine               - class com.almasb.fxgl.audio.AudioPlayer
10:34:32.851 [FXGL Background Thread 3 ] DEBUG Engine               - class com.almasb.fxgl.notification.impl.NotificationServiceProvider
10:34:32.851 [FXGL Background Thread 3 ] DEBUG Engine               - class com.almasb.fxgl.achievement.AchievementService
10:34:32.851 [FXGL Background Thread 3 ] DEBUG Engine               - class com.almasb.fxgl.cutscene.CutsceneService
10:34:32.851 [FXGL Background Thread 3 ] DEBUG Engine               - class com.almasb.fxgl.minigames.MiniGameService
10:34:32.851 [FXGL Background Thread 3 ] DEBUG Engine               - class com.almasb.fxgl.net.NetService
10:34:32.851 [FXGL Background Thread 3 ] DEBUG Engine               - class com.almasb.fxgl.app.services.UpdaterService
10:34:32.851 [FXGL Background Thread 3 ] DEBUG Engine               - class com.almasb.fxgl.dev.DevService
10:34:50.803 [JavaFX Application Thread] DEBUG FXGLApplication      - Exiting FXGL
10:34:50.803 [JavaFX Application Thread] DEBUG LoopRunner           - Stopping loop
10:34:50.803 [JavaFX Application Thread] DEBUG SystemBundleService  - Saving FXGL system data
10:34:50.804 [JavaFX Application Thread] DEBUG FileSystemAccess     - Writing to: /Users/phillipdavis/Desktop/procedural-maps/system/fxgl.bundle
10:34:50.806 [JavaFX Application Thread] DEBUG Async                - Shutting down background threads
10:34:50.806 [JavaFX Application Thread] DEBUG PrimaryStageWindow   - Closing main window
10:34:50.823 [JavaFX Application Thread] DEBUG Logger               - Closing Logger
