17:09:15.078 [main                     ] DEBUG Logger               - Configured Logger
17:09:15.102 [main                     ] DEBUG GameApplication      - Logging settings
Title: CellScape
Version: 0.0
Width: 300
Height: 300
Fullscreen: false
Intro: false
Profiling: false
Single step:false
App Mode: DEVELOPER
Menu Key: ESCAPE
Stage Style: DECORATED
Scene Factory: class com.almasb.fxgl.app.scene.SceneFactory

17:09:15.593 [JavaFX Application Thread] DEBUG FXGLApplication      - Initializing FXGL
17:09:15.596 [JavaFX Application Thread] INFO  Engine               - FXGL-11.17 (16.07.2021 15.53) on MAC (J:11.0.12 FX:16)
17:09:15.596 [JavaFX Application Thread] DEBUG Engine               - JRE Vendor Name: Amazon.com Inc.
17:09:15.597 [JavaFX Application Thread] DEBUG Engine               - Running on OS: Mac OS X version 11.5.2
17:09:15.597 [JavaFX Application Thread] DEBUG Engine               - Architecture: x86_64
17:09:15.597 [JavaFX Application Thread] INFO  Engine               - Source code and latest versions at: https://github.com/AlmasB/FXGL
17:09:15.597 [JavaFX Application Thread] INFO  Engine               -              Join the FXGL chat at: https://gitter.im/AlmasB/FXGL
17:09:15.729 [JavaFX Application Thread] DEBUG PrimaryStageWindow   - Creating a JavaFX scene
17:09:15.783 [JavaFX Application Thread] DEBUG PrimaryStageWindow   - Target settings size: 300.0 x 300.0
17:09:15.783 [JavaFX Application Thread] DEBUG PrimaryStageWindow   - Scaled scene size:    300.0 x 300.0
17:09:15.783 [JavaFX Application Thread] DEBUG PrimaryStageWindow   - Scaled ratio: (1.0, 1.0)
17:09:15.784 [JavaFX Application Thread] DEBUG PrimaryStageWindow   - Set initial scene to FXGLStartupScene
17:09:15.791 [JavaFX Application Thread] DEBUG PrimaryStageWindow   - Opening main window
17:09:15.900 [JavaFX Application Thread] DEBUG PrimaryStageWindow   - Window border size: (0.0, 28.0)
17:09:15.900 [JavaFX Application Thread] DEBUG PrimaryStageWindow   - Scaled size: 300.0 x 300.0
17:09:15.901 [JavaFX Application Thread] DEBUG PrimaryStageWindow   - Scaled ratio: (1.0, 1.0)
17:09:15.901 [JavaFX Application Thread] DEBUG PrimaryStageWindow   - Scene size: 300.0 x 300.0
17:09:15.901 [JavaFX Application Thread] DEBUG PrimaryStageWindow   - Stage size: 300.0 x 328.0
17:09:15.908 [FXGL Background Thread 1 ] DEBUG Engine               - Initializing environment variables
17:09:15.972 [FXGL Background Thread 1 ] DEBUG FXGLAssetLoaderServi - User app class for loading assets: class CellApp
17:09:15.972 [FXGL Background Thread 1 ] DEBUG GameApplicationServi - Applying CSS: fxgl_dark.css
17:09:15.973 [FXGL Background Thread 1 ] DEBUG FXGLAssetLoaderServi - Loading from file system: jar:file:/Users/phillipdavis/Desktop/procedural-maps/lib/fxgl-11.17-uber.jar!/fxglassets/ui/css/fxgl_dark.css
17:09:16.128 [FXGL Background Thread 1 ] DEBUG GameApplicationServi - Initializing application scenes
17:09:16.684 [FXGL Background Thread 1 ] DEBUG GameWorld            - Game world initialized
17:09:16.734 [FXGL Background Thread 1 ] DEBUG PhysicsWorld         - Physics world initialized: appHeight=300, physics.ppm=50.0
17:09:16.734 [FXGL Background Thread 1 ] DEBUG PhysicsWorld         - Using strategy: BRUTE_FORCE
17:09:16.737 [FXGL Background Thread 1 ] DEBUG GameScene            - Game scene initialized: 300x300
17:09:16.750 [FXGL Background Thread 1 ] WARN  FXGL.DefaultMenu     - FXGLDefaultMenu is not designed for resolutions < 800x600
17:09:16.750 [FXGL Background Thread 1 ] DEBUG FXGL.DefaultMenu     - createMenuBodyGameMenu()
17:09:16.776 [FXGL Background Thread 1 ] DEBUG FXGL.DefaultMenu     - createOptionsMenu()
17:09:16.790 [FXGL Background Thread 1 ] DEBUG FXGLAssetLoaderServi - Loading from file system: jar:file:/Users/phillipdavis/Desktop/procedural-maps/lib/fxgl-11.17-uber.jar!/fxglassets/textures/particles/smoke.png
17:09:16.896 [FXGL Background Thread 1 ] DEBUG FXGLAssetLoaderServi - Loading from file system: jar:file:/Users/phillipdavis/Desktop/procedural-maps/lib/fxgl-11.17-uber.jar!/fxglassets/textures/particles/trace_horizontal.png
17:09:16.924 [FXGL Background Thread 1 ] DEBUG GameApplicationServi - Application scenes initialized
17:09:16.938 [FXGL Background Thread 1 ] DEBUG SystemBundleService  - Loading FXGL system data
17:09:16.941 [FXGL Background Thread 1 ] DEBUG FileSystemAccess     - Reading from: /Users/phillipdavis/Desktop/procedural-maps/system/fxgl.bundle
17:09:16.947 [FXGL Background Thread 1 ] DEBUG SystemBundleService  - Bundle FXGL: {}
17:09:16.948 [FXGL Background Thread 1 ] DEBUG UpdaterService       - Checking for updates
17:09:16.952 [FXGL Background Thread 4 ] DEBUG FXGLApplication      - Loading fonts
17:09:16.953 [FXGL Background Thread 1 ] DEBUG FXGLApplication      - Loading default localization
17:09:16.953 [FXGL Background Thread 4 ] DEBUG FXGLAssetLoaderServi - Loading from file system: jar:file:/Users/phillipdavis/Desktop/procedural-maps/lib/fxgl-11.17-uber.jar!/fxglassets/ui/fonts/VarelaRound-Regular.ttf
17:09:16.953 [FXGL Background Thread 1 ] DEBUG FXGLAssetLoaderServi - Loading from file system: jar:file:/Users/phillipdavis/Desktop/procedural-maps/lib/fxgl-11.17-uber.jar!/fxglassets/languages/english.lang
17:09:16.973 [FXGL Background Thread 1 ] INFO  FXGLApplication      - FXGL initialization took: 1.066 sec
17:09:16.978 [FXGL Background Thread 4 ] DEBUG FXGLAssetLoaderServi - Loading from file system: jar:file:/Users/phillipdavis/Desktop/procedural-maps/lib/fxgl-11.17-uber.jar!/fxglassets/ui/fonts/Abel-Regular.ttf
17:09:16.987 [FXGL Background Thread 4 ] DEBUG FXGLAssetLoaderServi - Loading from file system: jar:file:/Users/phillipdavis/Desktop/procedural-maps/lib/fxgl-11.17-uber.jar!/fxglassets/ui/fonts/lucida_console.ttf
17:09:16.991 [JavaFX Application Thread] DEBUG Input                - Registered new binding: action0 - E
17:09:16.991 [JavaFX Application Thread] DEBUG FXGLAssetLoaderServi - Loading from file system: jar:file:/Users/phillipdavis/Desktop/procedural-maps/lib/fxgl-11.17-uber.jar!/fxglassets/textures/fxgl_icon.png
17:09:16.998 [FXGL Background Thread 4 ] DEBUG FXGLAssetLoaderServi - Loading from file system: jar:file:/Users/phillipdavis/Desktop/procedural-maps/lib/fxgl-11.17-uber.jar!/fxglassets/ui/fonts/Courier-Prime.ttf
17:09:17.034 [JavaFX Application Thread] DEBUG FXGLAssetLoaderServi - Loading from file system: jar:file:/Users/phillipdavis/Desktop/procedural-maps/lib/fxgl-11.17-uber.jar!/fxglassets/textures/fxgl_default_cursor.png
17:09:17.037 [JavaFX Application Thread] DEBUG Input                - Registered new binding: Screenshot - CTRL+8
17:09:17.037 [JavaFX Application Thread] DEBUG Input                - Registered new binding: System info dump - CTRL+9
17:09:17.037 [JavaFX Application Thread] DEBUG Input                - Registered new binding: Restart - CTRL+R
17:09:17.040 [JavaFX Application Thread] DEBUG Input                - Registered new binding: Toggle Debug Camera - CTRL+C
17:09:17.042 [JavaFX Application Thread] DEBUG LoopRunner           - Starting loop
17:09:17.042 [JavaFX Application Thread] DEBUG LoopRunner           - Initializing JavaFX AnimationTimerLoop
17:09:17.044 [JavaFX Application Thread] DEBUG GameApplicationServi - Starting new game
17:09:17.044 [JavaFX Application Thread] DEBUG Input                - Clearing active input actions
17:09:17.058 [JavaFX Application Thread] DEBUG GameApplicationServi - Removing overlay from FXGLStartupScene and adding to FXGLLoadingScene
17:09:17.058 [JavaFX Application Thread] DEBUG PrimaryStageWindow   - FXGLStartupScene -> FXGLLoadingScene
17:09:17.058 [JavaFX Application Thread] DEBUG GameApplicationServi - Clearing previous game
17:09:17.058 [JavaFX Application Thread] DEBUG GameScene            - Clearing game scene
17:09:17.058 [JavaFX Application Thread] DEBUG GameWorld            - Clearing game world
17:09:17.059 [JavaFX Application Thread] DEBUG PhysicsWorld         - Clearing physics world
17:09:17.063 [FXGL Background Thread 4 ] DEBUG FXGLApplication      - Initializing game
17:09:17.102 [JavaFX Application Thread] DEBUG FXGLApplication      - Registering font factories with UI factory
17:09:17.261 [FXGL Background Thread 4 ] INFO  FXGLApplication      - Game initialization took: 0.198 sec
17:09:17.297 [JavaFX Application Thread] DEBUG Input                - Clearing active input actions
17:09:17.310 [JavaFX Application Thread] DEBUG GameApplicationServi - Removing overlay from FXGLLoadingScene and adding to GameScene
17:09:17.311 [JavaFX Application Thread] DEBUG PrimaryStageWindow   - FXGLLoadingScene -> GameScene
17:09:19.954 [FXGL Background Thread 3 ] DEBUG Engine               - Logging environment variables
17:09:19.956 [FXGL Background Thread 3 ] DEBUG Engine               - achievements: []
17:09:19.957 [FXGL Background Thread 3 ] DEBUG Engine               - actualHeight: 300.0
17:09:19.957 [FXGL Background Thread 3 ] DEBUG Engine               - actualHeightProperty: ReadOnlyDoubleProperty [value: 300.0]
17:09:19.957 [FXGL Background Thread 3 ] DEBUG Engine               - actualWidth: 300.0
17:09:19.957 [FXGL Background Thread 3 ] DEBUG Engine               - actualWidthProperty: ReadOnlyDoubleProperty [value: 300.0]
17:09:19.957 [FXGL Background Thread 3 ] DEBUG Engine               - appIcon: fxgl_icon.png
17:09:19.957 [FXGL Background Thread 3 ] DEBUG Engine               - applicationMode: DEVELOPER
17:09:19.958 [FXGL Background Thread 3 ] DEBUG Engine               - cSSList: [fxgl_dark.css]
17:09:19.958 [FXGL Background Thread 3 ] DEBUG Engine               - collisionDetectionStrategy: BRUTE_FORCE
17:09:19.958 [FXGL Background Thread 3 ] DEBUG Engine               - configClass: Optional.empty
17:09:19.958 [FXGL Background Thread 3 ] DEBUG Engine               - credits: []
17:09:19.958 [FXGL Background Thread 3 ] DEBUG Engine               - defaultCursor: CursorInfo(imageName=fxgl_default_cursor.png, hotspotX=7.0, hotspotY=6.0)
17:09:19.958 [FXGL Background Thread 3 ] DEBUG Engine               - devBBoxColorProperty: ObjectProperty [value: 0xff0000ff]
17:09:19.959 [FXGL Background Thread 3 ] DEBUG Engine               - devEnableDebugCameraProperty: BooleanProperty [value: false]
17:09:19.959 [FXGL Background Thread 3 ] DEBUG Engine               - devSensorColorProperty: ObjectProperty [value: 0xffff00ff]
17:09:19.959 [FXGL Background Thread 3 ] DEBUG Engine               - devShowBBoxProperty: BooleanProperty [value: false]
17:09:19.959 [FXGL Background Thread 3 ] DEBUG Engine               - devShowPositionProperty: BooleanProperty [value: false]
17:09:19.959 [FXGL Background Thread 3 ] DEBUG Engine               - enabledMenuItems: []
17:09:19.959 [FXGL Background Thread 3 ] DEBUG Engine               - engineServices: [class com.almasb.fxgl.app.services.FXGLAssetLoaderService, class com.almasb.fxgl.app.FXGLApplication$GameApplicationService, class com.almasb.fxgl.app.services.FXGLDialogService, class com.almasb.fxgl.app.services.IOTaskExecutorService, class com.almasb.fxgl.io.FileSystemService, class com.almasb.fxgl.localization.LocalizationService, class com.almasb.fxgl.app.services.SystemBundleService, class com.almasb.fxgl.profile.SaveLoadService, class com.almasb.fxgl.ui.FXGLUIFactoryServiceProvider, class com.almasb.fxgl.ui.FXGLDialogFactoryServiceProvider, class com.almasb.fxgl.audio.AudioPlayer, class com.almasb.fxgl.notification.impl.NotificationServiceProvider, class com.almasb.fxgl.achievement.AchievementService, class com.almasb.fxgl.cutscene.CutsceneService, class com.almasb.fxgl.minigames.MiniGameService, class com.almasb.fxgl.net.NetService, class com.almasb.fxgl.app.services.UpdaterService, class com.almasb.fxgl.dev.DevService]
17:09:19.960 [FXGL Background Thread 3 ] DEBUG Engine               - fontGame: Abel-Regular.ttf
17:09:19.960 [FXGL Background Thread 3 ] DEBUG Engine               - fontMono: lucida_console.ttf
17:09:19.960 [FXGL Background Thread 3 ] DEBUG Engine               - fontText: Courier-Prime.ttf
17:09:19.960 [FXGL Background Thread 3 ] DEBUG Engine               - fontUI: VarelaRound-Regular.ttf
17:09:19.960 [FXGL Background Thread 3 ] DEBUG Engine               - fullScreen: BooleanProperty [value: false]
17:09:19.960 [FXGL Background Thread 3 ] DEBUG Engine               - gameDifficulty: MEDIUM
17:09:19.960 [FXGL Background Thread 3 ] DEBUG Engine               - gameDifficultyProperty: ObjectProperty [value: MEDIUM]
17:09:19.961 [FXGL Background Thread 3 ] DEBUG Engine               - globalMusicVolume: 0.5
17:09:19.961 [FXGL Background Thread 3 ] DEBUG Engine               - globalMusicVolumeProperty: DoubleProperty [value: 0.5]
17:09:19.961 [FXGL Background Thread 3 ] DEBUG Engine               - globalSoundVolume: 0.5
17:09:19.961 [FXGL Background Thread 3 ] DEBUG Engine               - globalSoundVolumeProperty: DoubleProperty [value: 0.5]
17:09:19.961 [FXGL Background Thread 3 ] DEBUG Engine               - height: 300
17:09:19.962 [FXGL Background Thread 3 ] DEBUG Engine               - is3D: false
17:09:19.962 [FXGL Background Thread 3 ] DEBUG Engine               - isAndroid: false
17:09:19.962 [FXGL Background Thread 3 ] DEBUG Engine               - isBrowser: false
17:09:19.962 [FXGL Background Thread 3 ] DEBUG Engine               - isClickFeedbackEnabled: false
17:09:19.962 [FXGL Background Thread 3 ] DEBUG Engine               - isCloseConfirmation: false
17:09:19.962 [FXGL Background Thread 3 ] DEBUG Engine               - isDesktop: true
17:09:19.963 [FXGL Background Thread 3 ] DEBUG Engine               - isDeveloperMenuEnabled: false
17:09:19.963 [FXGL Background Thread 3 ] DEBUG Engine               - isEntityPreloadEnabled: true
17:09:19.964 [FXGL Background Thread 3 ] DEBUG Engine               - isExperimentalTiledLargeMap: false
17:09:19.964 [FXGL Background Thread 3 ] DEBUG Engine               - isFileSystemWriteAllowed: true
17:09:19.964 [FXGL Background Thread 3 ] DEBUG Engine               - isFullScreenAllowed: false
17:09:19.964 [FXGL Background Thread 3 ] DEBUG Engine               - isFullScreenFromStart: false
17:09:19.964 [FXGL Background Thread 3 ] DEBUG Engine               - isGameMenuEnabled: true
17:09:19.964 [FXGL Background Thread 3 ] DEBUG Engine               - isIOS: false
17:09:19.964 [FXGL Background Thread 3 ] DEBUG Engine               - isIntroEnabled: false
17:09:19.965 [FXGL Background Thread 3 ] DEBUG Engine               - isLinux: false
17:09:19.965 [FXGL Background Thread 3 ] DEBUG Engine               - isMac: true
17:09:19.965 [FXGL Background Thread 3 ] DEBUG Engine               - isMainMenuEnabled: false
17:09:19.965 [FXGL Background Thread 3 ] DEBUG Engine               - isManualResizeEnabled: false
17:09:19.965 [FXGL Background Thread 3 ] DEBUG Engine               - isMobile: false
17:09:19.965 [FXGL Background Thread 3 ] DEBUG Engine               - isNative: false
17:09:19.965 [FXGL Background Thread 3 ] DEBUG Engine               - isPauseMusicWhenMinimized: true
17:09:19.965 [FXGL Background Thread 3 ] DEBUG Engine               - isPreserveResizeRatio: false
17:09:19.965 [FXGL Background Thread 3 ] DEBUG Engine               - isProfilingEnabled: false
17:09:19.966 [FXGL Background Thread 3 ] DEBUG Engine               - isScaleAffectedOnResize: true
17:09:19.966 [FXGL Background Thread 3 ] DEBUG Engine               - isSingleStep: false
17:09:19.966 [FXGL Background Thread 3 ] DEBUG Engine               - isUserProfileEnabled: false
17:09:19.966 [FXGL Background Thread 3 ] DEBUG Engine               - isWindows: false
17:09:19.966 [FXGL Background Thread 3 ] DEBUG Engine               - language: ObjectProperty [value: ENGLISH]
17:09:19.966 [FXGL Background Thread 3 ] DEBUG Engine               - menuKey: ESCAPE
17:09:19.966 [FXGL Background Thread 3 ] DEBUG Engine               - mouseSensitivity: 0.2
17:09:19.966 [FXGL Background Thread 3 ] DEBUG Engine               - notificationViewClass: class com.almasb.fxgl.notification.view.XboxNotificationView
17:09:19.967 [FXGL Background Thread 3 ] DEBUG Engine               - pixelsPerMeter: 50.0
17:09:19.967 [FXGL Background Thread 3 ] DEBUG Engine               - platform: MAC
17:09:19.967 [FXGL Background Thread 3 ] DEBUG Engine               - prefHeightProperty: ReadOnlyDoubleProperty [value: 300.0]
17:09:19.967 [FXGL Background Thread 3 ] DEBUG Engine               - prefWidthProperty: ReadOnlyDoubleProperty [value: 300.0]
17:09:19.967 [FXGL Background Thread 3 ] DEBUG Engine               - profileDir: profiles/
17:09:19.967 [FXGL Background Thread 3 ] DEBUG Engine               - profileName: StringProperty [value: DEFAULT]
17:09:19.967 [FXGL Background Thread 3 ] DEBUG Engine               - randomSeed: -1
17:09:19.967 [FXGL Background Thread 3 ] DEBUG Engine               - runtimeInfo: RuntimeInfo(platform=MAC, version=11.17, build=16.07.2021 15.53)
17:09:19.968 [FXGL Background Thread 3 ] DEBUG Engine               - saveFileExt: sav
17:09:19.968 [FXGL Background Thread 3 ] DEBUG Engine               - scaledHeightProp$fxgl: DoubleProperty [bound, value: 300.0]
17:09:19.968 [FXGL Background Thread 3 ] DEBUG Engine               - scaledWidthProp$fxgl: DoubleProperty [bound, value: 300.0]
17:09:19.968 [FXGL Background Thread 3 ] DEBUG Engine               - sceneFactory: com.almasb.fxgl.app.scene.SceneFactory@2a1961ad
17:09:19.968 [FXGL Background Thread 3 ] DEBUG Engine               - secondsIn24h: 60
17:09:19.968 [FXGL Background Thread 3 ] DEBUG Engine               - soundMenuBack: menu/back.wav
17:09:19.968 [FXGL Background Thread 3 ] DEBUG Engine               - soundMenuPress: menu/press.wav
17:09:19.968 [FXGL Background Thread 3 ] DEBUG Engine               - soundMenuSelect: menu/select.wav
17:09:19.968 [FXGL Background Thread 3 ] DEBUG Engine               - soundNotification: core/notification.wav
17:09:19.969 [FXGL Background Thread 3 ] DEBUG Engine               - stageStyle: DECORATED
17:09:19.969 [FXGL Background Thread 3 ] DEBUG Engine               - supportedLanguages: [ENGLISH, FRENCH, GERMAN, HUNGARIAN, RUSSIAN]
17:09:19.969 [FXGL Background Thread 3 ] DEBUG Engine               - ticksPerSecond: -1
17:09:19.969 [FXGL Background Thread 3 ] DEBUG Engine               - title: CellScape
17:09:19.969 [FXGL Background Thread 3 ] DEBUG Engine               - urlGithub: https://github.com/AlmasB/FXGL
17:09:19.969 [FXGL Background Thread 3 ] DEBUG Engine               - urlLeaderboard: http://fxgl-top.herokuapp.com/
17:09:19.969 [FXGL Background Thread 3 ] DEBUG Engine               - urlPOM: https://raw.githubusercontent.com/AlmasB/FXGL/release/README.md
17:09:19.969 [FXGL Background Thread 3 ] DEBUG Engine               - userAppClass: class CellApp
17:09:19.969 [FXGL Background Thread 3 ] DEBUG Engine               - version: 0.0
17:09:19.970 [FXGL Background Thread 3 ] DEBUG Engine               - versionCheckDays: 7
17:09:19.970 [FXGL Background Thread 3 ] DEBUG Engine               - width: 300
17:09:19.971 [FXGL Background Thread 3 ] DEBUG Engine               - Logging services
17:09:19.971 [FXGL Background Thread 3 ] DEBUG Engine               - class com.almasb.fxgl.app.services.FXGLAssetLoaderService
17:09:19.971 [FXGL Background Thread 3 ] DEBUG Engine               - class com.almasb.fxgl.app.FXGLApplication$GameApplicationService
17:09:19.972 [FXGL Background Thread 3 ] DEBUG Engine               - class com.almasb.fxgl.app.services.FXGLDialogService
17:09:19.972 [FXGL Background Thread 3 ] DEBUG Engine               - class com.almasb.fxgl.app.services.IOTaskExecutorService
17:09:19.972 [FXGL Background Thread 3 ] DEBUG Engine               - class com.almasb.fxgl.io.FileSystemService
17:09:19.972 [FXGL Background Thread 3 ] DEBUG Engine               - class com.almasb.fxgl.localization.LocalizationService
17:09:19.972 [FXGL Background Thread 3 ] DEBUG Engine               - class com.almasb.fxgl.app.services.SystemBundleService
17:09:19.972 [FXGL Background Thread 3 ] DEBUG Engine               - class com.almasb.fxgl.profile.SaveLoadService
17:09:19.972 [FXGL Background Thread 3 ] DEBUG Engine               - class com.almasb.fxgl.ui.FXGLUIFactoryServiceProvider
17:09:19.972 [FXGL Background Thread 3 ] DEBUG Engine               - class com.almasb.fxgl.ui.FXGLDialogFactoryServiceProvider
17:09:19.972 [FXGL Background Thread 3 ] DEBUG Engine               - class com.almasb.fxgl.audio.AudioPlayer
17:09:19.972 [FXGL Background Thread 3 ] DEBUG Engine               - class com.almasb.fxgl.notification.impl.NotificationServiceProvider
17:09:19.972 [FXGL Background Thread 3 ] DEBUG Engine               - class com.almasb.fxgl.achievement.AchievementService
17:09:19.972 [FXGL Background Thread 3 ] DEBUG Engine               - class com.almasb.fxgl.cutscene.CutsceneService
17:09:19.973 [FXGL Background Thread 3 ] DEBUG Engine               - class com.almasb.fxgl.minigames.MiniGameService
17:09:19.973 [FXGL Background Thread 3 ] DEBUG Engine               - class com.almasb.fxgl.net.NetService
17:09:19.973 [FXGL Background Thread 3 ] DEBUG Engine               - class com.almasb.fxgl.app.services.UpdaterService
17:09:19.973 [FXGL Background Thread 3 ] DEBUG Engine               - class com.almasb.fxgl.dev.DevService
17:09:20.262 [JavaFX Application Thread] DEBUG FXGLApplication      - Exiting FXGL
17:09:20.262 [JavaFX Application Thread] DEBUG LoopRunner           - Stopping loop
17:09:20.263 [JavaFX Application Thread] DEBUG SystemBundleService  - Saving FXGL system data
17:09:20.264 [JavaFX Application Thread] DEBUG FileSystemAccess     - Writing to: /Users/phillipdavis/Desktop/procedural-maps/system/fxgl.bundle
17:09:20.266 [JavaFX Application Thread] DEBUG Async                - Shutting down background threads
17:09:20.266 [JavaFX Application Thread] DEBUG PrimaryStageWindow   - Closing main window
17:09:20.274 [JavaFX Application Thread] DEBUG Logger               - Closing Logger
