22:45:07.389 [main                     ] DEBUG Logger               - Configured Logger
22:45:07.418 [main                     ] DEBUG GameApplication      - Logging settings
Title: CellScape
Version: 0.0
Width: 3100
Height: 3100
Fullscreen: false
Intro: false
Profiling: false
Single step:false
App Mode: DEVELOPER
Menu Key: ESCAPE
Stage Style: DECORATED
Scene Factory: class com.almasb.fxgl.app.scene.SceneFactory

22:45:07.925 [JavaFX Application Thread] DEBUG FXGLApplication      - Initializing FXGL
22:45:07.927 [JavaFX Application Thread] INFO  Engine               - FXGL-11.17 (16.07.2021 15.53) on MAC (J:11.0.12 FX:16)
22:45:07.927 [JavaFX Application Thread] DEBUG Engine               - JRE Vendor Name: Amazon.com Inc.
22:45:07.927 [JavaFX Application Thread] DEBUG Engine               - Running on OS: Mac OS X version 11.5.2
22:45:07.928 [JavaFX Application Thread] DEBUG Engine               - Architecture: x86_64
22:45:07.928 [JavaFX Application Thread] INFO  Engine               - Source code and latest versions at: https://github.com/AlmasB/FXGL
22:45:07.928 [JavaFX Application Thread] INFO  Engine               -              Join the FXGL chat at: https://gitter.im/AlmasB/FXGL
22:45:08.071 [JavaFX Application Thread] DEBUG PrimaryStageWindow   - Creating a JavaFX scene
22:45:08.071 [JavaFX Application Thread] DEBUG PrimaryStageWindow   - Target size > screen size
22:45:08.145 [JavaFX Application Thread] DEBUG PrimaryStageWindow   - Target settings size: 3100.0 x 3100.0
22:45:08.145 [JavaFX Application Thread] DEBUG PrimaryStageWindow   - Scaled scene size:    786.0 x 811.0
22:45:08.146 [JavaFX Application Thread] DEBUG PrimaryStageWindow   - Scaled ratio: (0.2535483870967742, 0.26161290322580644)
22:45:08.147 [JavaFX Application Thread] DEBUG PrimaryStageWindow   - Set initial scene to FXGLStartupScene
22:45:08.157 [JavaFX Application Thread] DEBUG PrimaryStageWindow   - Opening main window
22:45:08.330 [JavaFX Application Thread] DEBUG PrimaryStageWindow   - Window border size: (0.0, 28.0)
22:45:08.330 [JavaFX Application Thread] DEBUG PrimaryStageWindow   - Scaled size: 786.0 x 811.0
22:45:08.330 [JavaFX Application Thread] DEBUG PrimaryStageWindow   - Scaled ratio: (0.2535483870967742, 0.26161290322580644)
22:45:08.330 [JavaFX Application Thread] DEBUG PrimaryStageWindow   - Scene size: 786.0 x 811.0
22:45:08.330 [JavaFX Application Thread] DEBUG PrimaryStageWindow   - Stage size: 786.0 x 839.0
22:45:08.341 [FXGL Background Thread 1 ] DEBUG Engine               - Initializing environment variables
22:45:08.427 [FXGL Background Thread 1 ] DEBUG FXGLAssetLoaderServi - User app class for loading assets: class CellApp
22:45:08.427 [FXGL Background Thread 1 ] DEBUG GameApplicationServi - Applying CSS: fxgl_dark.css
22:45:08.429 [FXGL Background Thread 1 ] DEBUG FXGLAssetLoaderServi - Loading from file system: jar:file:/Users/phillipdavis/Desktop/procedural-maps/main/lib/fxgl-11.17-uber.jar!/fxglassets/ui/css/fxgl_dark.css
22:45:08.485 [FXGL Background Thread 1 ] DEBUG GameApplicationServi - Initializing application scenes
22:45:08.810 [FXGL Background Thread 1 ] DEBUG GameWorld            - Game world initialized
22:45:08.872 [FXGL Background Thread 1 ] DEBUG PhysicsWorld         - Physics world initialized: appHeight=3100, physics.ppm=50.0
22:45:08.872 [FXGL Background Thread 1 ] DEBUG PhysicsWorld         - Using strategy: BRUTE_FORCE
22:45:08.874 [FXGL Background Thread 1 ] DEBUG GameScene            - Game scene initialized: 3100x3100
22:45:08.888 [FXGL Background Thread 1 ] DEBUG FXGL.DefaultMenu     - createMenuBodyGameMenu()
22:45:08.907 [FXGL Background Thread 1 ] DEBUG FXGL.DefaultMenu     - createOptionsMenu()
22:45:08.918 [FXGL Background Thread 1 ] DEBUG FXGLAssetLoaderServi - Loading from file system: jar:file:/Users/phillipdavis/Desktop/procedural-maps/main/lib/fxgl-11.17-uber.jar!/fxglassets/textures/particles/smoke.png
22:45:09.047 [FXGL Background Thread 1 ] DEBUG FXGLAssetLoaderServi - Loading from file system: jar:file:/Users/phillipdavis/Desktop/procedural-maps/main/lib/fxgl-11.17-uber.jar!/fxglassets/textures/particles/trace_horizontal.png
22:45:09.067 [FXGL Background Thread 1 ] DEBUG GameApplicationServi - Application scenes initialized
22:45:09.077 [FXGL Background Thread 1 ] DEBUG SystemBundleService  - Loading FXGL system data
22:45:09.082 [FXGL Background Thread 1 ] DEBUG FileSystemAccess     - Reading from: /Users/phillipdavis/Desktop/procedural-maps/system/fxgl.bundle
22:45:09.093 [FXGL Background Thread 1 ] DEBUG SystemBundleService  - Bundle FXGL: {}
22:45:09.093 [FXGL Background Thread 1 ] DEBUG UpdaterService       - Checking for updates
22:45:09.097 [FXGL Background Thread 4 ] DEBUG FXGLApplication      - Loading fonts
22:45:09.097 [FXGL Background Thread 1 ] DEBUG FXGLApplication      - Loading default localization
22:45:09.097 [FXGL Background Thread 4 ] DEBUG FXGLAssetLoaderServi - Loading from file system: jar:file:/Users/phillipdavis/Desktop/procedural-maps/main/lib/fxgl-11.17-uber.jar!/fxglassets/ui/fonts/VarelaRound-Regular.ttf
22:45:09.098 [FXGL Background Thread 1 ] DEBUG FXGLAssetLoaderServi - Loading from file system: jar:file:/Users/phillipdavis/Desktop/procedural-maps/main/lib/fxgl-11.17-uber.jar!/fxglassets/languages/english.lang
22:45:09.124 [FXGL Background Thread 4 ] DEBUG FXGLAssetLoaderServi - Loading from file system: jar:file:/Users/phillipdavis/Desktop/procedural-maps/main/lib/fxgl-11.17-uber.jar!/fxglassets/ui/fonts/Abel-Regular.ttf
22:45:09.127 [FXGL Background Thread 1 ] INFO  FXGLApplication      - FXGL initialization took: 0.785 sec
22:45:09.128 [JavaFX Application Thread] DEBUG LoopRunner           - Stopping loop
22:45:09.128 [JavaFX Application Thread] DEBUG LoopRunner           - Initializing JavaFX AnimationTimerLoop
22:45:09.130 [FXGL Background Thread 4 ] DEBUG FXGLAssetLoaderServi - Loading from file system: jar:file:/Users/phillipdavis/Desktop/procedural-maps/main/lib/fxgl-11.17-uber.jar!/fxglassets/ui/fonts/lucida_console.ttf
22:45:09.131 [JavaFX Application Thread] FATAL FXGLApplication      - Uncaught Exception:
java.lang.IllegalStateException: No EntityFactory was added! Call gameWorld.addEntityFactory()
	at com.almasb.fxgl.entity.GameWorld.create(GameWorld.kt:410)
	at com.almasb.fxgl.entity.GameWorld.spawn(GameWorld.kt:396)
	at com.almasb.fxgl.entity.GameWorld.spawn(GameWorld.kt:384)
	at com.almasb.fxgl.dsl.FXGL$Companion.spawn(FXGL.kt:444)
	at com.almasb.fxgl.dsl.FXGL.spawn(FXGL.kt)
	at CellApp.initInput(CellApp.java:52)
	at com.almasb.fxgl.app.FXGLApplication$GameApplicationService.onMainLoopStarting(FXGLApplication.kt:529)
	at com.almasb.fxgl.app.Engine.startLoop(Engine.kt:149)
	at com.almasb.fxgl.app.FXGLApplication.startImpl$lambda-3(FXGLApplication.kt:145)
	at com.almasb.fxgl.core.concurrent.IOTask.succeed(IOTask.java:164)
	at com.almasb.fxgl.core.concurrent.IOTask$1.succeeded(IOTask.java:153)
	at javafx.concurrent.Task.setState(Task.java:726)
	at javafx.concurrent.Task$TaskCallable.lambda$call$1(Task.java:1436)
	at com.sun.javafx.application.PlatformImpl.lambda$runLater$10(PlatformImpl.java:447)
	at java.base/java.security.AccessController.doPrivileged(Native Method)
	at com.sun.javafx.application.PlatformImpl.lambda$runLater$11(PlatformImpl.java:446)
	at com.sun.glass.ui.InvokeLaterDispatcher$Future.run(InvokeLaterDispatcher.java:96)

22:45:09.131 [JavaFX Application Thread] FATAL FXGLApplication      - Application will now exit
22:45:09.135 [FXGL Background Thread 4 ] DEBUG FXGLAssetLoaderServi - Loading from file system: jar:file:/Users/phillipdavis/Desktop/procedural-maps/main/lib/fxgl-11.17-uber.jar!/fxglassets/ui/fonts/Courier-Prime.ttf
22:45:09.157 [JavaFX Application Thread] DEBUG PrimaryStageWindow   - Push state: ErrorSubScene
22:45:09.157 [JavaFX Application Thread] DEBUG Input                - Clearing active input actions
22:45:09.181 [JavaFX Application Thread] DEBUG GameApplicationServi - Removing overlay from FXGLStartupScene and adding to ErrorSubScene
22:45:09.182 [JavaFX Application Thread] DEBUG PrimaryStageWindow   - FXGLStartupScene -> ErrorSubScene
22:45:09.182 [JavaFX Application Thread] DEBUG FXGLApplication      - Registering font factories with UI factory
22:45:10.728 [JavaFX Application Thread] DEBUG FXGLApplication      - Exiting FXGL
22:45:10.728 [JavaFX Application Thread] DEBUG Async                - Shutting down background threads
22:45:10.729 [JavaFX Application Thread] DEBUG PrimaryStageWindow   - Closing main window
22:45:10.737 [JavaFX Application Thread] DEBUG Logger               - Closing Logger
