11:34:04.853 [main                     ] DEBUG Logger               - Configured Logger
11:34:04.880 [main                     ] DEBUG GameApplication      - Logging settings
Title: CellScape
Version: 0.0
Width: 3000
Height: 3000
Fullscreen: false
Intro: false
Profiling: false
Single step:false
App Mode: DEVELOPER
Menu Key: ESCAPE
Stage Style: DECORATED
Scene Factory: class com.almasb.fxgl.app.scene.SceneFactory

11:34:05.464 [JavaFX Application Thread] DEBUG FXGLApplication      - Initializing FXGL
11:34:05.466 [JavaFX Application Thread] INFO  Engine               - FXGL-11.17 (16.07.2021 15.53) on MAC (J:11.0.12 FX:16)
11:34:05.467 [JavaFX Application Thread] DEBUG Engine               - JRE Vendor Name: Amazon.com Inc.
11:34:05.467 [JavaFX Application Thread] DEBUG Engine               - Running on OS: Mac OS X version 11.5.2
11:34:05.467 [JavaFX Application Thread] DEBUG Engine               - Architecture: x86_64
11:34:05.468 [JavaFX Application Thread] INFO  Engine               - Source code and latest versions at: https://github.com/AlmasB/FXGL
11:34:05.468 [JavaFX Application Thread] INFO  Engine               -              Join the FXGL chat at: https://gitter.im/AlmasB/FXGL
11:34:05.641 [JavaFX Application Thread] DEBUG PrimaryStageWindow   - Creating a JavaFX scene
11:34:05.641 [JavaFX Application Thread] DEBUG PrimaryStageWindow   - Target size > screen size
11:34:05.716 [JavaFX Application Thread] DEBUG PrimaryStageWindow   - Target settings size: 3000.0 x 3000.0
11:34:05.716 [JavaFX Application Thread] DEBUG PrimaryStageWindow   - Scaled scene size:    786.0 x 811.0
11:34:05.716 [JavaFX Application Thread] DEBUG PrimaryStageWindow   - Scaled ratio: (0.262, 0.2703333333333333)
11:34:05.718 [JavaFX Application Thread] DEBUG PrimaryStageWindow   - Set initial scene to FXGLStartupScene
11:34:05.728 [JavaFX Application Thread] DEBUG PrimaryStageWindow   - Opening main window
11:34:05.920 [JavaFX Application Thread] DEBUG PrimaryStageWindow   - Window border size: (0.0, 28.0)
11:34:05.921 [JavaFX Application Thread] DEBUG PrimaryStageWindow   - Scaled size: 786.0 x 811.0
11:34:05.921 [JavaFX Application Thread] DEBUG PrimaryStageWindow   - Scaled ratio: (0.262, 0.2703333333333333)
11:34:05.921 [JavaFX Application Thread] DEBUG PrimaryStageWindow   - Scene size: 786.0 x 811.0
11:34:05.921 [JavaFX Application Thread] DEBUG PrimaryStageWindow   - Stage size: 786.0 x 839.0
11:34:05.928 [FXGL Background Thread 1 ] DEBUG Engine               - Initializing environment variables
11:34:05.996 [FXGL Background Thread 1 ] DEBUG FXGLAssetLoaderServi - User app class for loading assets: class CellApp
11:34:05.996 [FXGL Background Thread 1 ] DEBUG GameApplicationServi - Applying CSS: fxgl_dark.css
11:34:05.997 [FXGL Background Thread 1 ] DEBUG FXGLAssetLoaderServi - Loading from file system: jar:file:/Users/phillipdavis/Desktop/procedural-maps/lib/fxgl-11.17-uber.jar!/fxglassets/ui/css/fxgl_dark.css
11:34:06.160 [FXGL Background Thread 1 ] DEBUG GameApplicationServi - Initializing application scenes
11:34:06.521 [FXGL Background Thread 1 ] DEBUG GameWorld            - Game world initialized
11:34:06.606 [FXGL Background Thread 1 ] DEBUG PhysicsWorld         - Physics world initialized: appHeight=3000, physics.ppm=50.0
11:34:06.606 [FXGL Background Thread 1 ] DEBUG PhysicsWorld         - Using strategy: BRUTE_FORCE
11:34:06.609 [FXGL Background Thread 1 ] DEBUG GameScene            - Game scene initialized: 3000x3000
11:34:06.624 [FXGL Background Thread 1 ] DEBUG FXGL.DefaultMenu     - createMenuBodyGameMenu()
11:34:06.639 [FXGL Background Thread 1 ] DEBUG FXGL.DefaultMenu     - createOptionsMenu()
11:34:06.648 [FXGL Background Thread 1 ] DEBUG FXGLAssetLoaderServi - Loading from file system: jar:file:/Users/phillipdavis/Desktop/procedural-maps/lib/fxgl-11.17-uber.jar!/fxglassets/textures/particles/smoke.png
11:34:06.761 [FXGL Background Thread 1 ] DEBUG FXGLAssetLoaderServi - Loading from file system: jar:file:/Users/phillipdavis/Desktop/procedural-maps/lib/fxgl-11.17-uber.jar!/fxglassets/textures/particles/trace_horizontal.png
11:34:06.803 [FXGL Background Thread 1 ] DEBUG GameApplicationServi - Application scenes initialized
11:34:06.816 [FXGL Background Thread 1 ] DEBUG SystemBundleService  - Loading FXGL system data
11:34:06.822 [FXGL Background Thread 1 ] DEBUG FileSystemAccess     - Reading from: /Users/phillipdavis/Desktop/procedural-maps/system/fxgl.bundle
11:34:06.833 [FXGL Background Thread 1 ] DEBUG SystemBundleService  - Bundle FXGL: {}
11:34:06.834 [FXGL Background Thread 1 ] DEBUG UpdaterService       - Checking for updates
11:34:06.841 [FXGL Background Thread 4 ] DEBUG FXGLApplication      - Loading fonts
11:34:06.842 [FXGL Background Thread 4 ] DEBUG FXGLAssetLoaderServi - Loading from file system: jar:file:/Users/phillipdavis/Desktop/procedural-maps/lib/fxgl-11.17-uber.jar!/fxglassets/ui/fonts/VarelaRound-Regular.ttf
11:34:06.842 [FXGL Background Thread 1 ] DEBUG FXGLApplication      - Loading default localization
11:34:06.843 [FXGL Background Thread 1 ] DEBUG FXGLAssetLoaderServi - Loading from file system: jar:file:/Users/phillipdavis/Desktop/procedural-maps/lib/fxgl-11.17-uber.jar!/fxglassets/languages/english.lang
11:34:06.859 [FXGL Background Thread 4 ] DEBUG FXGLAssetLoaderServi - Loading from file system: jar:file:/Users/phillipdavis/Desktop/procedural-maps/lib/fxgl-11.17-uber.jar!/fxglassets/ui/fonts/Abel-Regular.ttf
11:34:06.863 [FXGL Background Thread 4 ] DEBUG FXGLAssetLoaderServi - Loading from file system: jar:file:/Users/phillipdavis/Desktop/procedural-maps/lib/fxgl-11.17-uber.jar!/fxglassets/ui/fonts/lucida_console.ttf
11:34:06.868 [FXGL Background Thread 4 ] DEBUG FXGLAssetLoaderServi - Loading from file system: jar:file:/Users/phillipdavis/Desktop/procedural-maps/lib/fxgl-11.17-uber.jar!/fxglassets/ui/fonts/Courier-Prime.ttf
11:34:06.874 [FXGL Background Thread 1 ] INFO  FXGLApplication      - FXGL initialization took: 0.946 sec
11:34:06.892 [JavaFX Application Thread] DEBUG Input                - Registered new binding: action0 - E
11:34:06.893 [JavaFX Application Thread] DEBUG FXGLAssetLoaderServi - Loading from file system: jar:file:/Users/phillipdavis/Desktop/procedural-maps/lib/fxgl-11.17-uber.jar!/fxglassets/textures/fxgl_icon.png
11:34:06.936 [JavaFX Application Thread] DEBUG FXGLAssetLoaderServi - Loading from file system: jar:file:/Users/phillipdavis/Desktop/procedural-maps/lib/fxgl-11.17-uber.jar!/fxglassets/textures/fxgl_default_cursor.png
11:34:06.938 [JavaFX Application Thread] DEBUG Input                - Registered new binding: Screenshot - CTRL+8
11:34:06.939 [JavaFX Application Thread] DEBUG Input                - Registered new binding: System info dump - CTRL+9
11:34:06.939 [JavaFX Application Thread] DEBUG Input                - Registered new binding: Restart - CTRL+R
11:34:06.940 [JavaFX Application Thread] DEBUG Input                - Registered new binding: Toggle Debug Camera - CTRL+C
11:34:06.943 [JavaFX Application Thread] DEBUG LoopRunner           - Starting loop
11:34:06.943 [JavaFX Application Thread] DEBUG LoopRunner           - Initializing JavaFX AnimationTimerLoop
11:34:06.944 [JavaFX Application Thread] DEBUG GameApplicationServi - Starting new game
11:34:06.944 [JavaFX Application Thread] DEBUG Input                - Clearing active input actions
11:34:06.971 [JavaFX Application Thread] DEBUG GameApplicationServi - Removing overlay from FXGLStartupScene and adding to FXGLLoadingScene
11:34:06.971 [JavaFX Application Thread] DEBUG PrimaryStageWindow   - FXGLStartupScene -> FXGLLoadingScene
11:34:06.971 [JavaFX Application Thread] DEBUG GameApplicationServi - Clearing previous game
11:34:06.971 [JavaFX Application Thread] DEBUG GameScene            - Clearing game scene
11:34:06.971 [JavaFX Application Thread] DEBUG GameWorld            - Clearing game world
11:34:06.971 [JavaFX Application Thread] DEBUG PhysicsWorld         - Clearing physics world
11:34:06.973 [FXGL Background Thread 4 ] DEBUG FXGLApplication      - Initializing game
11:34:07.001 [JavaFX Application Thread] DEBUG FXGLApplication      - Registering font factories with UI factory
11:34:08.927 [FXGL Background Thread 4 ] INFO  FXGLApplication      - Game initialization took: 1.954 sec
11:34:08.929 [JavaFX Application Thread] DEBUG Input                - Clearing active input actions
11:34:09.111 [JavaFX Application Thread] DEBUG GameApplicationServi - Removing overlay from FXGLLoadingScene and adding to GameScene
11:34:09.112 [JavaFX Application Thread] DEBUG PrimaryStageWindow   - FXGLLoadingScene -> GameScene
11:34:09.840 [FXGL Background Thread 3 ] DEBUG Engine               - Logging environment variables
11:34:09.841 [FXGL Background Thread 3 ] DEBUG Engine               - achievements: []
11:34:09.841 [FXGL Background Thread 3 ] DEBUG Engine               - actualHeight: 811.0
11:34:09.841 [FXGL Background Thread 3 ] DEBUG Engine               - actualHeightProperty: ReadOnlyDoubleProperty [value: 811.0]
11:34:09.841 [FXGL Background Thread 3 ] DEBUG Engine               - actualWidth: 786.0
11:34:09.841 [FXGL Background Thread 3 ] DEBUG Engine               - actualWidthProperty: ReadOnlyDoubleProperty [value: 786.0]
11:34:09.841 [FXGL Background Thread 3 ] DEBUG Engine               - appIcon: fxgl_icon.png
11:34:09.841 [FXGL Background Thread 3 ] DEBUG Engine               - applicationMode: DEVELOPER
11:34:09.841 [FXGL Background Thread 3 ] DEBUG Engine               - cSSList: [fxgl_dark.css]
11:34:09.841 [FXGL Background Thread 3 ] DEBUG Engine               - collisionDetectionStrategy: BRUTE_FORCE
11:34:09.842 [FXGL Background Thread 3 ] DEBUG Engine               - configClass: Optional.empty
11:34:09.842 [FXGL Background Thread 3 ] DEBUG Engine               - credits: []
11:34:09.842 [FXGL Background Thread 3 ] DEBUG Engine               - defaultCursor: CursorInfo(imageName=fxgl_default_cursor.png, hotspotX=7.0, hotspotY=6.0)
11:34:09.842 [FXGL Background Thread 3 ] DEBUG Engine               - devBBoxColorProperty: ObjectProperty [value: 0xff0000ff]
11:34:09.842 [FXGL Background Thread 3 ] DEBUG Engine               - devEnableDebugCameraProperty: BooleanProperty [value: false]
11:34:09.842 [FXGL Background Thread 3 ] DEBUG Engine               - devSensorColorProperty: ObjectProperty [value: 0xffff00ff]
11:34:09.842 [FXGL Background Thread 3 ] DEBUG Engine               - devShowBBoxProperty: BooleanProperty [value: false]
11:34:09.842 [FXGL Background Thread 3 ] DEBUG Engine               - devShowPositionProperty: BooleanProperty [value: false]
11:34:09.843 [FXGL Background Thread 3 ] DEBUG Engine               - enabledMenuItems: []
11:34:09.843 [FXGL Background Thread 3 ] DEBUG Engine               - engineServices: [class com.almasb.fxgl.app.services.FXGLAssetLoaderService, class com.almasb.fxgl.app.FXGLApplication$GameApplicationService, class com.almasb.fxgl.app.services.FXGLDialogService, class com.almasb.fxgl.app.services.IOTaskExecutorService, class com.almasb.fxgl.io.FileSystemService, class com.almasb.fxgl.localization.LocalizationService, class com.almasb.fxgl.app.services.SystemBundleService, class com.almasb.fxgl.profile.SaveLoadService, class com.almasb.fxgl.ui.FXGLUIFactoryServiceProvider, class com.almasb.fxgl.ui.FXGLDialogFactoryServiceProvider, class com.almasb.fxgl.audio.AudioPlayer, class com.almasb.fxgl.notification.impl.NotificationServiceProvider, class com.almasb.fxgl.achievement.AchievementService, class com.almasb.fxgl.cutscene.CutsceneService, class com.almasb.fxgl.minigames.MiniGameService, class com.almasb.fxgl.net.NetService, class com.almasb.fxgl.app.services.UpdaterService, class com.almasb.fxgl.dev.DevService]
11:34:09.843 [FXGL Background Thread 3 ] DEBUG Engine               - fontGame: Abel-Regular.ttf
11:34:09.843 [FXGL Background Thread 3 ] DEBUG Engine               - fontMono: lucida_console.ttf
11:34:09.843 [FXGL Background Thread 3 ] DEBUG Engine               - fontText: Courier-Prime.ttf
11:34:09.843 [FXGL Background Thread 3 ] DEBUG Engine               - fontUI: VarelaRound-Regular.ttf
11:34:09.843 [FXGL Background Thread 3 ] DEBUG Engine               - fullScreen: BooleanProperty [value: false]
11:34:09.843 [FXGL Background Thread 3 ] DEBUG Engine               - gameDifficulty: MEDIUM
11:34:09.843 [FXGL Background Thread 3 ] DEBUG Engine               - gameDifficultyProperty: ObjectProperty [value: MEDIUM]
11:34:09.844 [FXGL Background Thread 3 ] DEBUG Engine               - globalMusicVolume: 0.5
11:34:09.844 [FXGL Background Thread 3 ] DEBUG Engine               - globalMusicVolumeProperty: DoubleProperty [value: 0.5]
11:34:09.844 [FXGL Background Thread 3 ] DEBUG Engine               - globalSoundVolume: 0.5
11:34:09.844 [FXGL Background Thread 3 ] DEBUG Engine               - globalSoundVolumeProperty: DoubleProperty [value: 0.5]
11:34:09.844 [FXGL Background Thread 3 ] DEBUG Engine               - height: 3000
11:34:09.844 [FXGL Background Thread 3 ] DEBUG Engine               - is3D: false
11:34:09.844 [FXGL Background Thread 3 ] DEBUG Engine               - isAndroid: false
11:34:09.844 [FXGL Background Thread 3 ] DEBUG Engine               - isBrowser: false
11:34:09.844 [FXGL Background Thread 3 ] DEBUG Engine               - isClickFeedbackEnabled: false
11:34:09.844 [FXGL Background Thread 3 ] DEBUG Engine               - isCloseConfirmation: false
11:34:09.845 [FXGL Background Thread 3 ] DEBUG Engine               - isDesktop: true
11:34:09.845 [FXGL Background Thread 3 ] DEBUG Engine               - isDeveloperMenuEnabled: false
11:34:09.845 [FXGL Background Thread 3 ] DEBUG Engine               - isEntityPreloadEnabled: true
11:34:09.845 [FXGL Background Thread 3 ] DEBUG Engine               - isExperimentalTiledLargeMap: false
11:34:09.845 [FXGL Background Thread 3 ] DEBUG Engine               - isFileSystemWriteAllowed: true
11:34:09.845 [FXGL Background Thread 3 ] DEBUG Engine               - isFullScreenAllowed: false
11:34:09.845 [FXGL Background Thread 3 ] DEBUG Engine               - isFullScreenFromStart: false
11:34:09.845 [FXGL Background Thread 3 ] DEBUG Engine               - isGameMenuEnabled: true
11:34:09.845 [FXGL Background Thread 3 ] DEBUG Engine               - isIOS: false
11:34:09.845 [FXGL Background Thread 3 ] DEBUG Engine               - isIntroEnabled: false
11:34:09.846 [FXGL Background Thread 3 ] DEBUG Engine               - isLinux: false
11:34:09.846 [FXGL Background Thread 3 ] DEBUG Engine               - isMac: true
11:34:09.846 [FXGL Background Thread 3 ] DEBUG Engine               - isMainMenuEnabled: false
11:34:09.846 [FXGL Background Thread 3 ] DEBUG Engine               - isManualResizeEnabled: false
11:34:09.846 [FXGL Background Thread 3 ] DEBUG Engine               - isMobile: false
11:34:09.846 [FXGL Background Thread 3 ] DEBUG Engine               - isNative: false
11:34:09.846 [FXGL Background Thread 3 ] DEBUG Engine               - isPauseMusicWhenMinimized: true
11:34:09.846 [FXGL Background Thread 3 ] DEBUG Engine               - isPreserveResizeRatio: false
11:34:09.846 [FXGL Background Thread 3 ] DEBUG Engine               - isProfilingEnabled: false
11:34:09.846 [FXGL Background Thread 3 ] DEBUG Engine               - isScaleAffectedOnResize: true
11:34:09.847 [FXGL Background Thread 3 ] DEBUG Engine               - isSingleStep: false
11:34:09.847 [FXGL Background Thread 3 ] DEBUG Engine               - isUserProfileEnabled: false
11:34:09.847 [FXGL Background Thread 3 ] DEBUG Engine               - isWindows: false
11:34:09.847 [FXGL Background Thread 3 ] DEBUG Engine               - language: ObjectProperty [value: ENGLISH]
11:34:09.847 [FXGL Background Thread 3 ] DEBUG Engine               - menuKey: ESCAPE
11:34:09.847 [FXGL Background Thread 3 ] DEBUG Engine               - mouseSensitivity: 0.2
11:34:09.847 [FXGL Background Thread 3 ] DEBUG Engine               - notificationViewClass: class com.almasb.fxgl.notification.view.XboxNotificationView
11:34:09.847 [FXGL Background Thread 3 ] DEBUG Engine               - pixelsPerMeter: 50.0
11:34:09.847 [FXGL Background Thread 3 ] DEBUG Engine               - platform: MAC
11:34:09.848 [FXGL Background Thread 3 ] DEBUG Engine               - prefHeightProperty: ReadOnlyDoubleProperty [value: 3000.0]
11:34:09.848 [FXGL Background Thread 3 ] DEBUG Engine               - prefWidthProperty: ReadOnlyDoubleProperty [value: 3000.0]
11:34:09.848 [FXGL Background Thread 3 ] DEBUG Engine               - profileDir: profiles/
11:34:09.848 [FXGL Background Thread 3 ] DEBUG Engine               - profileName: StringProperty [value: DEFAULT]
11:34:09.848 [FXGL Background Thread 3 ] DEBUG Engine               - randomSeed: -1
11:34:09.848 [FXGL Background Thread 3 ] DEBUG Engine               - runtimeInfo: RuntimeInfo(platform=MAC, version=11.17, build=16.07.2021 15.53)
11:34:09.848 [FXGL Background Thread 3 ] DEBUG Engine               - saveFileExt: sav
11:34:09.848 [FXGL Background Thread 3 ] DEBUG Engine               - scaledHeightProp$fxgl: DoubleProperty [bound, value: 811.0]
11:34:09.848 [FXGL Background Thread 3 ] DEBUG Engine               - scaledWidthProp$fxgl: DoubleProperty [bound, value: 786.0]
11:34:09.848 [FXGL Background Thread 3 ] DEBUG Engine               - sceneFactory: com.almasb.fxgl.app.scene.SceneFactory@4d77f29f
11:34:09.849 [FXGL Background Thread 3 ] DEBUG Engine               - secondsIn24h: 60
11:34:09.849 [FXGL Background Thread 3 ] DEBUG Engine               - soundMenuBack: menu/back.wav
11:34:09.849 [FXGL Background Thread 3 ] DEBUG Engine               - soundMenuPress: menu/press.wav
11:34:09.849 [FXGL Background Thread 3 ] DEBUG Engine               - soundMenuSelect: menu/select.wav
11:34:09.849 [FXGL Background Thread 3 ] DEBUG Engine               - soundNotification: core/notification.wav
11:34:09.849 [FXGL Background Thread 3 ] DEBUG Engine               - stageStyle: DECORATED
11:34:09.849 [FXGL Background Thread 3 ] DEBUG Engine               - supportedLanguages: [ENGLISH, FRENCH, GERMAN, HUNGARIAN, RUSSIAN]
11:34:09.849 [FXGL Background Thread 3 ] DEBUG Engine               - ticksPerSecond: -1
11:34:09.849 [FXGL Background Thread 3 ] DEBUG Engine               - title: CellScape
11:34:09.849 [FXGL Background Thread 3 ] DEBUG Engine               - urlGithub: https://github.com/AlmasB/FXGL
11:34:09.849 [FXGL Background Thread 3 ] DEBUG Engine               - urlLeaderboard: http://fxgl-top.herokuapp.com/
11:34:09.850 [FXGL Background Thread 3 ] DEBUG Engine               - urlPOM: https://raw.githubusercontent.com/AlmasB/FXGL/release/README.md
11:34:09.850 [FXGL Background Thread 3 ] DEBUG Engine               - userAppClass: class CellApp
11:34:09.850 [FXGL Background Thread 3 ] DEBUG Engine               - version: 0.0
11:34:09.850 [FXGL Background Thread 3 ] DEBUG Engine               - versionCheckDays: 7
11:34:09.850 [FXGL Background Thread 3 ] DEBUG Engine               - width: 3000
11:34:09.850 [FXGL Background Thread 3 ] DEBUG Engine               - Logging services
11:34:09.850 [FXGL Background Thread 3 ] DEBUG Engine               - class com.almasb.fxgl.app.services.FXGLAssetLoaderService
11:34:09.850 [FXGL Background Thread 3 ] DEBUG Engine               - class com.almasb.fxgl.app.FXGLApplication$GameApplicationService
11:34:09.850 [FXGL Background Thread 3 ] DEBUG Engine               - class com.almasb.fxgl.app.services.FXGLDialogService
11:34:09.850 [FXGL Background Thread 3 ] DEBUG Engine               - class com.almasb.fxgl.app.services.IOTaskExecutorService
11:34:09.850 [FXGL Background Thread 3 ] DEBUG Engine               - class com.almasb.fxgl.io.FileSystemService
11:34:09.851 [FXGL Background Thread 3 ] DEBUG Engine               - class com.almasb.fxgl.localization.LocalizationService
11:34:09.851 [FXGL Background Thread 3 ] DEBUG Engine               - class com.almasb.fxgl.app.services.SystemBundleService
11:34:09.851 [FXGL Background Thread 3 ] DEBUG Engine               - class com.almasb.fxgl.profile.SaveLoadService
11:34:09.851 [FXGL Background Thread 3 ] DEBUG Engine               - class com.almasb.fxgl.ui.FXGLUIFactoryServiceProvider
11:34:09.851 [FXGL Background Thread 3 ] DEBUG Engine               - class com.almasb.fxgl.ui.FXGLDialogFactoryServiceProvider
11:34:09.851 [FXGL Background Thread 3 ] DEBUG Engine               - class com.almasb.fxgl.audio.AudioPlayer
11:34:09.851 [FXGL Background Thread 3 ] DEBUG Engine               - class com.almasb.fxgl.notification.impl.NotificationServiceProvider
11:34:09.851 [FXGL Background Thread 3 ] DEBUG Engine               - class com.almasb.fxgl.achievement.AchievementService
11:34:09.851 [FXGL Background Thread 3 ] DEBUG Engine               - class com.almasb.fxgl.cutscene.CutsceneService
11:34:09.851 [FXGL Background Thread 3 ] DEBUG Engine               - class com.almasb.fxgl.minigames.MiniGameService
11:34:09.852 [FXGL Background Thread 3 ] DEBUG Engine               - class com.almasb.fxgl.net.NetService
11:34:09.852 [FXGL Background Thread 3 ] DEBUG Engine               - class com.almasb.fxgl.app.services.UpdaterService
11:34:09.852 [FXGL Background Thread 3 ] DEBUG Engine               - class com.almasb.fxgl.dev.DevService
11:34:28.524 [JavaFX Application Thread] DEBUG FXGLApplication      - Exiting FXGL
11:34:28.525 [JavaFX Application Thread] DEBUG LoopRunner           - Stopping loop
11:34:28.525 [JavaFX Application Thread] DEBUG SystemBundleService  - Saving FXGL system data
11:34:28.526 [JavaFX Application Thread] DEBUG FileSystemAccess     - Writing to: /Users/phillipdavis/Desktop/procedural-maps/system/fxgl.bundle
11:34:28.528 [JavaFX Application Thread] DEBUG Async                - Shutting down background threads
11:34:28.528 [JavaFX Application Thread] DEBUG PrimaryStageWindow   - Closing main window
11:34:28.543 [JavaFX Application Thread] DEBUG Logger               - Closing Logger
