17:03:08.529 [main                     ] DEBUG Logger               - Configured Logger
17:03:08.547 [main                     ] DEBUG GameApplication      - Logging settings
Title: CellScape
Version: 0.0
Width: 300
Height: 300
Fullscreen: false
Intro: false
Profiling: false
Single step:false
App Mode: DEVELOPER
Menu Key: ESCAPE
Stage Style: DECORATED
Scene Factory: class com.almasb.fxgl.app.scene.SceneFactory

17:03:09.049 [JavaFX Application Thread] DEBUG FXGLApplication      - Initializing FXGL
17:03:09.052 [JavaFX Application Thread] INFO  Engine               - FXGL-11.17 (16.07.2021 15.53) on MAC (J:11.0.12 FX:16)
17:03:09.052 [JavaFX Application Thread] DEBUG Engine               - JRE Vendor Name: Amazon.com Inc.
17:03:09.052 [JavaFX Application Thread] DEBUG Engine               - Running on OS: Mac OS X version 11.5.2
17:03:09.052 [JavaFX Application Thread] DEBUG Engine               - Architecture: x86_64
17:03:09.053 [JavaFX Application Thread] INFO  Engine               - Source code and latest versions at: https://github.com/AlmasB/FXGL
17:03:09.053 [JavaFX Application Thread] INFO  Engine               -              Join the FXGL chat at: https://gitter.im/AlmasB/FXGL
17:03:09.225 [JavaFX Application Thread] DEBUG PrimaryStageWindow   - Creating a JavaFX scene
17:03:09.291 [JavaFX Application Thread] DEBUG PrimaryStageWindow   - Target settings size: 300.0 x 300.0
17:03:09.291 [JavaFX Application Thread] DEBUG PrimaryStageWindow   - Scaled scene size:    300.0 x 300.0
17:03:09.291 [JavaFX Application Thread] DEBUG PrimaryStageWindow   - Scaled ratio: (1.0, 1.0)
17:03:09.293 [JavaFX Application Thread] DEBUG PrimaryStageWindow   - Set initial scene to FXGLStartupScene
17:03:09.301 [JavaFX Application Thread] DEBUG PrimaryStageWindow   - Opening main window
17:03:09.420 [JavaFX Application Thread] DEBUG PrimaryStageWindow   - Window border size: (0.0, 28.0)
17:03:09.420 [JavaFX Application Thread] DEBUG PrimaryStageWindow   - Scaled size: 300.0 x 300.0
17:03:09.420 [JavaFX Application Thread] DEBUG PrimaryStageWindow   - Scaled ratio: (1.0, 1.0)
17:03:09.420 [JavaFX Application Thread] DEBUG PrimaryStageWindow   - Scene size: 300.0 x 300.0
17:03:09.421 [JavaFX Application Thread] DEBUG PrimaryStageWindow   - Stage size: 300.0 x 328.0
17:03:09.428 [FXGL Background Thread 1 ] DEBUG Engine               - Initializing environment variables
17:03:09.496 [FXGL Background Thread 1 ] DEBUG FXGLAssetLoaderServi - User app class for loading assets: class CellApp
17:03:09.496 [FXGL Background Thread 1 ] DEBUG GameApplicationServi - Applying CSS: fxgl_dark.css
17:03:09.502 [FXGL Background Thread 1 ] DEBUG FXGLAssetLoaderServi - Loading from file system: jar:file:/Users/phillipdavis/Desktop/procedural-maps/lib/fxgl-11.17-uber.jar!/fxglassets/ui/css/fxgl_dark.css
17:03:09.659 [FXGL Background Thread 1 ] DEBUG GameApplicationServi - Initializing application scenes
17:03:09.999 [FXGL Background Thread 1 ] DEBUG GameWorld            - Game world initialized
17:03:10.054 [FXGL Background Thread 1 ] DEBUG PhysicsWorld         - Physics world initialized: appHeight=300, physics.ppm=50.0
17:03:10.054 [FXGL Background Thread 1 ] DEBUG PhysicsWorld         - Using strategy: BRUTE_FORCE
17:03:10.057 [FXGL Background Thread 1 ] DEBUG GameScene            - Game scene initialized: 300x300
17:03:10.068 [FXGL Background Thread 1 ] WARN  FXGL.DefaultMenu     - FXGLDefaultMenu is not designed for resolutions < 800x600
17:03:10.068 [FXGL Background Thread 1 ] DEBUG FXGL.DefaultMenu     - createMenuBodyGameMenu()
17:03:10.093 [FXGL Background Thread 1 ] DEBUG FXGL.DefaultMenu     - createOptionsMenu()
17:03:10.103 [FXGL Background Thread 1 ] DEBUG FXGLAssetLoaderServi - Loading from file system: jar:file:/Users/phillipdavis/Desktop/procedural-maps/lib/fxgl-11.17-uber.jar!/fxglassets/textures/particles/smoke.png
17:03:10.221 [FXGL Background Thread 1 ] DEBUG FXGLAssetLoaderServi - Loading from file system: jar:file:/Users/phillipdavis/Desktop/procedural-maps/lib/fxgl-11.17-uber.jar!/fxglassets/textures/particles/trace_horizontal.png
17:03:10.254 [FXGL Background Thread 1 ] DEBUG GameApplicationServi - Application scenes initialized
17:03:10.266 [FXGL Background Thread 1 ] DEBUG SystemBundleService  - Loading FXGL system data
17:03:10.269 [FXGL Background Thread 1 ] DEBUG FileSystemAccess     - Reading from: /Users/phillipdavis/Desktop/procedural-maps/system/fxgl.bundle
17:03:10.276 [FXGL Background Thread 1 ] DEBUG SystemBundleService  - Bundle FXGL: {}
17:03:10.277 [FXGL Background Thread 1 ] DEBUG UpdaterService       - Checking for updates
17:03:10.280 [FXGL Background Thread 4 ] DEBUG FXGLApplication      - Loading fonts
17:03:10.281 [FXGL Background Thread 4 ] DEBUG FXGLAssetLoaderServi - Loading from file system: jar:file:/Users/phillipdavis/Desktop/procedural-maps/lib/fxgl-11.17-uber.jar!/fxglassets/ui/fonts/VarelaRound-Regular.ttf
17:03:10.284 [FXGL Background Thread 1 ] DEBUG FXGLApplication      - Loading default localization
17:03:10.285 [FXGL Background Thread 1 ] DEBUG FXGLAssetLoaderServi - Loading from file system: jar:file:/Users/phillipdavis/Desktop/procedural-maps/lib/fxgl-11.17-uber.jar!/fxglassets/languages/english.lang
17:03:10.302 [FXGL Background Thread 4 ] DEBUG FXGLAssetLoaderServi - Loading from file system: jar:file:/Users/phillipdavis/Desktop/procedural-maps/lib/fxgl-11.17-uber.jar!/fxglassets/ui/fonts/Abel-Regular.ttf
17:03:10.306 [FXGL Background Thread 4 ] DEBUG FXGLAssetLoaderServi - Loading from file system: jar:file:/Users/phillipdavis/Desktop/procedural-maps/lib/fxgl-11.17-uber.jar!/fxglassets/ui/fonts/lucida_console.ttf
17:03:10.311 [FXGL Background Thread 4 ] DEBUG FXGLAssetLoaderServi - Loading from file system: jar:file:/Users/phillipdavis/Desktop/procedural-maps/lib/fxgl-11.17-uber.jar!/fxglassets/ui/fonts/Courier-Prime.ttf
17:03:10.318 [JavaFX Application Thread] DEBUG FXGLApplication      - Registering font factories with UI factory
17:03:10.321 [FXGL Background Thread 1 ] INFO  FXGLApplication      - FXGL initialization took: 0.892 sec
17:03:10.337 [JavaFX Application Thread] DEBUG Input                - Registered new binding: action0 - E
17:03:10.337 [JavaFX Application Thread] DEBUG FXGLAssetLoaderServi - Loading from file system: jar:file:/Users/phillipdavis/Desktop/procedural-maps/lib/fxgl-11.17-uber.jar!/fxglassets/textures/fxgl_icon.png
17:03:10.377 [JavaFX Application Thread] DEBUG FXGLAssetLoaderServi - Loading from file system: jar:file:/Users/phillipdavis/Desktop/procedural-maps/lib/fxgl-11.17-uber.jar!/fxglassets/textures/fxgl_default_cursor.png
17:03:10.379 [JavaFX Application Thread] DEBUG Input                - Registered new binding: Screenshot - CTRL+8
17:03:10.380 [JavaFX Application Thread] DEBUG Input                - Registered new binding: System info dump - CTRL+9
17:03:10.394 [JavaFX Application Thread] DEBUG Input                - Registered new binding: Restart - CTRL+R
17:03:10.395 [JavaFX Application Thread] DEBUG Input                - Registered new binding: Toggle Debug Camera - CTRL+C
17:03:10.397 [JavaFX Application Thread] DEBUG LoopRunner           - Starting loop
17:03:10.398 [JavaFX Application Thread] DEBUG LoopRunner           - Initializing JavaFX AnimationTimerLoop
17:03:10.399 [JavaFX Application Thread] DEBUG GameApplicationServi - Starting new game
17:03:10.399 [JavaFX Application Thread] DEBUG Input                - Clearing active input actions
17:03:10.414 [JavaFX Application Thread] DEBUG GameApplicationServi - Removing overlay from FXGLStartupScene and adding to FXGLLoadingScene
17:03:10.415 [JavaFX Application Thread] DEBUG PrimaryStageWindow   - FXGLStartupScene -> FXGLLoadingScene
17:03:10.415 [JavaFX Application Thread] DEBUG GameApplicationServi - Clearing previous game
17:03:10.415 [JavaFX Application Thread] DEBUG GameScene            - Clearing game scene
17:03:10.415 [JavaFX Application Thread] DEBUG GameWorld            - Clearing game world
17:03:10.415 [JavaFX Application Thread] DEBUG PhysicsWorld         - Clearing physics world
17:03:10.417 [FXGL Background Thread 1 ] DEBUG FXGLApplication      - Initializing game
17:03:10.776 [FXGL Background Thread 1 ] INFO  FXGLApplication      - Game initialization took: 0.354 sec
17:03:10.781 [JavaFX Application Thread] DEBUG Input                - Clearing active input actions
17:03:10.796 [JavaFX Application Thread] DEBUG GameApplicationServi - Removing overlay from FXGLLoadingScene and adding to GameScene
17:03:10.796 [JavaFX Application Thread] DEBUG PrimaryStageWindow   - FXGLLoadingScene -> GameScene
17:03:13.284 [FXGL Background Thread 3 ] DEBUG Engine               - Logging environment variables
17:03:13.285 [FXGL Background Thread 3 ] DEBUG Engine               - achievements: []
17:03:13.286 [FXGL Background Thread 3 ] DEBUG Engine               - actualHeight: 300.0
17:03:13.286 [FXGL Background Thread 3 ] DEBUG Engine               - actualHeightProperty: ReadOnlyDoubleProperty [value: 300.0]
17:03:13.286 [FXGL Background Thread 3 ] DEBUG Engine               - actualWidth: 300.0
17:03:13.286 [FXGL Background Thread 3 ] DEBUG Engine               - actualWidthProperty: ReadOnlyDoubleProperty [value: 300.0]
17:03:13.287 [FXGL Background Thread 3 ] DEBUG Engine               - appIcon: fxgl_icon.png
17:03:13.287 [FXGL Background Thread 3 ] DEBUG Engine               - applicationMode: DEVELOPER
17:03:13.287 [FXGL Background Thread 3 ] DEBUG Engine               - cSSList: [fxgl_dark.css]
17:03:13.287 [FXGL Background Thread 3 ] DEBUG Engine               - collisionDetectionStrategy: BRUTE_FORCE
17:03:13.287 [FXGL Background Thread 3 ] DEBUG Engine               - configClass: Optional.empty
17:03:13.287 [FXGL Background Thread 3 ] DEBUG Engine               - credits: []
17:03:13.288 [FXGL Background Thread 3 ] DEBUG Engine               - defaultCursor: CursorInfo(imageName=fxgl_default_cursor.png, hotspotX=7.0, hotspotY=6.0)
17:03:13.288 [FXGL Background Thread 3 ] DEBUG Engine               - devBBoxColorProperty: ObjectProperty [value: 0xff0000ff]
17:03:13.288 [FXGL Background Thread 3 ] DEBUG Engine               - devEnableDebugCameraProperty: BooleanProperty [value: false]
17:03:13.288 [FXGL Background Thread 3 ] DEBUG Engine               - devSensorColorProperty: ObjectProperty [value: 0xffff00ff]
17:03:13.289 [FXGL Background Thread 3 ] DEBUG Engine               - devShowBBoxProperty: BooleanProperty [value: false]
17:03:13.289 [FXGL Background Thread 3 ] DEBUG Engine               - devShowPositionProperty: BooleanProperty [value: false]
17:03:13.289 [FXGL Background Thread 3 ] DEBUG Engine               - enabledMenuItems: []
17:03:13.289 [FXGL Background Thread 3 ] DEBUG Engine               - engineServices: [class com.almasb.fxgl.app.services.FXGLAssetLoaderService, class com.almasb.fxgl.app.FXGLApplication$GameApplicationService, class com.almasb.fxgl.app.services.FXGLDialogService, class com.almasb.fxgl.app.services.IOTaskExecutorService, class com.almasb.fxgl.io.FileSystemService, class com.almasb.fxgl.localization.LocalizationService, class com.almasb.fxgl.app.services.SystemBundleService, class com.almasb.fxgl.profile.SaveLoadService, class com.almasb.fxgl.ui.FXGLUIFactoryServiceProvider, class com.almasb.fxgl.ui.FXGLDialogFactoryServiceProvider, class com.almasb.fxgl.audio.AudioPlayer, class com.almasb.fxgl.notification.impl.NotificationServiceProvider, class com.almasb.fxgl.achievement.AchievementService, class com.almasb.fxgl.cutscene.CutsceneService, class com.almasb.fxgl.minigames.MiniGameService, class com.almasb.fxgl.net.NetService, class com.almasb.fxgl.app.services.UpdaterService, class com.almasb.fxgl.dev.DevService]
17:03:13.289 [FXGL Background Thread 3 ] DEBUG Engine               - fontGame: Abel-Regular.ttf
17:03:13.290 [FXGL Background Thread 3 ] DEBUG Engine               - fontMono: lucida_console.ttf
17:03:13.290 [FXGL Background Thread 3 ] DEBUG Engine               - fontText: Courier-Prime.ttf
17:03:13.290 [FXGL Background Thread 3 ] DEBUG Engine               - fontUI: VarelaRound-Regular.ttf
17:03:13.290 [FXGL Background Thread 3 ] DEBUG Engine               - fullScreen: BooleanProperty [value: false]
17:03:13.290 [FXGL Background Thread 3 ] DEBUG Engine               - gameDifficulty: MEDIUM
17:03:13.290 [FXGL Background Thread 3 ] DEBUG Engine               - gameDifficultyProperty: ObjectProperty [value: MEDIUM]
17:03:13.290 [FXGL Background Thread 3 ] DEBUG Engine               - globalMusicVolume: 0.5
17:03:13.290 [FXGL Background Thread 3 ] DEBUG Engine               - globalMusicVolumeProperty: DoubleProperty [value: 0.5]
17:03:13.291 [FXGL Background Thread 3 ] DEBUG Engine               - globalSoundVolume: 0.5
17:03:13.291 [FXGL Background Thread 3 ] DEBUG Engine               - globalSoundVolumeProperty: DoubleProperty [value: 0.5]
17:03:13.291 [FXGL Background Thread 3 ] DEBUG Engine               - height: 300
17:03:13.291 [FXGL Background Thread 3 ] DEBUG Engine               - is3D: false
17:03:13.291 [FXGL Background Thread 3 ] DEBUG Engine               - isAndroid: false
17:03:13.291 [FXGL Background Thread 3 ] DEBUG Engine               - isBrowser: false
17:03:13.292 [FXGL Background Thread 3 ] DEBUG Engine               - isClickFeedbackEnabled: false
17:03:13.292 [FXGL Background Thread 3 ] DEBUG Engine               - isCloseConfirmation: false
17:03:13.292 [FXGL Background Thread 3 ] DEBUG Engine               - isDesktop: true
17:03:13.292 [FXGL Background Thread 3 ] DEBUG Engine               - isDeveloperMenuEnabled: false
17:03:13.292 [FXGL Background Thread 3 ] DEBUG Engine               - isEntityPreloadEnabled: true
17:03:13.292 [FXGL Background Thread 3 ] DEBUG Engine               - isExperimentalTiledLargeMap: false
17:03:13.292 [FXGL Background Thread 3 ] DEBUG Engine               - isFileSystemWriteAllowed: true
17:03:13.293 [FXGL Background Thread 3 ] DEBUG Engine               - isFullScreenAllowed: false
17:03:13.293 [FXGL Background Thread 3 ] DEBUG Engine               - isFullScreenFromStart: false
17:03:13.293 [FXGL Background Thread 3 ] DEBUG Engine               - isGameMenuEnabled: true
17:03:13.293 [FXGL Background Thread 3 ] DEBUG Engine               - isIOS: false
17:03:13.293 [FXGL Background Thread 3 ] DEBUG Engine               - isIntroEnabled: false
17:03:13.293 [FXGL Background Thread 3 ] DEBUG Engine               - isLinux: false
17:03:13.294 [FXGL Background Thread 3 ] DEBUG Engine               - isMac: true
17:03:13.294 [FXGL Background Thread 3 ] DEBUG Engine               - isMainMenuEnabled: false
17:03:13.294 [FXGL Background Thread 3 ] DEBUG Engine               - isManualResizeEnabled: false
17:03:13.294 [FXGL Background Thread 3 ] DEBUG Engine               - isMobile: false
17:03:13.294 [FXGL Background Thread 3 ] DEBUG Engine               - isNative: false
17:03:13.294 [FXGL Background Thread 3 ] DEBUG Engine               - isPauseMusicWhenMinimized: true
17:03:13.294 [FXGL Background Thread 3 ] DEBUG Engine               - isPreserveResizeRatio: false
17:03:13.294 [FXGL Background Thread 3 ] DEBUG Engine               - isProfilingEnabled: false
17:03:13.294 [FXGL Background Thread 3 ] DEBUG Engine               - isScaleAffectedOnResize: true
17:03:13.294 [FXGL Background Thread 3 ] DEBUG Engine               - isSingleStep: false
17:03:13.294 [FXGL Background Thread 3 ] DEBUG Engine               - isUserProfileEnabled: false
17:03:13.294 [FXGL Background Thread 3 ] DEBUG Engine               - isWindows: false
17:03:13.294 [FXGL Background Thread 3 ] DEBUG Engine               - language: ObjectProperty [value: ENGLISH]
17:03:13.294 [FXGL Background Thread 3 ] DEBUG Engine               - menuKey: ESCAPE
17:03:13.295 [FXGL Background Thread 3 ] DEBUG Engine               - mouseSensitivity: 0.2
17:03:13.295 [FXGL Background Thread 3 ] DEBUG Engine               - notificationViewClass: class com.almasb.fxgl.notification.view.XboxNotificationView
17:03:13.295 [FXGL Background Thread 3 ] DEBUG Engine               - pixelsPerMeter: 50.0
17:03:13.295 [FXGL Background Thread 3 ] DEBUG Engine               - platform: MAC
17:03:13.295 [FXGL Background Thread 3 ] DEBUG Engine               - prefHeightProperty: ReadOnlyDoubleProperty [value: 300.0]
17:03:13.295 [FXGL Background Thread 3 ] DEBUG Engine               - prefWidthProperty: ReadOnlyDoubleProperty [value: 300.0]
17:03:13.295 [FXGL Background Thread 3 ] DEBUG Engine               - profileDir: profiles/
17:03:13.295 [FXGL Background Thread 3 ] DEBUG Engine               - profileName: StringProperty [value: DEFAULT]
17:03:13.295 [FXGL Background Thread 3 ] DEBUG Engine               - randomSeed: -1
17:03:13.295 [FXGL Background Thread 3 ] DEBUG Engine               - runtimeInfo: RuntimeInfo(platform=MAC, version=11.17, build=16.07.2021 15.53)
17:03:13.295 [FXGL Background Thread 3 ] DEBUG Engine               - saveFileExt: sav
17:03:13.295 [FXGL Background Thread 3 ] DEBUG Engine               - scaledHeightProp$fxgl: DoubleProperty [bound, value: 300.0]
17:03:13.295 [FXGL Background Thread 3 ] DEBUG Engine               - scaledWidthProp$fxgl: DoubleProperty [bound, value: 300.0]
17:03:13.295 [FXGL Background Thread 3 ] DEBUG Engine               - sceneFactory: com.almasb.fxgl.app.scene.SceneFactory@5a36582f
17:03:13.295 [FXGL Background Thread 3 ] DEBUG Engine               - secondsIn24h: 60
17:03:13.296 [FXGL Background Thread 3 ] DEBUG Engine               - soundMenuBack: menu/back.wav
17:03:13.296 [FXGL Background Thread 3 ] DEBUG Engine               - soundMenuPress: menu/press.wav
17:03:13.296 [FXGL Background Thread 3 ] DEBUG Engine               - soundMenuSelect: menu/select.wav
17:03:13.296 [FXGL Background Thread 3 ] DEBUG Engine               - soundNotification: core/notification.wav
17:03:13.296 [FXGL Background Thread 3 ] DEBUG Engine               - stageStyle: DECORATED
17:03:13.296 [FXGL Background Thread 3 ] DEBUG Engine               - supportedLanguages: [ENGLISH, FRENCH, GERMAN, HUNGARIAN, RUSSIAN]
17:03:13.296 [FXGL Background Thread 3 ] DEBUG Engine               - ticksPerSecond: -1
17:03:13.296 [FXGL Background Thread 3 ] DEBUG Engine               - title: CellScape
17:03:13.296 [FXGL Background Thread 3 ] DEBUG Engine               - urlGithub: https://github.com/AlmasB/FXGL
17:03:13.296 [FXGL Background Thread 3 ] DEBUG Engine               - urlLeaderboard: http://fxgl-top.herokuapp.com/
17:03:13.296 [FXGL Background Thread 3 ] DEBUG Engine               - urlPOM: https://raw.githubusercontent.com/AlmasB/FXGL/release/README.md
17:03:13.296 [FXGL Background Thread 3 ] DEBUG Engine               - userAppClass: class CellApp
17:03:13.296 [FXGL Background Thread 3 ] DEBUG Engine               - version: 0.0
17:03:13.296 [FXGL Background Thread 3 ] DEBUG Engine               - versionCheckDays: 7
17:03:13.296 [FXGL Background Thread 3 ] DEBUG Engine               - width: 300
17:03:13.297 [FXGL Background Thread 3 ] DEBUG Engine               - Logging services
17:03:13.297 [FXGL Background Thread 3 ] DEBUG Engine               - class com.almasb.fxgl.app.services.FXGLAssetLoaderService
17:03:13.297 [FXGL Background Thread 3 ] DEBUG Engine               - class com.almasb.fxgl.app.FXGLApplication$GameApplicationService
17:03:13.297 [FXGL Background Thread 3 ] DEBUG Engine               - class com.almasb.fxgl.app.services.FXGLDialogService
17:03:13.297 [FXGL Background Thread 3 ] DEBUG Engine               - class com.almasb.fxgl.app.services.IOTaskExecutorService
17:03:13.297 [FXGL Background Thread 3 ] DEBUG Engine               - class com.almasb.fxgl.io.FileSystemService
17:03:13.297 [FXGL Background Thread 3 ] DEBUG Engine               - class com.almasb.fxgl.localization.LocalizationService
17:03:13.298 [FXGL Background Thread 3 ] DEBUG Engine               - class com.almasb.fxgl.app.services.SystemBundleService
17:03:13.298 [FXGL Background Thread 3 ] DEBUG Engine               - class com.almasb.fxgl.profile.SaveLoadService
17:03:13.298 [FXGL Background Thread 3 ] DEBUG Engine               - class com.almasb.fxgl.ui.FXGLUIFactoryServiceProvider
17:03:13.298 [FXGL Background Thread 3 ] DEBUG Engine               - class com.almasb.fxgl.ui.FXGLDialogFactoryServiceProvider
17:03:13.298 [FXGL Background Thread 3 ] DEBUG Engine               - class com.almasb.fxgl.audio.AudioPlayer
17:03:13.298 [FXGL Background Thread 3 ] DEBUG Engine               - class com.almasb.fxgl.notification.impl.NotificationServiceProvider
17:03:13.298 [FXGL Background Thread 3 ] DEBUG Engine               - class com.almasb.fxgl.achievement.AchievementService
17:03:13.299 [FXGL Background Thread 3 ] DEBUG Engine               - class com.almasb.fxgl.cutscene.CutsceneService
17:03:13.299 [FXGL Background Thread 3 ] DEBUG Engine               - class com.almasb.fxgl.minigames.MiniGameService
17:03:13.299 [FXGL Background Thread 3 ] DEBUG Engine               - class com.almasb.fxgl.net.NetService
17:03:13.299 [FXGL Background Thread 3 ] DEBUG Engine               - class com.almasb.fxgl.app.services.UpdaterService
17:03:13.299 [FXGL Background Thread 3 ] DEBUG Engine               - class com.almasb.fxgl.dev.DevService
17:04:23.824 [JavaFX Application Thread] DEBUG FXGLApplication      - Exiting FXGL
17:04:23.825 [JavaFX Application Thread] DEBUG LoopRunner           - Stopping loop
17:04:23.825 [JavaFX Application Thread] DEBUG SystemBundleService  - Saving FXGL system data
17:04:23.826 [JavaFX Application Thread] DEBUG FileSystemAccess     - Writing to: /Users/phillipdavis/Desktop/procedural-maps/system/fxgl.bundle
17:04:23.828 [JavaFX Application Thread] DEBUG Async                - Shutting down background threads
17:04:23.828 [JavaFX Application Thread] DEBUG PrimaryStageWindow   - Closing main window
17:04:23.835 [JavaFX Application Thread] DEBUG Logger               - Closing Logger
