11:30:23.788 [main                     ] DEBUG Logger               - Configured Logger
11:30:23.806 [main                     ] DEBUG GameApplication      - Logging settings
Title: CellScape
Version: 0.0
Width: 3000
Height: 3000
Fullscreen: false
Intro: false
Profiling: false
Single step:false
App Mode: DEVELOPER
Menu Key: ESCAPE
Stage Style: DECORATED
Scene Factory: class com.almasb.fxgl.app.scene.SceneFactory

11:30:24.259 [JavaFX Application Thread] DEBUG FXGLApplication      - Initializing FXGL
11:30:24.261 [JavaFX Application Thread] INFO  Engine               - FXGL-11.17 (16.07.2021 15.53) on MAC (J:11.0.12 FX:16)
11:30:24.262 [JavaFX Application Thread] DEBUG Engine               - JRE Vendor Name: Amazon.com Inc.
11:30:24.262 [JavaFX Application Thread] DEBUG Engine               - Running on OS: Mac OS X version 11.5.2
11:30:24.262 [JavaFX Application Thread] DEBUG Engine               - Architecture: x86_64
11:30:24.262 [JavaFX Application Thread] INFO  Engine               - Source code and latest versions at: https://github.com/AlmasB/FXGL
11:30:24.263 [JavaFX Application Thread] INFO  Engine               -              Join the FXGL chat at: https://gitter.im/AlmasB/FXGL
11:30:24.404 [JavaFX Application Thread] DEBUG PrimaryStageWindow   - Creating a JavaFX scene
11:30:24.405 [JavaFX Application Thread] DEBUG PrimaryStageWindow   - Target size > screen size
11:30:24.455 [JavaFX Application Thread] DEBUG PrimaryStageWindow   - Target settings size: 3000.0 x 3000.0
11:30:24.455 [JavaFX Application Thread] DEBUG PrimaryStageWindow   - Scaled scene size:    786.0 x 811.0
11:30:24.455 [JavaFX Application Thread] DEBUG PrimaryStageWindow   - Scaled ratio: (0.262, 0.2703333333333333)
11:30:24.456 [JavaFX Application Thread] DEBUG PrimaryStageWindow   - Set initial scene to FXGLStartupScene
11:30:24.463 [JavaFX Application Thread] DEBUG PrimaryStageWindow   - Opening main window
11:30:24.606 [JavaFX Application Thread] DEBUG PrimaryStageWindow   - Window border size: (0.0, 28.0)
11:30:24.606 [JavaFX Application Thread] DEBUG PrimaryStageWindow   - Scaled size: 786.0 x 811.0
11:30:24.606 [JavaFX Application Thread] DEBUG PrimaryStageWindow   - Scaled ratio: (0.262, 0.2703333333333333)
11:30:24.606 [JavaFX Application Thread] DEBUG PrimaryStageWindow   - Scene size: 786.0 x 811.0
11:30:24.606 [JavaFX Application Thread] DEBUG PrimaryStageWindow   - Stage size: 786.0 x 839.0
11:30:24.611 [FXGL Background Thread 1 ] DEBUG Engine               - Initializing environment variables
11:30:24.664 [FXGL Background Thread 1 ] DEBUG FXGLAssetLoaderServi - User app class for loading assets: class CellApp
11:30:24.664 [FXGL Background Thread 1 ] DEBUG GameApplicationServi - Applying CSS: fxgl_dark.css
11:30:24.666 [FXGL Background Thread 1 ] DEBUG FXGLAssetLoaderServi - Loading from file system: jar:file:/Users/phillipdavis/Desktop/procedural-maps/lib/fxgl-11.17-uber.jar!/fxglassets/ui/css/fxgl_dark.css
11:30:24.821 [FXGL Background Thread 1 ] DEBUG GameApplicationServi - Initializing application scenes
11:30:25.147 [FXGL Background Thread 1 ] DEBUG GameWorld            - Game world initialized
11:30:25.207 [FXGL Background Thread 1 ] DEBUG PhysicsWorld         - Physics world initialized: appHeight=3000, physics.ppm=50.0
11:30:25.207 [FXGL Background Thread 1 ] DEBUG PhysicsWorld         - Using strategy: BRUTE_FORCE
11:30:25.210 [FXGL Background Thread 1 ] DEBUG GameScene            - Game scene initialized: 3000x3000
11:30:25.220 [FXGL Background Thread 1 ] DEBUG FXGL.DefaultMenu     - createMenuBodyGameMenu()
11:30:25.237 [FXGL Background Thread 1 ] DEBUG FXGL.DefaultMenu     - createOptionsMenu()
11:30:25.249 [FXGL Background Thread 1 ] DEBUG FXGLAssetLoaderServi - Loading from file system: jar:file:/Users/phillipdavis/Desktop/procedural-maps/lib/fxgl-11.17-uber.jar!/fxglassets/textures/particles/smoke.png
11:30:25.359 [FXGL Background Thread 1 ] DEBUG FXGLAssetLoaderServi - Loading from file system: jar:file:/Users/phillipdavis/Desktop/procedural-maps/lib/fxgl-11.17-uber.jar!/fxglassets/textures/particles/trace_horizontal.png
11:30:25.399 [FXGL Background Thread 1 ] DEBUG GameApplicationServi - Application scenes initialized
11:30:25.414 [FXGL Background Thread 1 ] DEBUG SystemBundleService  - Loading FXGL system data
11:30:25.420 [FXGL Background Thread 1 ] DEBUG FileSystemAccess     - Reading from: /Users/phillipdavis/Desktop/procedural-maps/system/fxgl.bundle
11:30:25.428 [FXGL Background Thread 1 ] DEBUG SystemBundleService  - Bundle FXGL: {}
11:30:25.428 [FXGL Background Thread 1 ] DEBUG UpdaterService       - Checking for updates
11:30:25.437 [FXGL Background Thread 4 ] DEBUG FXGLApplication      - Loading fonts
11:30:25.438 [FXGL Background Thread 4 ] DEBUG FXGLAssetLoaderServi - Loading from file system: jar:file:/Users/phillipdavis/Desktop/procedural-maps/lib/fxgl-11.17-uber.jar!/fxglassets/ui/fonts/VarelaRound-Regular.ttf
11:30:25.438 [FXGL Background Thread 1 ] DEBUG FXGLApplication      - Loading default localization
11:30:25.439 [FXGL Background Thread 1 ] DEBUG FXGLAssetLoaderServi - Loading from file system: jar:file:/Users/phillipdavis/Desktop/procedural-maps/lib/fxgl-11.17-uber.jar!/fxglassets/languages/english.lang
11:30:25.457 [FXGL Background Thread 4 ] DEBUG FXGLAssetLoaderServi - Loading from file system: jar:file:/Users/phillipdavis/Desktop/procedural-maps/lib/fxgl-11.17-uber.jar!/fxglassets/ui/fonts/Abel-Regular.ttf
11:30:25.461 [FXGL Background Thread 4 ] DEBUG FXGLAssetLoaderServi - Loading from file system: jar:file:/Users/phillipdavis/Desktop/procedural-maps/lib/fxgl-11.17-uber.jar!/fxglassets/ui/fonts/lucida_console.ttf
11:30:25.464 [FXGL Background Thread 1 ] INFO  FXGLApplication      - FXGL initialization took: 0.853 sec
11:30:25.465 [FXGL Background Thread 4 ] DEBUG FXGLAssetLoaderServi - Loading from file system: jar:file:/Users/phillipdavis/Desktop/procedural-maps/lib/fxgl-11.17-uber.jar!/fxglassets/ui/fonts/Courier-Prime.ttf
11:30:25.479 [JavaFX Application Thread] DEBUG Input                - Registered new binding: action0 - Enter
11:30:25.480 [JavaFX Application Thread] DEBUG FXGLAssetLoaderServi - Loading from file system: jar:file:/Users/phillipdavis/Desktop/procedural-maps/lib/fxgl-11.17-uber.jar!/fxglassets/textures/fxgl_icon.png
11:30:25.522 [JavaFX Application Thread] DEBUG FXGLAssetLoaderServi - Loading from file system: jar:file:/Users/phillipdavis/Desktop/procedural-maps/lib/fxgl-11.17-uber.jar!/fxglassets/textures/fxgl_default_cursor.png
11:30:25.524 [JavaFX Application Thread] DEBUG Input                - Registered new binding: Screenshot - CTRL+8
11:30:25.525 [JavaFX Application Thread] DEBUG Input                - Registered new binding: System info dump - CTRL+9
11:30:25.525 [JavaFX Application Thread] DEBUG Input                - Registered new binding: Restart - CTRL+R
11:30:25.526 [JavaFX Application Thread] DEBUG Input                - Registered new binding: Toggle Debug Camera - CTRL+C
11:30:25.528 [JavaFX Application Thread] DEBUG LoopRunner           - Starting loop
11:30:25.528 [JavaFX Application Thread] DEBUG LoopRunner           - Initializing JavaFX AnimationTimerLoop
11:30:25.529 [JavaFX Application Thread] DEBUG GameApplicationServi - Starting new game
11:30:25.530 [JavaFX Application Thread] DEBUG Input                - Clearing active input actions
11:30:25.567 [JavaFX Application Thread] DEBUG GameApplicationServi - Removing overlay from FXGLStartupScene and adding to FXGLLoadingScene
11:30:25.567 [JavaFX Application Thread] DEBUG PrimaryStageWindow   - FXGLStartupScene -> FXGLLoadingScene
11:30:25.567 [JavaFX Application Thread] DEBUG GameApplicationServi - Clearing previous game
11:30:25.567 [JavaFX Application Thread] DEBUG GameScene            - Clearing game scene
11:30:25.567 [JavaFX Application Thread] DEBUG GameWorld            - Clearing game world
11:30:25.567 [JavaFX Application Thread] DEBUG PhysicsWorld         - Clearing physics world
11:30:25.569 [FXGL Background Thread 4 ] DEBUG FXGLApplication      - Initializing game
11:30:25.597 [JavaFX Application Thread] DEBUG FXGLApplication      - Registering font factories with UI factory
11:30:27.313 [FXGL Background Thread 4 ] INFO  FXGLApplication      - Game initialization took: 1.745 sec
11:30:27.316 [JavaFX Application Thread] DEBUG Input                - Clearing active input actions
11:30:27.547 [JavaFX Application Thread] DEBUG GameApplicationServi - Removing overlay from FXGLLoadingScene and adding to GameScene
11:30:27.547 [JavaFX Application Thread] DEBUG PrimaryStageWindow   - FXGLLoadingScene -> GameScene
11:30:28.186 [JavaFX Application Thread] DEBUG FXGLApplication      - Exiting FXGL
11:30:28.186 [JavaFX Application Thread] DEBUG LoopRunner           - Stopping loop
11:30:28.187 [JavaFX Application Thread] DEBUG SystemBundleService  - Saving FXGL system data
11:30:28.188 [JavaFX Application Thread] DEBUG FileSystemAccess     - Writing to: /Users/phillipdavis/Desktop/procedural-maps/system/fxgl.bundle
11:30:28.190 [JavaFX Application Thread] DEBUG Async                - Shutting down background threads
11:30:28.191 [JavaFX Application Thread] DEBUG PrimaryStageWindow   - Closing main window
11:30:28.210 [JavaFX Application Thread] DEBUG Logger               - Closing Logger
