10:35:06.862 [main                     ] DEBUG Logger               - Configured Logger
10:35:06.879 [main                     ] DEBUG GameApplication      - Logging settings
Title: CellScape
Version: 0.0
Width: 3000
Height: 3000
Fullscreen: false
Intro: false
Profiling: false
Single step:false
App Mode: DEVELOPER
Menu Key: ESCAPE
Stage Style: DECORATED
Scene Factory: class com.almasb.fxgl.app.scene.SceneFactory

10:35:07.342 [JavaFX Application Thread] DEBUG FXGLApplication      - Initializing FXGL
10:35:07.347 [JavaFX Application Thread] INFO  Engine               - FXGL-11.17 (16.07.2021 15.53) on MAC (J:11.0.12 FX:16)
10:35:07.348 [JavaFX Application Thread] DEBUG Engine               - JRE Vendor Name: Amazon.com Inc.
10:35:07.348 [JavaFX Application Thread] DEBUG Engine               - Running on OS: Mac OS X version 11.5.2
10:35:07.348 [JavaFX Application Thread] DEBUG Engine               - Architecture: x86_64
10:35:07.348 [JavaFX Application Thread] INFO  Engine               - Source code and latest versions at: https://github.com/AlmasB/FXGL
10:35:07.349 [JavaFX Application Thread] INFO  Engine               -              Join the FXGL chat at: https://gitter.im/AlmasB/FXGL
10:35:07.515 [JavaFX Application Thread] DEBUG PrimaryStageWindow   - Creating a JavaFX scene
10:35:07.515 [JavaFX Application Thread] DEBUG PrimaryStageWindow   - Target size > screen size
10:35:07.573 [JavaFX Application Thread] DEBUG PrimaryStageWindow   - Target settings size: 3000.0 x 3000.0
10:35:07.573 [JavaFX Application Thread] DEBUG PrimaryStageWindow   - Scaled scene size:    786.0 x 811.0
10:35:07.573 [JavaFX Application Thread] DEBUG PrimaryStageWindow   - Scaled ratio: (0.262, 0.2703333333333333)
10:35:07.575 [JavaFX Application Thread] DEBUG PrimaryStageWindow   - Set initial scene to FXGLStartupScene
10:35:07.583 [JavaFX Application Thread] DEBUG PrimaryStageWindow   - Opening main window
10:35:07.756 [JavaFX Application Thread] DEBUG PrimaryStageWindow   - Window border size: (0.0, 28.0)
10:35:07.756 [JavaFX Application Thread] DEBUG PrimaryStageWindow   - Scaled size: 786.0 x 811.0
10:35:07.756 [JavaFX Application Thread] DEBUG PrimaryStageWindow   - Scaled ratio: (0.262, 0.2703333333333333)
10:35:07.757 [JavaFX Application Thread] DEBUG PrimaryStageWindow   - Scene size: 786.0 x 811.0
10:35:07.757 [JavaFX Application Thread] DEBUG PrimaryStageWindow   - Stage size: 786.0 x 839.0
10:35:07.763 [FXGL Background Thread 1 ] DEBUG Engine               - Initializing environment variables
10:35:07.856 [FXGL Background Thread 1 ] DEBUG FXGLAssetLoaderServi - User app class for loading assets: class CellApp
10:35:07.856 [FXGL Background Thread 1 ] DEBUG GameApplicationServi - Applying CSS: fxgl_dark.css
10:35:07.858 [FXGL Background Thread 1 ] DEBUG FXGLAssetLoaderServi - Loading from file system: jar:file:/Users/phillipdavis/Desktop/procedural-maps/lib/fxgl-11.17-uber.jar!/fxglassets/ui/css/fxgl_dark.css
10:35:08.136 [FXGL Background Thread 1 ] DEBUG GameApplicationServi - Initializing application scenes
10:35:08.435 [FXGL Background Thread 1 ] DEBUG GameWorld            - Game world initialized
10:35:08.479 [FXGL Background Thread 1 ] DEBUG PhysicsWorld         - Physics world initialized: appHeight=3000, physics.ppm=50.0
10:35:08.480 [FXGL Background Thread 1 ] DEBUG PhysicsWorld         - Using strategy: BRUTE_FORCE
10:35:08.481 [FXGL Background Thread 1 ] DEBUG GameScene            - Game scene initialized: 3000x3000
10:35:08.490 [FXGL Background Thread 1 ] DEBUG FXGL.DefaultMenu     - createMenuBodyGameMenu()
10:35:08.505 [FXGL Background Thread 1 ] DEBUG FXGL.DefaultMenu     - createOptionsMenu()
10:35:08.514 [FXGL Background Thread 1 ] DEBUG FXGLAssetLoaderServi - Loading from file system: jar:file:/Users/phillipdavis/Desktop/procedural-maps/lib/fxgl-11.17-uber.jar!/fxglassets/textures/particles/smoke.png
10:35:08.638 [FXGL Background Thread 1 ] DEBUG FXGLAssetLoaderServi - Loading from file system: jar:file:/Users/phillipdavis/Desktop/procedural-maps/lib/fxgl-11.17-uber.jar!/fxglassets/textures/particles/trace_horizontal.png
10:35:08.666 [FXGL Background Thread 1 ] DEBUG GameApplicationServi - Application scenes initialized
10:35:08.676 [FXGL Background Thread 1 ] DEBUG SystemBundleService  - Loading FXGL system data
10:35:08.679 [FXGL Background Thread 1 ] DEBUG FileSystemAccess     - Reading from: /Users/phillipdavis/Desktop/procedural-maps/system/fxgl.bundle
10:35:08.685 [FXGL Background Thread 1 ] DEBUG SystemBundleService  - Bundle FXGL: {}
10:35:08.685 [FXGL Background Thread 1 ] DEBUG UpdaterService       - Checking for updates
10:35:08.695 [FXGL Background Thread 1 ] DEBUG FXGLApplication      - Loading default localization
10:35:08.696 [FXGL Background Thread 1 ] DEBUG FXGLAssetLoaderServi - Loading from file system: jar:file:/Users/phillipdavis/Desktop/procedural-maps/lib/fxgl-11.17-uber.jar!/fxglassets/languages/english.lang
10:35:08.697 [FXGL Background Thread 4 ] DEBUG FXGLApplication      - Loading fonts
10:35:08.697 [FXGL Background Thread 4 ] DEBUG FXGLAssetLoaderServi - Loading from file system: jar:file:/Users/phillipdavis/Desktop/procedural-maps/lib/fxgl-11.17-uber.jar!/fxglassets/ui/fonts/VarelaRound-Regular.ttf
10:35:08.712 [FXGL Background Thread 1 ] INFO  FXGLApplication      - FXGL initialization took: 0.948 sec
10:35:08.714 [JavaFX Application Thread] DEBUG FXGLAssetLoaderServi - Loading from file system: jar:file:/Users/phillipdavis/Desktop/procedural-maps/lib/fxgl-11.17-uber.jar!/fxglassets/textures/fxgl_icon.png
10:35:08.735 [FXGL Background Thread 4 ] DEBUG FXGLAssetLoaderServi - Loading from file system: jar:file:/Users/phillipdavis/Desktop/procedural-maps/lib/fxgl-11.17-uber.jar!/fxglassets/ui/fonts/Abel-Regular.ttf
10:35:08.750 [FXGL Background Thread 4 ] DEBUG FXGLAssetLoaderServi - Loading from file system: jar:file:/Users/phillipdavis/Desktop/procedural-maps/lib/fxgl-11.17-uber.jar!/fxglassets/ui/fonts/lucida_console.ttf
10:35:08.761 [FXGL Background Thread 4 ] DEBUG FXGLAssetLoaderServi - Loading from file system: jar:file:/Users/phillipdavis/Desktop/procedural-maps/lib/fxgl-11.17-uber.jar!/fxglassets/ui/fonts/Courier-Prime.ttf
10:35:08.769 [JavaFX Application Thread] DEBUG FXGLAssetLoaderServi - Loading from file system: jar:file:/Users/phillipdavis/Desktop/procedural-maps/lib/fxgl-11.17-uber.jar!/fxglassets/textures/fxgl_default_cursor.png
10:35:08.788 [JavaFX Application Thread] DEBUG Input                - Registered new binding: Screenshot - CTRL+8
10:35:08.789 [JavaFX Application Thread] DEBUG Input                - Registered new binding: System info dump - CTRL+9
10:35:08.789 [JavaFX Application Thread] DEBUG Input                - Registered new binding: Restart - CTRL+R
10:35:08.790 [JavaFX Application Thread] DEBUG Input                - Registered new binding: Toggle Debug Camera - CTRL+C
10:35:08.792 [JavaFX Application Thread] DEBUG LoopRunner           - Starting loop
10:35:08.792 [JavaFX Application Thread] DEBUG LoopRunner           - Initializing JavaFX AnimationTimerLoop
10:35:08.793 [JavaFX Application Thread] DEBUG GameApplicationServi - Starting new game
10:35:08.794 [JavaFX Application Thread] DEBUG Input                - Clearing active input actions
10:35:08.807 [JavaFX Application Thread] DEBUG GameApplicationServi - Removing overlay from FXGLStartupScene and adding to FXGLLoadingScene
10:35:08.808 [JavaFX Application Thread] DEBUG PrimaryStageWindow   - FXGLStartupScene -> FXGLLoadingScene
10:35:08.808 [JavaFX Application Thread] DEBUG GameApplicationServi - Clearing previous game
10:35:08.808 [JavaFX Application Thread] DEBUG GameScene            - Clearing game scene
10:35:08.808 [JavaFX Application Thread] DEBUG GameWorld            - Clearing game world
10:35:08.808 [JavaFX Application Thread] DEBUG PhysicsWorld         - Clearing physics world
10:35:08.809 [FXGL Background Thread 4 ] DEBUG FXGLApplication      - Initializing game
10:35:08.837 [JavaFX Application Thread] DEBUG FXGLApplication      - Registering font factories with UI factory
10:35:10.622 [FXGL Background Thread 4 ] INFO  FXGLApplication      - Game initialization took: 1.812 sec
10:35:10.627 [JavaFX Application Thread] DEBUG Input                - Clearing active input actions
10:35:10.917 [JavaFX Application Thread] DEBUG GameApplicationServi - Removing overlay from FXGLLoadingScene and adding to GameScene
10:35:10.918 [JavaFX Application Thread] DEBUG PrimaryStageWindow   - FXGLLoadingScene -> GameScene
10:35:11.690 [FXGL Background Thread 3 ] DEBUG Engine               - Logging environment variables
10:35:11.691 [FXGL Background Thread 3 ] DEBUG Engine               - achievements: []
10:35:11.691 [FXGL Background Thread 3 ] DEBUG Engine               - actualHeight: 811.0
10:35:11.691 [FXGL Background Thread 3 ] DEBUG Engine               - actualHeightProperty: ReadOnlyDoubleProperty [value: 811.0]
10:35:11.692 [FXGL Background Thread 3 ] DEBUG Engine               - actualWidth: 786.0
10:35:11.692 [FXGL Background Thread 3 ] DEBUG Engine               - actualWidthProperty: ReadOnlyDoubleProperty [value: 786.0]
10:35:11.692 [FXGL Background Thread 3 ] DEBUG Engine               - appIcon: fxgl_icon.png
10:35:11.692 [FXGL Background Thread 3 ] DEBUG Engine               - applicationMode: DEVELOPER
10:35:11.692 [FXGL Background Thread 3 ] DEBUG Engine               - cSSList: [fxgl_dark.css]
10:35:11.692 [FXGL Background Thread 3 ] DEBUG Engine               - collisionDetectionStrategy: BRUTE_FORCE
10:35:11.692 [FXGL Background Thread 3 ] DEBUG Engine               - configClass: Optional.empty
10:35:11.692 [FXGL Background Thread 3 ] DEBUG Engine               - credits: []
10:35:11.693 [FXGL Background Thread 3 ] DEBUG Engine               - defaultCursor: CursorInfo(imageName=fxgl_default_cursor.png, hotspotX=7.0, hotspotY=6.0)
10:35:11.693 [FXGL Background Thread 3 ] DEBUG Engine               - devBBoxColorProperty: ObjectProperty [value: 0xff0000ff]
10:35:11.693 [FXGL Background Thread 3 ] DEBUG Engine               - devEnableDebugCameraProperty: BooleanProperty [value: false]
10:35:11.693 [FXGL Background Thread 3 ] DEBUG Engine               - devSensorColorProperty: ObjectProperty [value: 0xffff00ff]
10:35:11.693 [FXGL Background Thread 3 ] DEBUG Engine               - devShowBBoxProperty: BooleanProperty [value: false]
10:35:11.693 [FXGL Background Thread 3 ] DEBUG Engine               - devShowPositionProperty: BooleanProperty [value: false]
10:35:11.697 [FXGL Background Thread 3 ] DEBUG Engine               - enabledMenuItems: []
10:35:11.697 [FXGL Background Thread 3 ] DEBUG Engine               - engineServices: [class com.almasb.fxgl.app.services.FXGLAssetLoaderService, class com.almasb.fxgl.app.FXGLApplication$GameApplicationService, class com.almasb.fxgl.app.services.FXGLDialogService, class com.almasb.fxgl.app.services.IOTaskExecutorService, class com.almasb.fxgl.io.FileSystemService, class com.almasb.fxgl.localization.LocalizationService, class com.almasb.fxgl.app.services.SystemBundleService, class com.almasb.fxgl.profile.SaveLoadService, class com.almasb.fxgl.ui.FXGLUIFactoryServiceProvider, class com.almasb.fxgl.ui.FXGLDialogFactoryServiceProvider, class com.almasb.fxgl.audio.AudioPlayer, class com.almasb.fxgl.notification.impl.NotificationServiceProvider, class com.almasb.fxgl.achievement.AchievementService, class com.almasb.fxgl.cutscene.CutsceneService, class com.almasb.fxgl.minigames.MiniGameService, class com.almasb.fxgl.net.NetService, class com.almasb.fxgl.app.services.UpdaterService, class com.almasb.fxgl.dev.DevService]
10:35:11.697 [FXGL Background Thread 3 ] DEBUG Engine               - fontGame: Abel-Regular.ttf
10:35:11.697 [FXGL Background Thread 3 ] DEBUG Engine               - fontMono: lucida_console.ttf
10:35:11.697 [FXGL Background Thread 3 ] DEBUG Engine               - fontText: Courier-Prime.ttf
10:35:11.698 [FXGL Background Thread 3 ] DEBUG Engine               - fontUI: VarelaRound-Regular.ttf
10:35:11.698 [FXGL Background Thread 3 ] DEBUG Engine               - fullScreen: BooleanProperty [value: false]
10:35:11.698 [FXGL Background Thread 3 ] DEBUG Engine               - gameDifficulty: MEDIUM
10:35:11.698 [FXGL Background Thread 3 ] DEBUG Engine               - gameDifficultyProperty: ObjectProperty [value: MEDIUM]
10:35:11.698 [FXGL Background Thread 3 ] DEBUG Engine               - globalMusicVolume: 0.5
10:35:11.698 [FXGL Background Thread 3 ] DEBUG Engine               - globalMusicVolumeProperty: DoubleProperty [value: 0.5]
10:35:11.698 [FXGL Background Thread 3 ] DEBUG Engine               - globalSoundVolume: 0.5
10:35:11.698 [FXGL Background Thread 3 ] DEBUG Engine               - globalSoundVolumeProperty: DoubleProperty [value: 0.5]
10:35:11.698 [FXGL Background Thread 3 ] DEBUG Engine               - height: 3000
10:35:11.699 [FXGL Background Thread 3 ] DEBUG Engine               - is3D: false
10:35:11.699 [FXGL Background Thread 3 ] DEBUG Engine               - isAndroid: false
10:35:11.699 [FXGL Background Thread 3 ] DEBUG Engine               - isBrowser: false
10:35:11.699 [FXGL Background Thread 3 ] DEBUG Engine               - isClickFeedbackEnabled: false
10:35:11.699 [FXGL Background Thread 3 ] DEBUG Engine               - isCloseConfirmation: false
10:35:11.699 [FXGL Background Thread 3 ] DEBUG Engine               - isDesktop: true
10:35:11.699 [FXGL Background Thread 3 ] DEBUG Engine               - isDeveloperMenuEnabled: false
10:35:11.699 [FXGL Background Thread 3 ] DEBUG Engine               - isEntityPreloadEnabled: true
10:35:11.699 [FXGL Background Thread 3 ] DEBUG Engine               - isExperimentalTiledLargeMap: false
10:35:11.699 [FXGL Background Thread 3 ] DEBUG Engine               - isFileSystemWriteAllowed: true
10:35:11.699 [FXGL Background Thread 3 ] DEBUG Engine               - isFullScreenAllowed: false
10:35:11.699 [FXGL Background Thread 3 ] DEBUG Engine               - isFullScreenFromStart: false
10:35:11.699 [FXGL Background Thread 3 ] DEBUG Engine               - isGameMenuEnabled: true
10:35:11.700 [FXGL Background Thread 3 ] DEBUG Engine               - isIOS: false
10:35:11.700 [FXGL Background Thread 3 ] DEBUG Engine               - isIntroEnabled: false
10:35:11.700 [FXGL Background Thread 3 ] DEBUG Engine               - isLinux: false
10:35:11.700 [FXGL Background Thread 3 ] DEBUG Engine               - isMac: true
10:35:11.700 [FXGL Background Thread 3 ] DEBUG Engine               - isMainMenuEnabled: false
10:35:11.700 [FXGL Background Thread 3 ] DEBUG Engine               - isManualResizeEnabled: false
10:35:11.700 [FXGL Background Thread 3 ] DEBUG Engine               - isMobile: false
10:35:11.700 [FXGL Background Thread 3 ] DEBUG Engine               - isNative: false
10:35:11.700 [FXGL Background Thread 3 ] DEBUG Engine               - isPauseMusicWhenMinimized: true
10:35:11.700 [FXGL Background Thread 3 ] DEBUG Engine               - isPreserveResizeRatio: false
10:35:11.700 [FXGL Background Thread 3 ] DEBUG Engine               - isProfilingEnabled: false
10:35:11.700 [FXGL Background Thread 3 ] DEBUG Engine               - isScaleAffectedOnResize: true
10:35:11.701 [FXGL Background Thread 3 ] DEBUG Engine               - isSingleStep: false
10:35:11.701 [FXGL Background Thread 3 ] DEBUG Engine               - isUserProfileEnabled: false
10:35:11.702 [FXGL Background Thread 3 ] DEBUG Engine               - isWindows: false
10:35:11.702 [FXGL Background Thread 3 ] DEBUG Engine               - language: ObjectProperty [value: ENGLISH]
10:35:11.702 [FXGL Background Thread 3 ] DEBUG Engine               - menuKey: ESCAPE
10:35:11.702 [FXGL Background Thread 3 ] DEBUG Engine               - mouseSensitivity: 0.2
10:35:11.702 [FXGL Background Thread 3 ] DEBUG Engine               - notificationViewClass: class com.almasb.fxgl.notification.view.XboxNotificationView
10:35:11.702 [FXGL Background Thread 3 ] DEBUG Engine               - pixelsPerMeter: 50.0
10:35:11.702 [FXGL Background Thread 3 ] DEBUG Engine               - platform: MAC
10:35:11.703 [FXGL Background Thread 3 ] DEBUG Engine               - prefHeightProperty: ReadOnlyDoubleProperty [value: 3000.0]
10:35:11.703 [FXGL Background Thread 3 ] DEBUG Engine               - prefWidthProperty: ReadOnlyDoubleProperty [value: 3000.0]
10:35:11.703 [FXGL Background Thread 3 ] DEBUG Engine               - profileDir: profiles/
10:35:11.703 [FXGL Background Thread 3 ] DEBUG Engine               - profileName: StringProperty [value: DEFAULT]
10:35:11.703 [FXGL Background Thread 3 ] DEBUG Engine               - randomSeed: -1
10:35:11.703 [FXGL Background Thread 3 ] DEBUG Engine               - runtimeInfo: RuntimeInfo(platform=MAC, version=11.17, build=16.07.2021 15.53)
10:35:11.703 [FXGL Background Thread 3 ] DEBUG Engine               - saveFileExt: sav
10:35:11.703 [FXGL Background Thread 3 ] DEBUG Engine               - scaledHeightProp$fxgl: DoubleProperty [bound, value: 811.0]
10:35:11.703 [FXGL Background Thread 3 ] DEBUG Engine               - scaledWidthProp$fxgl: DoubleProperty [bound, value: 786.0]
10:35:11.703 [FXGL Background Thread 3 ] DEBUG Engine               - sceneFactory: com.almasb.fxgl.app.scene.SceneFactory@4790e242
10:35:11.703 [FXGL Background Thread 3 ] DEBUG Engine               - secondsIn24h: 60
10:35:11.703 [FXGL Background Thread 3 ] DEBUG Engine               - soundMenuBack: menu/back.wav
10:35:11.704 [FXGL Background Thread 3 ] DEBUG Engine               - soundMenuPress: menu/press.wav
10:35:11.704 [FXGL Background Thread 3 ] DEBUG Engine               - soundMenuSelect: menu/select.wav
10:35:11.704 [FXGL Background Thread 3 ] DEBUG Engine               - soundNotification: core/notification.wav
10:35:11.704 [FXGL Background Thread 3 ] DEBUG Engine               - stageStyle: DECORATED
10:35:11.704 [FXGL Background Thread 3 ] DEBUG Engine               - supportedLanguages: [ENGLISH, FRENCH, GERMAN, HUNGARIAN, RUSSIAN]
10:35:11.704 [FXGL Background Thread 3 ] DEBUG Engine               - ticksPerSecond: -1
10:35:11.704 [FXGL Background Thread 3 ] DEBUG Engine               - title: CellScape
10:35:11.704 [FXGL Background Thread 3 ] DEBUG Engine               - urlGithub: https://github.com/AlmasB/FXGL
10:35:11.704 [FXGL Background Thread 3 ] DEBUG Engine               - urlLeaderboard: http://fxgl-top.herokuapp.com/
10:35:11.704 [FXGL Background Thread 3 ] DEBUG Engine               - urlPOM: https://raw.githubusercontent.com/AlmasB/FXGL/release/README.md
10:35:11.704 [FXGL Background Thread 3 ] DEBUG Engine               - userAppClass: class CellApp
10:35:11.704 [FXGL Background Thread 3 ] DEBUG Engine               - version: 0.0
10:35:11.705 [FXGL Background Thread 3 ] DEBUG Engine               - versionCheckDays: 7
10:35:11.705 [FXGL Background Thread 3 ] DEBUG Engine               - width: 3000
10:35:11.705 [FXGL Background Thread 3 ] DEBUG Engine               - Logging services
10:35:11.705 [FXGL Background Thread 3 ] DEBUG Engine               - class com.almasb.fxgl.app.services.FXGLAssetLoaderService
10:35:11.705 [FXGL Background Thread 3 ] DEBUG Engine               - class com.almasb.fxgl.app.FXGLApplication$GameApplicationService
10:35:11.705 [FXGL Background Thread 3 ] DEBUG Engine               - class com.almasb.fxgl.app.services.FXGLDialogService
10:35:11.705 [FXGL Background Thread 3 ] DEBUG Engine               - class com.almasb.fxgl.app.services.IOTaskExecutorService
10:35:11.705 [FXGL Background Thread 3 ] DEBUG Engine               - class com.almasb.fxgl.io.FileSystemService
10:35:11.705 [FXGL Background Thread 3 ] DEBUG Engine               - class com.almasb.fxgl.localization.LocalizationService
10:35:11.705 [FXGL Background Thread 3 ] DEBUG Engine               - class com.almasb.fxgl.app.services.SystemBundleService
10:35:11.705 [FXGL Background Thread 3 ] DEBUG Engine               - class com.almasb.fxgl.profile.SaveLoadService
10:35:11.705 [FXGL Background Thread 3 ] DEBUG Engine               - class com.almasb.fxgl.ui.FXGLUIFactoryServiceProvider
10:35:11.706 [FXGL Background Thread 3 ] DEBUG Engine               - class com.almasb.fxgl.ui.FXGLDialogFactoryServiceProvider
10:35:11.706 [FXGL Background Thread 3 ] DEBUG Engine               - class com.almasb.fxgl.audio.AudioPlayer
10:35:11.706 [FXGL Background Thread 3 ] DEBUG Engine               - class com.almasb.fxgl.notification.impl.NotificationServiceProvider
10:35:11.706 [FXGL Background Thread 3 ] DEBUG Engine               - class com.almasb.fxgl.achievement.AchievementService
10:35:11.706 [FXGL Background Thread 3 ] DEBUG Engine               - class com.almasb.fxgl.cutscene.CutsceneService
10:35:11.706 [FXGL Background Thread 3 ] DEBUG Engine               - class com.almasb.fxgl.minigames.MiniGameService
10:35:11.706 [FXGL Background Thread 3 ] DEBUG Engine               - class com.almasb.fxgl.net.NetService
10:35:11.706 [FXGL Background Thread 3 ] DEBUG Engine               - class com.almasb.fxgl.app.services.UpdaterService
10:35:11.706 [FXGL Background Thread 3 ] DEBUG Engine               - class com.almasb.fxgl.dev.DevService
10:36:03.098 [JavaFX Application Thread] DEBUG FXGLApplication      - Exiting FXGL
10:36:03.099 [JavaFX Application Thread] DEBUG LoopRunner           - Stopping loop
10:36:03.099 [JavaFX Application Thread] DEBUG SystemBundleService  - Saving FXGL system data
10:36:03.100 [JavaFX Application Thread] DEBUG FileSystemAccess     - Writing to: /Users/phillipdavis/Desktop/procedural-maps/system/fxgl.bundle
10:36:03.102 [JavaFX Application Thread] DEBUG Async                - Shutting down background threads
10:36:03.103 [JavaFX Application Thread] DEBUG PrimaryStageWindow   - Closing main window
10:36:03.136 [JavaFX Application Thread] DEBUG Logger               - Closing Logger
